2018-08-29 18:38:43 

solutionIds：['17355', '17376']
2018-08-29 18:38:43 dnaSolutionIds：['14194', '13536']
2018-08-29 18:38:43 开始时间：2018-08-29 18:38:43
2018-08-29 18:38:44 

========================= solutionId:17355 =========================
2018-08-29 18:38:44 >>>>>>>>步骤：点击产品方案
2018-08-29 18:38:46 >>>>>>>>步骤：开始检查solutionId是否存在....
2018-08-29 18:38:50 方案id存在了！！！！！！！！！！！
2018-08-29 18:38:54 输入框输入dnaId及点击搜索完成
2018-08-29 18:38:58 solutionId存在
2018-08-29 18:38:58 >>>>>>>>步骤：下载或者打开产品方案....
2018-08-29 18:38:59 首页已存在下载好的方案，开始打开方案....
2018-08-29 18:39:00 打开方案未完成，还在打开中.....
2018-08-29 18:39:02 打开方案完成.....
2018-08-29 18:39:02 >>>>>>>>步骤：进入dna方案
2018-08-29 18:39:03 >>>>>>>>步骤：点击DNA
2018-08-29 18:39:04 点击DNA结束
2018-08-29 18:39:04 >>>>>>>>步骤：下拉框选择方案Id
2018-08-29 18:39:04 页面显示方案名称，开始选择方案id
2018-08-29 18:39:06 
------------------------------ solutionId:17355, dna_id:14194 ------------------------------
2018-08-29 18:39:08 输入框输入dnaId及点击搜索完成
2018-08-29 18:39:12 >>>>1
2018-08-29 18:39:12 >>>>>>>>步骤：打开DNA方案...
2018-08-29 18:39:12 >>>>2
2018-08-29 18:39:12 存在DNA方案...
2018-08-29 18:39:15 >>>>3
2018-08-29 18:39:15 打开DNA方案未完成，重新打开DNA方案...
2018-08-29 18:39:17 >>>>3
2018-08-29 18:39:17 打开DNA方案完成！
2018-08-29 18:39:17 >>>>>>>>步骤：清空房屋...
2018-08-29 18:39:17 点击清空...
2018-08-29 18:39:19 确定清空！
2018-08-29 18:39:22 >>>>>>>>步骤：全屋自动布局.....
2018-08-29 18:39:23 没有全屋自动布局按钮，请检查.....
2018-08-29 18:39:24 存在全屋自动布局按钮.....
2018-08-29 18:39:35 >>>>>>>>步骤：返回DNA首页.....
2018-08-29 18:39:41 返回DNA首页完成.....
2018-08-29 18:39:41 总共执行了：1 次
2018-08-29 18:39:41 
------------------------------ solutionId:17355, dna_id:13536 ------------------------------
2018-08-29 18:39:42 输入框输入dnaId及点击搜索完成
2018-08-29 18:39:43 >>>>1
2018-08-29 18:39:43 >>>>>>>>步骤：打开DNA方案...
2018-08-29 18:39:43 >>>>2
2018-08-29 18:39:43 存在DNA方案...
2018-08-29 18:39:45 >>>>3
2018-08-29 18:39:45 打开DNA方案未完成，重新打开DNA方案...
2018-08-29 18:39:48 >>>>3
2018-08-29 18:39:48 打开DNA方案未完成，重新打开DNA方案...
2018-08-29 18:39:51 >>>>3
2018-08-29 18:39:51 打开DNA方案未完成，重新打开DNA方案...
2018-08-29 18:39:54 >>>>3
2018-08-29 18:39:54 打开DNA方案未完成，重新打开DNA方案...
2018-08-29 18:39:57 >>>>3
2018-08-29 18:39:57 打开DNA方案未完成，重新打开DNA方案...
2018-08-29 18:40:00 >>>>3
2018-08-29 18:40:00 打开DNA方案未完成，重新打开DNA方案...
2018-08-29 18:44:05 

solutionIds：['17355', '17376']
2018-08-29 18:44:05 dnaSolutionIds：['14194', '13536']
2018-08-29 18:44:05 开始时间：2018-08-29 18:44:05
2018-08-29 18:44:06 

========================= solutionId:17355 =========================
2018-08-29 18:44:06 >>>>>>>>步骤：点击产品方案
2018-08-29 18:44:08 >>>>>>>>步骤：开始检查solutionId是否存在....
2018-08-29 18:44:11 方案id存在了！！！！！！！！！！！
2018-08-29 18:44:15 输入框输入dnaId及点击搜索完成
2018-08-29 18:44:19 solutionId存在
2018-08-29 18:44:19 >>>>>>>>步骤：下载或者打开产品方案....
2018-08-29 18:44:21 首页已存在下载好的方案，开始打开方案....
2018-08-29 18:44:21 打开方案未完成，还在打开中.....
2018-08-29 18:44:24 打开方案完成.....
2018-08-29 18:44:24 >>>>>>>>步骤：进入dna方案
2018-08-29 18:44:25 >>>>>>>>步骤：点击DNA
2018-08-29 18:44:26 点击DNA结束
2018-08-29 18:44:26 >>>>>>>>步骤：下拉框选择方案Id
2018-08-29 18:44:26 页面显示方案名称，开始选择方案id
2018-08-29 18:44:28 
------------------------------ solutionId:17355, dna_id:14194 ------------------------------
2018-08-29 18:44:30 输入框输入dnaId及点击搜索完成
2018-08-29 18:44:30 >>>>1
2018-08-29 18:44:30 >>>>>>>>步骤：打开DNA方案...
2018-08-29 18:44:30 >>>>2
2018-08-29 18:44:30 存在DNA方案...
2018-08-29 18:44:31 >>>>3
2018-08-29 18:44:31 打开DNA方案完成！
2018-08-29 18:44:32 >>>>>>>>步骤：清空房屋...
2018-08-29 18:44:32 点击清空...
2018-08-29 18:44:34 确定清空！
2018-08-29 18:44:36 >>>>>>>>步骤：全屋自动布局.....
2018-08-29 18:44:38 没有全屋自动布局按钮，请检查.....
2018-08-29 18:44:39 存在全屋自动布局按钮.....
2018-08-29 18:44:50 >>>>>>>>步骤：返回DNA首页.....
2018-08-29 18:44:55 返回DNA首页完成.....
2018-08-29 18:44:55 总共执行了：1 次
2018-08-29 18:44:55 
------------------------------ solutionId:17355, dna_id:13536 ------------------------------
2018-08-29 18:44:57 输入框输入dnaId及点击搜索完成
2018-08-29 18:44:57 >>>>1
2018-08-29 18:44:57 >>>>>>>>步骤：打开DNA方案...
2018-08-29 18:44:57 >>>>2
2018-08-29 18:44:57 存在DNA方案...
2018-08-29 18:44:59 >>>>3
2018-08-29 18:44:59 打开DNA方案未完成，重新打开DNA方案...
2018-08-29 18:45:02 >>>>3
2018-08-29 18:45:02 打开DNA方案未完成，重新打开DNA方案...
2018-08-29 18:45:05 >>>>3
2018-08-29 18:45:05 打开DNA方案未完成，重新打开DNA方案...
2018-08-29 18:45:08 >>>>3
2018-08-29 18:45:08 打开DNA方案未完成，重新打开DNA方案...
2018-08-29 18:45:11 >>>>3
2018-08-29 18:45:11 打开DNA方案未完成，重新打开DNA方案...
2018-08-29 18:45:14 >>>>3
2018-08-29 18:45:14 打开DNA方案未完成，重新打开DNA方案...
2018-08-29 18:45:18 >>>>3
2018-08-29 18:45:18 打开DNA方案未完成，重新打开DNA方案...
2018-08-29 18:46:41 

solutionIds：['17355', '17376']
2018-08-29 18:46:41 dnaSolutionIds：['14194', '13536']
2018-08-29 18:46:41 开始时间：2018-08-29 18:46:41
2018-08-29 18:46:42 

========================= solutionId:17355 =========================
2018-08-29 18:46:42 >>>>>>>>步骤：点击产品方案
2018-08-29 18:46:44 >>>>>>>>步骤：开始检查solutionId是否存在....
2018-08-29 18:46:48 方案id存在了！！！！！！！！！！！
2018-08-29 18:46:52 输入框输入dnaId及点击搜索完成
2018-08-29 18:46:56 solutionId存在
2018-08-29 18:46:56 >>>>>>>>步骤：下载或者打开产品方案....
2018-08-29 18:46:57 首页已存在下载好的方案，开始打开方案....
2018-08-29 18:46:58 打开方案未完成，还在打开中.....
2018-08-29 18:47:00 打开方案完成.....
2018-08-29 18:47:00 >>>>>>>>步骤：进入dna方案
2018-08-29 18:47:01 >>>>>>>>步骤：点击DNA
2018-08-29 18:47:02 点击DNA结束
2018-08-29 18:47:02 >>>>>>>>步骤：下拉框选择方案Id
2018-08-29 18:47:03 页面显示方案名称，开始选择方案id
2018-08-29 18:47:04 
------------------------------ solutionId:17355, dna_id:14194 ------------------------------
2018-08-29 18:47:06 输入框输入dnaId及点击搜索完成
2018-08-29 18:47:06 >>>>1
2018-08-29 18:47:06 >>>>>>>>步骤：打开DNA方案...
2018-08-29 18:47:07 >>>>2
2018-08-29 18:47:07 存在DNA方案...
2018-08-29 18:47:08 >>>>3
2018-08-29 18:47:08 打开DNA方案完成！
2018-08-29 18:47:08 >>>>>>>>步骤：清空房屋...
2018-08-29 18:47:08 点击清空...
2018-08-29 18:47:10 确定清空！
2018-08-29 18:47:13 >>>>>>>>步骤：全屋自动布局.....
2018-08-29 18:47:14 没有全屋自动布局按钮，请检查.....
2018-08-29 18:47:15 存在全屋自动布局按钮.....
2018-08-29 18:47:26 >>>>>>>>步骤：返回DNA首页.....
2018-08-29 18:47:31 返回DNA首页完成.....
2018-08-29 18:47:31 总共执行了：1 次
2018-08-29 18:47:31 
------------------------------ solutionId:17355, dna_id:13536 ------------------------------
2018-08-29 18:47:33 输入框输入dnaId及点击搜索完成
2018-08-29 18:47:33 >>>>1
2018-08-29 18:47:33 >>>>>>>>步骤：打开DNA方案...
2018-08-29 18:47:34 >>>>2
2018-08-29 18:47:34 存在DNA方案...
2018-08-29 18:47:35 >>>>3
2018-08-29 18:47:35 打开DNA方案完成！
2018-08-29 18:47:35 >>>>>>>>步骤：清空房屋...
2018-08-29 18:47:35 点击清空...
2018-08-29 18:47:37 确定清空！
2018-08-29 18:47:40 >>>>>>>>步骤：全屋自动布局.....
2018-08-29 18:47:41 没有全屋自动布局按钮，请检查.....
2018-08-29 18:47:42 存在全屋自动布局按钮.....
2018-08-29 18:47:53 >>>>>>>>步骤：返回DNA首页.....
2018-08-29 18:47:59 返回DNA首页完成.....
2018-08-29 18:47:59 总共执行了：2 次
2018-08-29 18:47:59 >>>>>>>>步骤：方案退出.....
2018-08-29 18:48:04 匹配了dreamroom，方案退出完成
2018-08-29 18:48:04 

========================= solutionId:17376 =========================
2018-08-29 18:48:04 >>>>>>>>步骤：点击产品方案
2018-08-29 18:48:06 >>>>>>>>步骤：开始检查solutionId是否存在....
2018-08-29 18:48:09 方案id存在了！！！！！！！！！！！
2018-08-29 18:48:13 输入框输入dnaId及点击搜索完成
2018-08-29 18:48:17 solutionId存在
2018-08-29 18:48:17 >>>>>>>>步骤：下载或者打开产品方案....
2018-08-29 18:48:19 首页已存在下载好的方案，开始打开方案....
2018-08-29 18:48:19 打开方案未完成，还在打开中.....
2018-08-29 18:48:20 打开方案未完成，还在打开中.....
2018-08-29 18:48:22 打开方案未完成，还在打开中.....
2018-08-29 18:48:23 打开方案未完成，还在打开中.....
2018-08-29 18:48:24 打开方案未完成，还在打开中.....
2018-08-29 18:48:26 打开方案未完成，还在打开中.....
2018-08-29 18:48:28 打开方案完成.....
2018-08-29 18:48:28 >>>>>>>>步骤：进入dna方案
2018-08-29 18:48:30 >>>>>>>>步骤：点击DNA
2018-08-29 18:48:31 点击DNA结束
2018-08-29 18:48:31 >>>>>>>>步骤：下拉框选择方案Id
2018-08-29 18:48:31 页面显示方案名称，开始选择方案id
2018-08-29 18:48:33 
------------------------------ solutionId:17376, dna_id:14194 ------------------------------
2018-08-29 18:48:34 输入框输入dnaId及点击搜索完成
2018-08-29 18:48:35 >>>>1
2018-08-29 18:48:35 >>>>>>>>步骤：打开DNA方案...
2018-08-29 18:48:35 >>>>2
2018-08-29 18:48:35 存在DNA方案...
2018-08-29 18:48:36 >>>>3
2018-08-29 18:48:36 打开DNA方案完成！
2018-08-29 18:48:36 >>>>>>>>步骤：清空房屋...
2018-08-29 18:48:37 点击清空...
2018-08-29 18:48:39 确定清空！
2018-08-29 18:48:41 >>>>>>>>步骤：全屋自动布局.....
2018-08-29 18:48:46 全屋自动布局发生异常,异常信息：Traceback (most recent call last):
  File "C:\Users\Administrator\AppData\Local\Programs\Python\Python37\lib\site-packages\pywinauto\application.py", line 246, in __resolve_control
    criteria)
  File "C:\Users\Administrator\AppData\Local\Programs\Python\Python37\lib\site-packages\pywinauto\timings.py", line 453, in wait_until_passes
    raise err
pywinauto.timings.TimeoutError

During handling of the above exception, another exception occurred:

Traceback (most recent call last):
  File "D:\python-workspace\layoutRoom_7.5\layoutRoom_7.5\aijia\appaj.py", line 1062, in click_layoutWholeRoom
    if check(appwindow, findpic=全屋自动布局, timeout=1):
  File "D:\python-workspace\layoutRoom_7.5\layoutRoom_7.5\aijia\appaj.py", line 292, in check
    saveimage(appwindow, picturename)
  File "D:\python-workspace\layoutRoom_7.5\layoutRoom_7.5\lib\public.py", line 140, in saveimage
    print(appwindow.rectangle())  # 获取应用图形矩阵
  File "C:\Users\Administrator\AppData\Local\Programs\Python\Python37\lib\site-packages\pywinauto\application.py", line 368, in __getattribute__
    ctrls = self.__resolve_control(self.criteria)
  File "C:\Users\Administrator\AppData\Local\Programs\Python\Python37\lib\site-packages\pywinauto\application.py", line 249, in __resolve_control
    raise e.original_exception
  File "C:\Users\Administrator\AppData\Local\Programs\Python\Python37\lib\site-packages\pywinauto\timings.py", line 431, in wait_until_passes
    func_val = func(*args, **kwargs)
  File "C:\Users\Administrator\AppData\Local\Programs\Python\Python37\lib\site-packages\pywinauto\application.py", line 191, in __get_ctrl
    dialog = self.backend.generic_wrapper_class(findwindows.find_element(**criteria[0]))
  File "C:\Users\Administrator\AppData\Local\Programs\Python\Python37\lib\site-packages\pywinauto\findwindows.py", line 84, in find_element
    elements = find_elements(**kwargs)
  File "C:\Users\Administrator\AppData\Local\Programs\Python\Python37\lib\site-packages\pywinauto\findwindows.py", line 303, in find_elements
    elements = findbestmatch.find_best_control_matches(best_match, wrapped_elems)
  File "C:\Users\Administrator\AppData\Local\Programs\Python\Python37\lib\site-packages\pywinauto\findbestmatch.py", line 533, in find_best_control_matches
    raise MatchError(items = name_control_map.keys(), tofind = search_text)
pywinauto.findbestmatch.MatchError: Could not find 'ihome' in 'dict_keys(['', 'UnrealWindow'])'

2018-08-29 18:48:49 >>>>>>>>步骤：返回DNA首页.....
2018-08-29 18:48:54 返回DNA首页完成.....
2018-08-29 18:48:54 总共执行了：3 次
2018-08-29 18:48:54 
------------------------------ solutionId:17376, dna_id:13536 ------------------------------
2018-08-29 18:48:56 输入框输入dnaId及点击搜索完成
2018-08-29 18:48:56 >>>>1
2018-08-29 18:48:56 >>>>>>>>步骤：打开DNA方案...
2018-08-29 18:48:59 >>>>3
2018-08-29 18:48:59 不存在DNA方案...
2018-08-29 18:48:59 >>>>>>>>步骤：清空房屋...
2018-08-29 18:48:59 点击清空...
2018-08-29 18:49:01 确定清空！
2018-08-29 18:49:04 >>>>>>>>步骤：全屋自动布局.....
2018-08-29 18:49:05 没有全屋自动布局按钮，请检查.....
2018-08-29 18:49:06 存在全屋自动布局按钮.....
2018-08-29 18:49:17 >>>>>>>>步骤：返回DNA首页.....
