2018-08-30 09:21:46 

solutionIds：['17355', '17376']
2018-08-30 09:21:46 dnaSolutionIds：['14194', '13536']
2018-08-30 09:21:46 开始时间：2018-08-30 09:21:46
2018-08-30 09:22:21 

========================= solutionId:17355 =========================
2018-08-30 09:22:21 >>>>>>>>步骤：点击产品方案
2018-08-30 09:22:23 >>>>>>>>步骤：开始检查solutionId是否存在....
2018-08-30 09:22:26 方案id存在了！！！！！！！！！！！
2018-08-30 09:22:30 输入框输入dnaId及点击搜索完成
2018-08-30 09:22:34 solutionId存在
2018-08-30 09:22:34 >>>>>>>>步骤：下载或者打开产品方案....
2018-08-30 09:22:36 首页已存在下载好的方案，开始打开方案....
2018-08-30 09:22:37 打开方案未完成，还在打开中.....
2018-08-30 09:22:39 打开方案未完成，还在打开中.....
2018-08-30 09:22:40 打开方案未完成，还在打开中.....
2018-08-30 09:22:42 打开方案未完成，还在打开中.....
2018-08-30 09:22:43 打开方案未完成，还在打开中.....
2018-08-30 09:22:44 打开方案未完成，还在打开中.....
2018-08-30 09:22:46 打开方案完成.....
2018-08-30 09:22:46 >>>>>>>>步骤：进入dna方案
2018-08-30 09:22:48 >>>>>>>>步骤：点击DNA
2018-08-30 09:22:49 点击DNA结束
2018-08-30 09:22:49 >>>>>>>>步骤：下拉框选择方案Id
2018-08-30 09:22:50 页面显示方案名称，开始选择方案id
2018-08-30 09:22:51 
------------------------------ solutionId:17355, dna_id:14194 ------------------------------
2018-08-30 09:22:53 输入框输入dnaId及点击搜索完成
2018-08-30 09:22:53 >>>>1
2018-08-30 09:22:53 >>>>>>>>步骤：打开DNA方案...
2018-08-30 09:22:53 >>>>2
2018-08-30 09:22:53 存在DNA方案...
2018-08-30 09:22:54 >>>>3
2018-08-30 09:22:54 打开DNA方案完成！
2018-08-30 09:22:55 >>>>>>>>步骤：清空房屋...
2018-08-30 09:23:00 全屋自动布局过程中有异常,dnsSolutionId：14194，报错信息：Traceback (most recent call last):
  File "C:\Users\Administrator\AppData\Local\Programs\Python\Python37\lib\site-packages\pywinauto\application.py", line 246, in __resolve_control
    criteria)
  File "C:\Users\Administrator\AppData\Local\Programs\Python\Python37\lib\site-packages\pywinauto\timings.py", line 453, in wait_until_passes
    raise err
pywinauto.timings.TimeoutError

During handling of the above exception, another exception occurred:

Traceback (most recent call last):
  File "D:/python-workspace/layoutRoom_7.5/layoutRoom_7.5/run/run_layout_all_room.py", line 172, in layoutWholeRoom
    appaj.delete_all_of_room1(myappwindow)
  File "D:\python-workspace\layoutRoom_7.5\layoutRoom_7.5\aijia\appaj.py", line 984, in delete_all_of_room1
    if check(appwindow, findpic=清空, timeout=2):
  File "D:\python-workspace\layoutRoom_7.5\layoutRoom_7.5\aijia\appaj.py", line 292, in check
    saveimage(appwindow, picturename)
  File "D:\python-workspace\layoutRoom_7.5\layoutRoom_7.5\lib\public.py", line 140, in saveimage
    print(appwindow.rectangle())  # 获取应用图形矩阵
  File "C:\Users\Administrator\AppData\Local\Programs\Python\Python37\lib\site-packages\pywinauto\application.py", line 368, in __getattribute__
    ctrls = self.__resolve_control(self.criteria)
  File "C:\Users\Administrator\AppData\Local\Programs\Python\Python37\lib\site-packages\pywinauto\application.py", line 249, in __resolve_control
    raise e.original_exception
  File "C:\Users\Administrator\AppData\Local\Programs\Python\Python37\lib\site-packages\pywinauto\timings.py", line 431, in wait_until_passes
    func_val = func(*args, **kwargs)
  File "C:\Users\Administrator\AppData\Local\Programs\Python\Python37\lib\site-packages\pywinauto\application.py", line 191, in __get_ctrl
    dialog = self.backend.generic_wrapper_class(findwindows.find_element(**criteria[0]))
  File "C:\Users\Administrator\AppData\Local\Programs\Python\Python37\lib\site-packages\pywinauto\findwindows.py", line 84, in find_element
    elements = find_elements(**kwargs)
  File "C:\Users\Administrator\AppData\Local\Programs\Python\Python37\lib\site-packages\pywinauto\findwindows.py", line 303, in find_elements
    elements = findbestmatch.find_best_control_matches(best_match, wrapped_elems)
  File "C:\Users\Administrator\AppData\Local\Programs\Python\Python37\lib\site-packages\pywinauto\findbestmatch.py", line 533, in find_best_control_matches
    raise MatchError(items = name_control_map.keys(), tofind = search_text)
pywinauto.findbestmatch.MatchError: Could not find 'ihome' in 'dict_keys(['', 'UnrealWindow'])'

2018-08-30 09:23:00 >>>>>>>>步骤：返回DNA首页.....
2018-08-30 09:23:05 整个过程中有异常,报错信息:Traceback (most recent call last):
  File "C:\Users\Administrator\AppData\Local\Programs\Python\Python37\lib\site-packages\pywinauto\application.py", line 246, in __resolve_control
    criteria)
  File "C:\Users\Administrator\AppData\Local\Programs\Python\Python37\lib\site-packages\pywinauto\timings.py", line 453, in wait_until_passes
    raise err
pywinauto.timings.TimeoutError

During handling of the above exception, another exception occurred:

Traceback (most recent call last):
  File "D:/python-workspace/layoutRoom_7.5/layoutRoom_7.5/run/run_layout_all_room.py", line 181, in layoutWholeRoom
    appaj.return_dna(myappwindow)
  File "D:\python-workspace\layoutRoom_7.5\layoutRoom_7.5\aijia\appaj.py", line 882, in return_dna
    if check(appwindow, findpic=pic_enter_dnaid, timeout=1):
  File "D:\python-workspace\layoutRoom_7.5\layoutRoom_7.5\aijia\appaj.py", line 292, in check
    saveimage(appwindow, picturename)
  File "D:\python-workspace\layoutRoom_7.5\layoutRoom_7.5\lib\public.py", line 140, in saveimage
    print(appwindow.rectangle())  # 获取应用图形矩阵
  File "C:\Users\Administrator\AppData\Local\Programs\Python\Python37\lib\site-packages\pywinauto\application.py", line 368, in __getattribute__
    ctrls = self.__resolve_control(self.criteria)
  File "C:\Users\Administrator\AppData\Local\Programs\Python\Python37\lib\site-packages\pywinauto\application.py", line 249, in __resolve_control
    raise e.original_exception
  File "C:\Users\Administrator\AppData\Local\Programs\Python\Python37\lib\site-packages\pywinauto\timings.py", line 431, in wait_until_passes
    func_val = func(*args, **kwargs)
  File "C:\Users\Administrator\AppData\Local\Programs\Python\Python37\lib\site-packages\pywinauto\application.py", line 191, in __get_ctrl
    dialog = self.backend.generic_wrapper_class(findwindows.find_element(**criteria[0]))
  File "C:\Users\Administrator\AppData\Local\Programs\Python\Python37\lib\site-packages\pywinauto\findwindows.py", line 84, in find_element
    elements = find_elements(**kwargs)
  File "C:\Users\Administrator\AppData\Local\Programs\Python\Python37\lib\site-packages\pywinauto\findwindows.py", line 303, in find_elements
    elements = findbestmatch.find_best_control_matches(best_match, wrapped_elems)
  File "C:\Users\Administrator\AppData\Local\Programs\Python\Python37\lib\site-packages\pywinauto\findbestmatch.py", line 533, in find_best_control_matches
    raise MatchError(items = name_control_map.keys(), tofind = search_text)
pywinauto.findbestmatch.MatchError: Could not find 'ihome' in 'dict_keys(['', 'UnrealWindow'])'

2018-08-30 09:23:05 dna_id长度是:1
2018-08-30 09:23:05 SolutionId下剩下的dna_id：['14194', '13536']
2018-08-30 09:23:05 solutionIds剩下：['17355', '17376']
2018-08-30 09:23:16 已杀掉DR的进程！
2018-08-30 09:57:18 

solutionIds：['17355', '17376']
2018-08-30 09:57:18 dnaSolutionIds：['14194', '13536']
2018-08-30 09:57:18 开始时间：2018-08-30 09:57:18
2018-08-30 09:57:46 

========================= solutionId:17355 =========================
2018-08-30 09:57:46 >>>>>>>>步骤：点击产品方案
2018-08-30 09:57:48 >>>>>>>>步骤：开始检查solutionId是否存在....
2018-08-30 09:57:51 方案id存在了！！！！！！！！！！！
2018-08-30 09:57:55 输入框输入dnaId及点击搜索完成
2018-08-30 09:57:59 solutionId存在
2018-08-30 09:57:59 >>>>>>>>步骤：下载或者打开产品方案....
2018-08-30 09:58:01 首页已存在下载好的方案，开始打开方案....
2018-08-30 09:58:01 打开方案未完成，还在打开中.....
2018-08-30 09:58:03 打开方案未完成，还在打开中.....
2018-08-30 09:58:05 打开方案完成.....
2018-08-30 09:58:05 >>>>>>>>步骤：进入dna方案
2018-08-30 09:58:06 >>>>>>>>步骤：点击DNA
2018-08-30 09:58:07 点击DNA结束
2018-08-30 09:58:07 >>>>>>>>步骤：下拉框选择方案Id
2018-08-30 09:58:07 页面显示方案名称，开始选择方案id
2018-08-30 09:58:09 
------------------------------ solutionId:17355, dna_id:14194 ------------------------------
2018-08-30 09:58:11 输入框输入dnaId及点击搜索完成
2018-08-30 09:58:11 >>>>1
2018-08-30 09:58:11 >>>>>>>>步骤：打开DNA方案...
2018-08-30 09:58:11 >>>>2
2018-08-30 09:58:11 存在DNA方案...
2018-08-30 09:58:12 >>>>3
2018-08-30 09:58:12 打开DNA方案完成！
2018-08-30 09:58:13 >>>>>>>>步骤：清空房屋...
2018-08-30 09:58:13 点击清空...
2018-08-30 09:58:15 确定清空！
2018-08-30 09:58:18 >>>>>>>>步骤：全屋自动布局.....
2018-08-30 09:58:19 没有全屋自动布局按钮，请检查.....
2018-08-30 09:58:20 存在全屋自动布局按钮.....
2018-08-30 09:58:21 全屋自动布局发生异常,异常信息：Traceback (most recent call last):
  File "D:\python-workspace\layoutRoom_7.5\aijia\appaj.py", line 1082, in click_layoutWholeRoom
    检查全屋布局是否加载完成
NameError: name '检查全屋布局是否加载完成' is not defined

2018-08-30 09:58:24 >>>>>>>>步骤：返回DNA首页.....
2018-08-30 09:58:32 返回DNA首页完成.....
2018-08-30 09:58:32 总共执行了：1 次
2018-08-30 09:58:32 
------------------------------ solutionId:17355, dna_id:13536 ------------------------------
2018-08-30 09:58:34 输入框输入dnaId及点击搜索完成
2018-08-30 09:58:34 >>>>1
2018-08-30 09:58:34 >>>>>>>>步骤：打开DNA方案...
2018-08-30 09:58:34 >>>>2
2018-08-30 09:58:34 存在DNA方案...
2018-08-30 09:58:35 >>>>3
2018-08-30 09:58:35 打开DNA方案完成！
2018-08-30 09:58:36 >>>>>>>>步骤：清空房屋...
2018-08-30 09:58:36 点击清空...
2018-08-30 09:58:38 确定清空！
2018-08-30 09:58:40 >>>>>>>>步骤：全屋自动布局.....
2018-08-30 09:58:42 没有全屋自动布局按钮，请检查.....
2018-08-30 09:58:43 存在全屋自动布局按钮.....
2018-08-30 09:58:44 全屋自动布局发生异常,异常信息：Traceback (most recent call last):
  File "D:\python-workspace\layoutRoom_7.5\aijia\appaj.py", line 1082, in click_layoutWholeRoom
    检查全屋布局是否加载完成
NameError: name '检查全屋布局是否加载完成' is not defined

2018-08-30 09:58:47 >>>>>>>>步骤：返回DNA首页.....
2018-08-30 09:58:53 返回DNA首页完成.....
2018-08-30 09:58:53 总共执行了：2 次
2018-08-30 09:58:53 >>>>>>>>步骤：方案退出.....
2018-08-30 10:32:56 

solutionIds：['17355', '17376']
2018-08-30 10:32:56 dnaSolutionIds：['14194', '13536']
2018-08-30 10:32:56 开始时间：2018-08-30 10:32:56
2018-08-30 10:32:57 

========================= solutionId:17355 =========================
2018-08-30 10:32:57 >>>>>>>>步骤：方案退出.....
2018-08-30 10:33:43 

solutionIds：['17355', '17376']
2018-08-30 10:33:43 dnaSolutionIds：['14194', '13536']
2018-08-30 10:33:43 开始时间：2018-08-30 10:33:43
2018-08-30 10:34:11 

========================= solutionId:17355 =========================
2018-08-30 10:34:11 >>>>>>>>步骤：方案退出.....
2018-08-30 10:34:56 

solutionIds：['17355', '17376']
2018-08-30 10:34:56 dnaSolutionIds：['14194', '13536']
2018-08-30 10:34:56 开始时间：2018-08-30 10:34:56
2018-08-30 10:35:24 

========================= solutionId:17355 =========================
2018-08-30 10:35:25 >>>>>>>>步骤：点击产品方案
2018-08-30 10:35:26 >>>>>>>>步骤：开始检查solutionId是否存在....
2018-08-30 10:35:30 方案id存在了！！！！！！！！！！！
2018-08-30 10:35:34 输入框输入dnaId及点击搜索完成
2018-08-30 10:35:38 solutionId存在
2018-08-30 10:35:38 >>>>>>>>步骤：下载或者打开产品方案....
2018-08-30 10:35:39 首页已存在下载好的方案，开始打开方案....
2018-08-30 10:35:40 打开方案未完成，还在打开中.....
2018-08-30 10:35:41 打开方案未完成，还在打开中.....
2018-08-30 10:35:43 打开方案完成.....
2018-08-30 10:35:43 >>>>>>>>步骤：进入dna方案
2018-08-30 10:35:45 >>>>>>>>步骤：点击DNA
2018-08-30 10:35:46 点击DNA结束
2018-08-30 10:35:46 >>>>>>>>步骤：下拉框选择方案Id
2018-08-30 10:35:46 页面显示方案名称，开始选择方案id
2018-08-30 10:35:48 
------------------------------ solutionId:17355, dna_id:14194 ------------------------------
2018-08-30 10:35:49 输入框输入dnaId及点击搜索完成
2018-08-30 10:35:50 >>>>1
2018-08-30 10:35:50 >>>>>>>>步骤：打开DNA方案...
2018-08-30 10:35:50 >>>>2
2018-08-30 10:35:50 存在DNA方案...
2018-08-30 10:35:51 >>>>3
2018-08-30 10:35:51 打开DNA方案完成！
2018-08-30 10:35:51 >>>>>>>>步骤：清空房屋...
2018-08-30 10:35:52 点击清空...
2018-08-30 10:35:54 确定清空！
2018-08-30 10:35:56 >>>>>>>>步骤：全屋自动布局.....
2018-08-30 10:35:57 没有全屋自动布局按钮，请检查.....
2018-08-30 10:35:59 存在全屋自动布局按钮.....
2018-08-30 10:35:59 全屋自动布局发生异常,异常信息：Traceback (most recent call last):
  File "D:\python-workspace\layoutRoom_7.5\aijia\appaj.py", line 1082, in click_layoutWholeRoom
    检查全屋布局是否加载完成
NameError: name '检查全屋布局是否加载完成' is not defined

2018-08-30 10:36:02 >>>>>>>>步骤：清空房屋...
2018-08-30 10:36:03 点击清空...
2018-08-30 10:36:05 确定清空！
2018-08-30 10:36:07 >>>>>>>>步骤：全屋自动布局Z.....
2018-08-30 10:36:08 没有全屋自动布局Z按钮，请检查.....
2018-08-30 10:36:10 存在全屋自动布局Z按钮.....
2018-08-30 10:36:10 全屋自动布局发生异常,异常信息：Traceback (most recent call last):
  File "D:\python-workspace\layoutRoom_7.5\aijia\appaj.py", line 1134, in click_layoutWholeRoomZ
    检查全屋布局是否加载完成
NameError: name '检查全屋布局是否加载完成' is not defined

2018-08-30 10:36:13 >>>>>>>>步骤：返回DNA首页.....
2018-08-30 10:38:46 

solutionIds：['17355', '17376']
2018-08-30 10:38:46 dnaSolutionIds：['14194', '13536']
2018-08-30 10:38:46 开始时间：2018-08-30 10:38:46
2018-08-30 10:39:09 

========================= solutionId:17355 =========================
2018-08-30 10:39:09 >>>>>>>>步骤：点击产品方案
2018-08-30 10:39:11 >>>>>>>>步骤：开始检查solutionId是否存在....
2018-08-30 10:39:14 方案id存在了！！！！！！！！！！！
2018-08-30 10:39:18 输入框输入dnaId及点击搜索完成
2018-08-30 10:39:22 solutionId存在
2018-08-30 10:39:22 >>>>>>>>步骤：下载或者打开产品方案....
2018-08-30 10:39:24 首页已存在下载好的方案，开始打开方案....
2018-08-30 10:39:24 打开方案未完成，还在打开中.....
2018-08-30 10:39:27 打开方案完成.....
2018-08-30 10:39:27 >>>>>>>>步骤：进入dna方案
2018-08-30 10:39:28 >>>>>>>>步骤：点击DNA
2018-08-30 10:39:29 点击DNA结束
2018-08-30 10:39:29 >>>>>>>>步骤：下拉框选择方案Id
2018-08-30 10:39:29 页面显示方案名称，开始选择方案id
2018-08-30 10:39:31 
------------------------------ solutionId:17355, dna_id:14194 ------------------------------
2018-08-30 10:39:32 输入框输入dnaId及点击搜索完成
2018-08-30 10:39:33 >>>>1
2018-08-30 10:39:33 >>>>>>>>步骤：打开DNA方案...
2018-08-30 10:39:33 >>>>2
2018-08-30 10:39:33 存在DNA方案...
2018-08-30 10:39:34 >>>>3
2018-08-30 10:39:34 打开DNA方案完成！
2018-08-30 10:39:34 >>>>>>>>步骤：清空房屋...
2018-08-30 10:39:35 点击清空...
2018-08-30 10:39:37 确定清空！
2018-08-30 10:39:39 >>>>>>>>步骤：全屋自动布局.....
2018-08-30 10:39:40 没有全屋自动布局按钮，请检查.....
2018-08-30 10:39:41 存在全屋自动布局按钮.....
2018-08-30 10:39:50 全屋自动布局发生异常,异常信息：Traceback (most recent call last):
  File "D:\python-workspace\layoutRoom_7.5\aijia\appaj.py", line 1082, in click_layoutWholeRoom
    检查全屋布局是否加载完成
NameError: name '检查全屋布局是否加载完成' is not defined

2018-08-30 10:39:53 >>>>>>>>步骤：清空房屋...
2018-08-30 10:39:54 点击清空...
2018-08-30 10:39:55 确定清空！
2018-08-30 10:39:58 >>>>>>>>步骤：全屋自动布局Z.....
2018-08-30 10:39:59 没有全屋自动布局Z按钮，请检查.....
2018-08-30 10:40:01 存在全屋自动布局按钮.....
2018-08-30 10:42:15 

solutionIds：['17355', '17376']
2018-08-30 10:42:15 dnaSolutionIds：['14194', '13536']
2018-08-30 10:42:15 开始时间：2018-08-30 10:42:15
2018-08-30 10:42:43 

========================= solutionId:17355 =========================
2018-08-30 10:42:43 >>>>>>>>步骤：点击产品方案
2018-08-30 10:42:45 >>>>>>>>步骤：开始检查solutionId是否存在....
2018-08-30 10:42:48 方案id存在了！！！！！！！！！！！
2018-08-30 10:42:52 输入框输入dnaId及点击搜索完成
2018-08-30 10:42:56 solutionId存在
2018-08-30 10:42:56 >>>>>>>>步骤：下载或者打开产品方案....
2018-08-30 10:42:58 首页已存在下载好的方案，开始打开方案....
2018-08-30 10:42:58 打开方案未完成，还在打开中.....
2018-08-30 10:42:59 打开方案未完成，还在打开中.....
2018-08-30 10:43:02 打开方案完成.....
2018-08-30 10:43:02 >>>>>>>>步骤：进入dna方案
2018-08-30 10:43:03 >>>>>>>>步骤：点击DNA
2018-08-30 10:43:04 点击DNA结束
2018-08-30 10:43:04 >>>>>>>>步骤：下拉框选择方案Id
2018-08-30 10:43:04 页面显示方案名称，开始选择方案id
2018-08-30 10:43:06 
------------------------------ solutionId:17355, dna_id:14194 ------------------------------
2018-08-30 10:43:08 输入框输入dnaId及点击搜索完成
2018-08-30 10:43:08 >>>>1
2018-08-30 10:43:08 >>>>>>>>步骤：打开DNA方案...
2018-08-30 10:43:08 >>>>2
2018-08-30 10:43:08 存在DNA方案...
2018-08-30 10:43:09 >>>>3
2018-08-30 10:43:09 打开DNA方案完成！
2018-08-30 10:43:10 >>>>>>>>步骤：清空房屋...
2018-08-30 10:43:10 点击清空...
2018-08-30 10:43:12 确定清空！
2018-08-30 10:43:14 >>>>>>>>步骤：全屋自动布局.....
2018-08-30 10:43:15 没有全屋自动布局按钮，请检查.....
2018-08-30 10:43:17 存在全屋自动布局按钮.....
2018-08-30 10:43:25 全屋自动布局发生异常,异常信息：Traceback (most recent call last):
  File "D:\python-workspace\layoutRoom_7.5\aijia\appaj.py", line 1082, in click_layoutWholeRoom
    检查全屋布局是否加载完成
NameError: name '检查全屋布局是否加载完成' is not defined

2018-08-30 10:43:28 >>>>>>>>步骤：清空房屋...
2018-08-30 10:43:29 点击清空...
2018-08-30 10:43:31 确定清空！
2018-08-30 10:43:33 >>>>>>>>步骤：全屋自动布局Z.....
2018-08-30 10:43:34 没有全屋自动布局Z按钮，请检查.....
2018-08-30 10:43:36 存在全屋自动布局Z按钮.....
2018-08-30 10:43:46 全屋自动布局Z发生异常,异常信息：Traceback (most recent call last):
  File "D:\python-workspace\layoutRoom_7.5\aijia\appaj.py", line 1136, in click_layoutWholeRoomZ
    检查全屋布局是否加载完成
NameError: name '检查全屋布局是否加载完成' is not defined

2018-08-30 10:43:49 >>>>>>>>步骤：返回DNA首页.....
2018-08-30 10:44:04 返回DNA首页完成.....
2018-08-30 10:44:04 总共执行了：1 次
2018-08-30 10:44:04 
------------------------------ solutionId:17355, dna_id:13536 ------------------------------
2018-08-30 10:44:05 输入框输入dnaId及点击搜索完成
2018-08-30 10:44:06 >>>>1
2018-08-30 10:44:06 >>>>>>>>步骤：打开DNA方案...
2018-08-30 10:44:06 >>>>2
2018-08-30 10:44:06 存在DNA方案...
2018-08-30 10:44:07 >>>>3
2018-08-30 10:44:07 打开DNA方案完成！
2018-08-30 10:44:07 >>>>>>>>步骤：清空房屋...
2018-08-30 10:44:08 点击清空...
2018-08-30 10:44:09 确定清空！
2018-08-30 10:44:12 >>>>>>>>步骤：全屋自动布局.....
2018-08-30 10:44:15 没有全屋自动布局按钮，请检查.....
2018-08-30 10:44:16 存在全屋自动布局按钮.....
2018-08-30 10:44:26 全屋自动布局发生异常,异常信息：Traceback (most recent call last):
  File "D:\python-workspace\layoutRoom_7.5\aijia\appaj.py", line 1082, in click_layoutWholeRoom
    检查全屋布局是否加载完成
NameError: name '检查全屋布局是否加载完成' is not defined

2018-08-30 10:44:29 >>>>>>>>步骤：清空房屋...
2018-08-30 10:44:29 点击清空...
2018-08-30 10:44:32 >>>>>>>>步骤：全屋自动布局Z.....
2018-08-30 10:44:32 存在全屋自动布局Z按钮.....
2018-08-30 10:44:43 全屋自动布局Z发生异常,异常信息：Traceback (most recent call last):
  File "D:\python-workspace\layoutRoom_7.5\aijia\appaj.py", line 1136, in click_layoutWholeRoomZ
    检查全屋布局是否加载完成
NameError: name '检查全屋布局是否加载完成' is not defined

2018-08-30 10:44:46 >>>>>>>>步骤：返回DNA首页.....
2018-08-30 10:44:52 返回DNA首页完成.....
2018-08-30 10:44:52 总共执行了：2 次
2018-08-30 10:44:52 >>>>>>>>步骤：方案退出.....
2018-08-30 10:51:11 

solutionIds：['17355', '17376']
2018-08-30 10:51:11 dnaSolutionIds：['14194', '13536']
2018-08-30 10:51:11 开始时间：2018-08-30 10:51:11
2018-08-30 10:51:12 

========================= solutionId:17355 =========================
2018-08-30 10:51:12 >>>>>>>>步骤：点击产品方案
2018-08-30 10:51:14 >>>>>>>>步骤：开始检查solutionId是否存在....
2018-08-30 10:51:17 方案id存在了！！！！！！！！！！！
2018-08-30 10:51:21 输入框输入dnaId及点击搜索完成
2018-08-30 10:51:25 solutionId存在
2018-08-30 10:51:25 >>>>>>>>步骤：下载或者打开产品方案....
2018-08-30 10:51:27 首页已存在下载好的方案，开始打开方案....
2018-08-30 10:51:27 打开方案未完成，还在打开中.....
2018-08-30 10:51:30 打开方案完成.....
2018-08-30 10:51:30 >>>>>>>>步骤：进入dna方案
2018-08-30 10:51:31 >>>>>>>>步骤：点击DNA
2018-08-30 10:51:32 点击DNA结束
2018-08-30 10:51:32 >>>>>>>>步骤：下拉框选择方案Id
2018-08-30 10:51:32 页面显示方案名称，开始选择方案id
2018-08-30 10:51:34 
------------------------------ solutionId:17355, dna_id:14194 ------------------------------
2018-08-30 10:51:35 输入框输入dnaId及点击搜索完成
2018-08-30 10:51:36 >>>>1
2018-08-30 10:51:36 >>>>>>>>步骤：打开DNA方案...
2018-08-30 10:51:36 >>>>2
2018-08-30 10:51:36 存在DNA方案...
2018-08-30 10:51:37 >>>>3
2018-08-30 10:51:37 打开DNA方案完成！
2018-08-30 10:51:37 >>>>>>>>步骤：清空房屋...
2018-08-30 10:51:38 点击清空...
2018-08-30 10:51:40 确定清空！
2018-08-30 10:51:42 >>>>>>>>步骤：全屋自动布局.....
2018-08-30 10:51:43 没有全屋自动布局按钮，请检查.....
2018-08-30 10:51:44 存在全屋自动布局按钮.....
2018-08-30 10:51:53 全屋自动布局发生异常,异常信息：Traceback (most recent call last):
  File "D:\python-workspace\layoutRoom_7.5\aijia\appaj.py", line 1082, in click_layoutWholeRoom
    检查全屋布局是否加载完成
NameError: name '检查全屋布局是否加载完成' is not defined

2018-08-30 10:51:56 >>>>>>>>步骤：清空房屋...
2018-08-30 10:51:56 点击清空...
2018-08-30 10:51:58 确定清空！
2018-08-30 10:52:01 >>>>>>>>步骤：全屋自动布局Z.....
2018-08-30 10:52:02 没有全屋自动布局Z按钮，请检查.....
2018-08-30 10:52:03 存在全屋自动布局Z按钮.....
2018-08-30 10:52:14 全屋自动布局Z发生异常,异常信息：Traceback (most recent call last):
  File "D:\python-workspace\layoutRoom_7.5\aijia\appaj.py", line 1136, in click_layoutWholeRoomZ
    检查全屋布局是否加载完成
NameError: name '检查全屋布局是否加载完成' is not defined

2018-08-30 10:52:17 >>>>>>>>步骤：返回DNA首页.....
2018-08-30 10:52:26 返回DNA首页完成.....
2018-08-30 10:52:26 总共执行了：1 次
2018-08-30 10:52:26 
------------------------------ solutionId:17355, dna_id:13536 ------------------------------
2018-08-30 10:52:27 输入框输入dnaId及点击搜索完成
2018-08-30 10:52:28 >>>>1
2018-08-30 10:52:28 >>>>>>>>步骤：打开DNA方案...
2018-08-30 10:52:28 >>>>2
2018-08-30 10:52:28 存在DNA方案...
2018-08-30 10:52:29 >>>>3
2018-08-30 10:52:29 打开DNA方案完成！
2018-08-30 10:52:29 >>>>>>>>步骤：清空房屋...
2018-08-30 10:52:29 点击清空...
2018-08-30 10:52:31 确定清空！
2018-08-30 10:52:34 >>>>>>>>步骤：全屋自动布局.....
2018-08-30 10:52:36 没有全屋自动布局按钮，请检查.....
2018-08-30 10:52:38 存在全屋自动布局按钮.....
2018-08-30 10:52:47 全屋自动布局发生异常,异常信息：Traceback (most recent call last):
  File "D:\python-workspace\layoutRoom_7.5\aijia\appaj.py", line 1082, in click_layoutWholeRoom
    检查全屋布局是否加载完成
NameError: name '检查全屋布局是否加载完成' is not defined

2018-08-30 10:52:50 >>>>>>>>步骤：清空房屋...
2018-08-30 10:52:50 点击清空...
2018-08-30 10:52:52 确定清空！
2018-08-30 10:52:55 >>>>>>>>步骤：全屋自动布局Z.....
2018-08-30 10:52:56 没有全屋自动布局Z按钮，请检查.....
2018-08-30 10:52:57 存在全屋自动布局Z按钮.....
2018-08-30 10:53:08 全屋自动布局Z发生异常,异常信息：Traceback (most recent call last):
  File "D:\python-workspace\layoutRoom_7.5\aijia\appaj.py", line 1136, in click_layoutWholeRoomZ
    检查全屋布局是否加载完成
NameError: name '检查全屋布局是否加载完成' is not defined

2018-08-30 10:53:11 >>>>>>>>步骤：返回DNA首页.....
2018-08-30 10:53:16 返回DNA首页完成.....
2018-08-30 10:53:16 总共执行了：2 次
2018-08-30 10:53:16 >>>>>>>>步骤：方案退出.....
2018-08-30 11:02:14 

solutionIds：['17355', '17376']
2018-08-30 11:02:14 dnaSolutionIds：['14194', '13536']
2018-08-30 11:02:14 开始时间：2018-08-30 11:02:14
2018-08-30 11:02:15 

========================= solutionId:17355 =========================
2018-08-30 11:02:15 >>>>>>>>步骤：点击产品方案
2018-08-30 11:02:17 >>>>>>>>步骤：开始检查solutionId是否存在....
2018-08-30 11:02:20 方案id存在了！！！！！！！！！！！
2018-08-30 11:02:24 输入框输入dnaId及点击搜索完成
2018-08-30 11:02:28 solutionId存在
2018-08-30 11:02:28 >>>>>>>>步骤：下载或者打开产品方案....
2018-08-30 11:02:30 首页已存在下载好的方案，开始打开方案....
2018-08-30 11:02:30 打开方案未完成，还在打开中.....
2018-08-30 11:02:33 打开方案完成.....
2018-08-30 11:02:33 >>>>>>>>步骤：进入dna方案
2018-08-30 11:02:34 >>>>>>>>步骤：点击DNA
2018-08-30 11:02:35 点击DNA结束
2018-08-30 11:02:35 >>>>>>>>步骤：下拉框选择方案Id
2018-08-30 11:02:35 页面显示方案名称，开始选择方案id
2018-08-30 11:02:37 
------------------------------ solutionId:17355, dna_id:14194 ------------------------------
2018-08-30 11:02:38 输入框输入dnaId及点击搜索完成
2018-08-30 11:02:39 >>>>1
2018-08-30 11:02:39 >>>>>>>>步骤：打开DNA方案...
2018-08-30 11:02:39 >>>>2
2018-08-30 11:02:39 存在DNA方案...
2018-08-30 11:02:40 >>>>3
2018-08-30 11:02:40 打开DNA方案完成！
2018-08-30 11:02:40 >>>>>>>>步骤：清空房屋...
2018-08-30 11:02:41 点击清空...
2018-08-30 11:02:43 确定清空！
2018-08-30 11:02:45 >>>>>>>>步骤：全屋自动布局.....
2018-08-30 11:02:46 没有全屋自动布局按钮，请检查.....
2018-08-30 11:02:47 存在全屋自动布局按钮.....
2018-08-30 11:02:56 全屋自动布局发生异常,异常信息：Traceback (most recent call last):
  File "D:\python-workspace\layoutRoom_7.5\aijia\appaj.py", line 1082, in click_layoutWholeRoom
    检查全屋布局是否加载完成
NameError: name '检查全屋布局是否加载完成' is not defined

2018-08-30 11:02:59 >>>>>>>>步骤：清空房屋...
2018-08-30 11:02:59 点击清空...
2018-08-30 11:03:01 确定清空！
2018-08-30 11:03:04 >>>>>>>>步骤：全屋自动布局Z.....
2018-08-30 11:03:05 没有全屋自动布局Z按钮，请检查.....
2018-08-30 11:03:06 存在全屋自动布局Z按钮.....
2018-08-30 11:03:17 全屋自动布局Z发生异常,异常信息：Traceback (most recent call last):
  File "D:\python-workspace\layoutRoom_7.5\aijia\appaj.py", line 1136, in click_layoutWholeRoomZ
    检查全屋布局是否加载完成
NameError: name '检查全屋布局是否加载完成' is not defined

2018-08-30 11:03:20 >>>>>>>>步骤：返回DNA首页.....
2018-08-30 11:03:28 返回DNA首页完成.....
2018-08-30 11:03:28 总共执行了：1 次
2018-08-30 11:03:28 
------------------------------ solutionId:17355, dna_id:13536 ------------------------------
2018-08-30 11:03:30 输入框输入dnaId及点击搜索完成
2018-08-30 11:03:30 >>>>1
2018-08-30 11:03:30 >>>>>>>>步骤：打开DNA方案...
2018-08-30 11:03:31 >>>>2
2018-08-30 11:03:31 存在DNA方案...
2018-08-30 11:03:32 >>>>3
2018-08-30 11:03:32 打开DNA方案完成！
2018-08-30 11:03:32 >>>>>>>>步骤：清空房屋...
2018-08-30 11:03:32 点击清空...
2018-08-30 11:03:34 确定清空！
2018-08-30 11:03:36 >>>>>>>>步骤：全屋自动布局.....
2018-08-30 11:03:38 没有全屋自动布局按钮，请检查.....
2018-08-30 11:03:40 存在全屋自动布局按钮.....
2018-08-30 11:03:49 全屋自动布局发生异常,异常信息：Traceback (most recent call last):
  File "D:\python-workspace\layoutRoom_7.5\aijia\appaj.py", line 1082, in click_layoutWholeRoom
    检查全屋布局是否加载完成
NameError: name '检查全屋布局是否加载完成' is not defined

2018-08-30 11:03:52 >>>>>>>>步骤：清空房屋...
2018-08-30 11:03:52 点击清空...
2018-08-30 11:03:55 >>>>>>>>步骤：全屋自动布局Z.....
2018-08-30 11:03:56 存在全屋自动布局Z按钮.....
2018-08-30 11:04:06 全屋自动布局Z发生异常,异常信息：Traceback (most recent call last):
  File "D:\python-workspace\layoutRoom_7.5\aijia\appaj.py", line 1136, in click_layoutWholeRoomZ
    检查全屋布局是否加载完成
NameError: name '检查全屋布局是否加载完成' is not defined

2018-08-30 11:04:09 >>>>>>>>步骤：返回DNA首页.....
2018-08-30 11:04:15 返回DNA首页完成.....
2018-08-30 11:04:15 总共执行了：2 次
2018-08-30 11:04:15 >>>>>>>>步骤：方案退出.....
2018-08-30 11:07:10 

solutionIds：['17355', '17376']
2018-08-30 11:07:10 dnaSolutionIds：['14194', '13536']
2018-08-30 11:07:10 开始时间：2018-08-30 11:07:10
2018-08-30 11:07:12 

========================= solutionId:17355 =========================
2018-08-30 11:07:12 >>>>>>>>步骤：点击产品方案
2018-08-30 11:07:13 >>>>>>>>步骤：开始检查solutionId是否存在....
2018-08-30 11:07:17 方案id存在了！！！！！！！！！！！
2018-08-30 11:07:21 输入框输入dnaId及点击搜索完成
2018-08-30 11:07:25 solutionId存在
2018-08-30 11:07:25 >>>>>>>>步骤：下载或者打开产品方案....
2018-08-30 11:07:27 首页已存在下载好的方案，开始打开方案....
2018-08-30 11:07:27 打开方案未完成，还在打开中.....
2018-08-30 11:07:29 打开方案完成.....
2018-08-30 11:07:29 >>>>>>>>步骤：进入dna方案
2018-08-30 11:07:31 >>>>>>>>步骤：点击DNA
2018-08-30 11:07:31 点击DNA结束
2018-08-30 11:07:32 >>>>>>>>步骤：下拉框选择方案Id
2018-08-30 11:07:32 页面显示方案名称，开始选择方案id
2018-08-30 11:07:34 
------------------------------ solutionId:17355, dna_id:14194 ------------------------------
2018-08-30 11:07:35 输入框输入dnaId及点击搜索完成
2018-08-30 11:07:36 >>>>1
2018-08-30 11:07:36 >>>>>>>>步骤：打开DNA方案...
2018-08-30 11:07:36 >>>>2
2018-08-30 11:07:36 存在DNA方案...
2018-08-30 11:07:37 >>>>3
2018-08-30 11:07:37 打开DNA方案完成！
2018-08-30 11:07:37 >>>>>>>>步骤：清空房屋...
2018-08-30 11:07:38 点击清空...
2018-08-30 11:07:39 确定清空！
2018-08-30 11:07:42 >>>>>>>>步骤：全屋自动布局.....
2018-08-30 11:07:43 没有全屋自动布局按钮，请检查.....
2018-08-30 11:07:44 存在全屋自动布局按钮.....
2018-08-30 11:07:53 全屋自动布局发生异常,异常信息：Traceback (most recent call last):
  File "D:\python-workspace\layoutRoom_7.5\aijia\appaj.py", line 1090, in click_layoutWholeRoom
    检查全屋布局是否加载完成
NameError: name '检查全屋布局是否加载完成' is not defined

2018-08-30 11:07:56 >>>>>>>>步骤：清空房屋...
2018-08-30 11:07:56 点击清空...
2018-08-30 11:07:58 确定清空！
2018-08-30 11:08:01 >>>>>>>>步骤：全屋自动布局Z.....
2018-08-30 11:08:02 没有全屋自动布局Z按钮，请检查.....
2018-08-30 11:08:03 存在全屋自动布局Z按钮.....
2018-08-30 11:08:14 全屋自动布局Z发生异常,异常信息：Traceback (most recent call last):
  File "D:\python-workspace\layoutRoom_7.5\aijia\appaj.py", line 1144, in click_layoutWholeRoomZ
    检查全屋布局是否加载完成
NameError: name '检查全屋布局是否加载完成' is not defined

2018-08-30 11:08:17 >>>>>>>>步骤：返回DNA首页.....
2018-08-30 11:08:26 返回DNA首页完成.....
2018-08-30 11:08:26 总共执行了：1 次
2018-08-30 11:08:26 
------------------------------ solutionId:17355, dna_id:13536 ------------------------------
2018-08-30 11:08:27 输入框输入dnaId及点击搜索完成
2018-08-30 11:08:28 >>>>1
2018-08-30 11:08:28 >>>>>>>>步骤：打开DNA方案...
2018-08-30 11:08:28 >>>>2
2018-08-30 11:08:28 存在DNA方案...
2018-08-30 11:08:29 >>>>3
2018-08-30 11:08:29 打开DNA方案完成！
2018-08-30 11:08:29 >>>>>>>>步骤：清空房屋...
2018-08-30 11:08:29 点击清空...
2018-08-30 11:08:31 确定清空！
2018-08-30 11:08:34 >>>>>>>>步骤：全屋自动布局.....
2018-08-30 11:08:36 没有全屋自动布局按钮，请检查.....
2018-08-30 11:08:37 存在全屋自动布局按钮.....
2018-08-30 11:08:46 全屋自动布局发生异常,异常信息：Traceback (most recent call last):
  File "D:\python-workspace\layoutRoom_7.5\aijia\appaj.py", line 1090, in click_layoutWholeRoom
    检查全屋布局是否加载完成
NameError: name '检查全屋布局是否加载完成' is not defined

2018-08-30 11:08:49 >>>>>>>>步骤：清空房屋...
2018-08-30 11:08:50 点击清空...
2018-08-30 11:08:53 >>>>>>>>步骤：全屋自动布局Z.....
2018-08-30 11:08:53 存在全屋自动布局Z按钮.....
2018-08-30 11:09:03 全屋自动布局Z发生异常,异常信息：Traceback (most recent call last):
  File "D:\python-workspace\layoutRoom_7.5\aijia\appaj.py", line 1144, in click_layoutWholeRoomZ
    检查全屋布局是否加载完成
NameError: name '检查全屋布局是否加载完成' is not defined

2018-08-30 11:09:06 >>>>>>>>步骤：返回DNA首页.....
2018-08-30 11:09:13 返回DNA首页完成.....
2018-08-30 11:09:13 总共执行了：2 次
2018-08-30 11:09:16 

========================= solutionId:17376 =========================
2018-08-30 11:09:16 >>>>>>>>步骤：点击产品方案
2018-08-30 11:09:18 >>>>>>>>步骤：开始检查solutionId是否存在....
2018-08-30 11:09:21 方案id存在了！！！！！！！！！！！
2018-08-30 11:09:25 输入框输入dnaId及点击搜索完成
2018-08-30 11:09:29 solutionId存在
2018-08-30 11:09:29 >>>>>>>>步骤：下载或者打开产品方案....
2018-08-30 11:09:31 首页已存在下载好的方案，开始打开方案....
2018-08-30 11:09:31 打开方案未完成，还在打开中.....
2018-08-30 11:09:32 打开方案未完成，还在打开中.....
2018-08-30 11:09:34 打开方案未完成，还在打开中.....
2018-08-30 11:09:35 打开方案未完成，还在打开中.....
2018-08-30 11:09:36 打开方案未完成，还在打开中.....
2018-08-30 11:09:37 打开方案未完成，还在打开中.....
2018-08-30 11:09:38 打开方案未完成，还在打开中.....
2018-08-30 11:09:40 打开方案未完成，还在打开中.....
2018-08-30 11:09:41 打开方案未完成，还在打开中.....
2018-08-30 11:09:42 打开方案未完成，还在打开中.....
2018-08-30 11:09:43 打开方案未完成，还在打开中.....
2018-08-30 11:09:45 打开方案未完成，还在打开中.....
2018-08-30 11:09:46 打开方案未完成，还在打开中.....
2018-08-30 11:09:47 打开方案未完成，还在打开中.....
2018-08-30 11:09:49 打开方案未完成，还在打开中.....
2018-08-30 11:09:51 打开方案完成.....
2018-08-30 11:09:51 >>>>>>>>步骤：进入dna方案
2018-08-30 11:09:53 >>>>>>>>步骤：点击DNA
2018-08-30 11:09:54 点击DNA结束
2018-08-30 11:10:26 >>>>>>>>步骤：下拉框选择方案Id
2018-08-30 11:10:26 页面显示方案名称，开始选择方案id
2018-08-30 11:10:28 
------------------------------ solutionId:17376, dna_id:14194 ------------------------------
2018-08-30 11:10:30 输入框输入dnaId及点击搜索完成
2018-08-30 11:10:30 >>>>1
2018-08-30 11:10:30 >>>>>>>>步骤：打开DNA方案...
2018-08-30 11:10:30 >>>>2
2018-08-30 11:10:30 存在DNA方案...
2018-08-30 11:10:32 >>>>3
2018-08-30 11:10:32 打开DNA方案未完成，重新打开DNA方案...
2018-08-30 13:51:36 

solutionIds：['17355', '17376']
2018-08-30 13:51:36 dnaSolutionIds：['14194', '13536']
2018-08-30 13:51:36 开始时间：2018-08-30 13:51:36
2018-08-30 13:51:38 

========================= solutionId:17355 =========================
2018-08-30 13:51:38 >>>>>>>>步骤：点击产品方案
2018-08-30 13:51:39 >>>>>>>>步骤：开始检查solutionId是否存在....
2018-08-30 13:51:43 方案id存在了！！！！！！！！！！！
2018-08-30 13:51:47 输入框输入dnaId及点击搜索完成
2018-08-30 13:51:51 solutionId存在
2018-08-30 13:51:51 >>>>>>>>步骤：下载或者打开产品方案....
2018-08-30 13:51:53 首页已存在下载好的方案，开始打开方案....
2018-08-30 13:51:53 打开方案未完成，还在打开中.....
2018-08-30 13:51:55 打开方案完成.....
2018-08-30 13:51:55 >>>>>>>>步骤：进入dna方案
2018-08-30 13:51:57 >>>>>>>>步骤：点击DNA
2018-08-30 13:51:58 点击DNA结束
2018-08-30 13:51:58 >>>>>>>>步骤：下拉框选择方案Id
2018-08-30 13:51:58 页面显示方案名称，开始选择方案id
2018-08-30 13:52:00 
------------------------------ solutionId:17355, dna_id:14194 ------------------------------
2018-08-30 13:52:02 输入框输入dnaId及点击搜索完成
2018-08-30 13:52:02 >>>>1
2018-08-30 13:52:02 >>>>>>>>步骤：打开DNA方案...
2018-08-30 13:52:03 >>>>2
2018-08-30 13:52:03 存在DNA方案...
2018-08-30 13:52:04 >>>>3
2018-08-30 13:52:04 打开DNA方案完成！
2018-08-30 13:52:04 >>>>>>>>步骤：清空房屋...
2018-08-30 13:52:04 点击清空...
2018-08-30 13:52:06 确定清空！
2018-08-30 13:52:09 >>>>>>>>步骤：全屋自动布局.....
2018-08-30 13:52:11 存在全屋自动布局按钮.....
2018-08-30 13:52:21 全屋布局在加载中。。。
2018-08-30 13:52:23 全屋布局在加载中。。。
2018-08-30 13:52:25 全屋布局在加载中。。。
2018-08-30 13:52:28 全屋布局在加载中。。。
2018-08-30 13:52:30 全屋布局在加载中。。。
2018-08-30 13:52:32 全屋布局在加载中。。。
2018-08-30 13:52:34 全屋布局在加载中。。。
2018-08-30 13:52:36 全屋布局在加载中。。。
2018-08-30 13:52:38 全屋布局在加载中。。。
2018-08-30 13:52:41 全屋布局在加载中。。。
2018-08-30 13:52:43 全屋布局在加载中。。。
2018-08-30 13:52:45 全屋布局在加载中。。。
2018-08-30 13:52:47 全屋布局在加载中。。。
2018-08-30 13:52:49 全屋布局在加载中。。。
2018-08-30 13:52:52 全屋布局在加载中。。。
2018-08-30 13:52:54 全屋布局在加载中。。。
2018-08-30 13:52:56 全屋布局在加载中。。。
2018-08-30 13:52:58 全屋布局在加载中。。。
2018-08-30 13:53:00 全屋布局在加载中。。。
2018-08-30 13:53:03 全屋布局在加载中。。。
2018-08-30 13:53:05 全屋布局在加载中。。。
2018-08-30 13:53:07 全屋布局在加载中。。。
2018-08-30 13:53:09 全屋布局在加载中。。。
2018-08-30 13:53:11 全屋布局在加载中。。。
2018-08-30 13:53:13 全屋布局在加载中。。。
2018-08-30 13:53:16 全屋布局在加载中。。。
2018-08-30 13:53:18 全屋布局在加载中。。。
2018-08-30 13:53:20 全屋布局在加载中。。。
2018-08-30 13:53:22 全屋布局在加载中。。。
2018-08-30 13:53:24 全屋布局在加载中。。。
2018-08-30 13:53:27 全屋布局在加载中。。。
2018-08-30 13:53:28 全屋布局加载时间过长，已取消加载。。。
2018-08-30 13:53:29 >>>>>>>>步骤：清空房屋...
2018-08-30 13:53:30 点击清空...
2018-08-30 13:53:32 确定清空！
2018-08-30 13:53:35 >>>>>>>>步骤：全屋自动布局Z.....
2018-08-30 13:53:36 没有全屋自动布局Z按钮，请检查.....
2018-08-30 13:53:38 存在全屋自动布局Z按钮.....
2018-08-30 13:53:49 全屋布局Z在加载中。。。
2018-08-30 13:53:52 全屋布局Z在加载中。。。
2018-08-30 13:53:54 全屋布局Z在加载中。。。
2018-08-30 13:53:56 全屋布局Z在加载中。。。
2018-08-30 13:53:58 全屋布局Z在加载中。。。
2018-08-30 13:54:01 全屋布局Z在加载中。。。
2018-08-30 13:54:03 全屋布局Z在加载中。。。
2018-08-30 13:54:05 全屋布局Z在加载中。。。
2018-08-30 13:54:07 全屋布局Z在加载中。。。
2018-08-30 13:54:09 全屋布局Z在加载中。。。
2018-08-30 13:54:11 全屋布局Z在加载中。。。
2018-08-30 13:54:14 全屋布局Z在加载中。。。
2018-08-30 13:54:16 全屋布局Z在加载中。。。
2018-08-30 13:54:18 全屋布局Z在加载中。。。
2018-08-30 13:54:20 全屋布局Z在加载中。。。
2018-08-30 13:54:22 全屋布局Z在加载中。。。
2018-08-30 13:54:25 全屋布局Z在加载中。。。
2018-08-30 13:54:27 全屋布局Z在加载中。。。
2018-08-30 13:54:29 全屋布局Z在加载中。。。
2018-08-30 13:54:31 全屋布局Z在加载中。。。
2018-08-30 13:54:33 全屋布局Z在加载中。。。
2018-08-30 13:54:35 全屋布局Z在加载中。。。
2018-08-30 13:54:38 全屋布局Z在加载中。。。
2018-08-30 13:54:40 全屋布局Z在加载中。。。
2018-08-30 13:54:42 全屋布局Z在加载中。。。
2018-08-30 13:54:44 全屋布局Z在加载中。。。
2018-08-30 13:54:46 全屋布局Z在加载中。。。
2018-08-30 13:54:49 全屋布局Z在加载中。。。
2018-08-30 13:54:51 全屋布局Z在加载中。。。
2018-08-30 13:54:53 全屋布局Z在加载中。。。
2018-08-30 13:54:55 全屋布局Z在加载中。。。
2018-08-30 13:54:56 全屋布局Z加载时间过长，已取消加载。。。
2018-08-30 13:54:58 >>>>>>>>步骤：返回DNA首页.....
2018-08-30 13:55:03 返回DNA首页完成.....
2018-08-30 13:55:03 总共执行了：1 次
2018-08-30 13:55:03 
------------------------------ solutionId:17355, dna_id:13536 ------------------------------
2018-08-30 13:55:05 输入框输入dnaId及点击搜索完成
2018-08-30 13:55:05 >>>>1
2018-08-30 13:55:05 >>>>>>>>步骤：打开DNA方案...
2018-08-30 13:55:06 >>>>2
2018-08-30 13:55:06 存在DNA方案...
2018-08-30 13:55:07 >>>>3
2018-08-30 13:55:07 打开DNA方案完成！
2018-08-30 13:55:07 >>>>>>>>步骤：清空房屋...
2018-08-30 13:55:07 点击清空...
2018-08-30 13:55:09 确定清空！
2018-08-30 13:55:12 >>>>>>>>步骤：全屋自动布局.....
2018-08-30 13:55:16 存在全屋自动布局按钮.....
2018-08-30 13:55:26 全屋布局在加载中。。。
2018-08-30 13:55:28 全屋布局在加载中。。。
2018-08-30 13:55:31 全屋布局在加载中。。。
2018-08-30 13:55:33 全屋布局在加载中。。。
2018-08-30 13:55:35 全屋布局在加载中。。。
2018-08-30 13:55:37 全屋布局在加载中。。。
2018-08-30 13:55:39 全屋布局在加载中。。。
2018-08-30 13:55:42 全屋布局在加载中。。。
2018-08-30 13:55:44 全屋布局在加载中。。。
2018-08-30 13:55:46 全屋布局在加载中。。。
2018-08-30 13:55:48 全屋布局在加载中。。。
2018-08-30 13:55:50 全屋布局在加载中。。。
2018-08-30 13:55:52 全屋布局在加载中。。。
2018-08-30 13:55:55 全屋布局在加载中。。。
2018-08-30 13:55:57 全屋布局在加载中。。。
2018-08-30 13:55:59 全屋布局在加载中。。。
2018-08-30 13:56:01 全屋布局在加载中。。。
2018-08-30 13:56:03 全屋布局在加载中。。。
2018-08-30 13:56:06 全屋布局在加载中。。。
2018-08-30 13:56:08 全屋布局在加载中。。。
2018-08-30 13:56:10 全屋布局在加载中。。。
2018-08-30 13:56:12 全屋布局在加载中。。。
2018-08-30 13:56:14 全屋布局在加载中。。。
2018-08-30 13:56:16 全屋布局在加载中。。。
2018-08-30 13:56:19 全屋布局在加载中。。。
2018-08-30 13:56:21 全屋布局在加载中。。。
2018-08-30 13:56:23 全屋布局在加载中。。。
2018-08-30 13:56:25 全屋布局在加载中。。。
2018-08-30 13:56:27 全屋布局在加载中。。。
2018-08-30 13:56:30 全屋布局在加载中。。。
2018-08-30 13:56:32 全屋布局在加载中。。。
2018-08-30 13:56:33 全屋布局加载时间过长，已取消加载。。。
2018-08-30 13:56:35 >>>>>>>>步骤：清空房屋...
2018-08-30 13:56:35 点击清空...
2018-08-30 13:56:37 确定清空！
2018-08-30 13:56:39 >>>>>>>>步骤：全屋自动布局Z.....
2018-08-30 13:56:40 没有全屋自动布局Z按钮，请检查.....
2018-08-30 13:56:42 存在全屋自动布局Z按钮.....
2018-08-30 13:56:53 全屋布局Z在加载中。。。
2018-08-30 13:56:56 全屋布局Z在加载中。。。
2018-08-30 13:56:58 全屋布局Z在加载中。。。
2018-08-30 13:57:00 全屋布局Z在加载中。。。
2018-08-30 13:57:02 全屋布局Z在加载中。。。
2018-08-30 13:57:04 全屋布局Z在加载中。。。
2018-08-30 13:57:07 全屋布局Z在加载中。。。
2018-08-30 13:57:09 全屋布局Z在加载中。。。
2018-08-30 13:57:11 全屋布局Z在加载中。。。
2018-08-30 13:57:13 全屋布局Z在加载中。。。
2018-08-30 13:57:15 全屋布局Z在加载中。。。
2018-08-30 13:57:17 全屋布局Z在加载中。。。
2018-08-30 13:57:20 全屋布局Z在加载中。。。
2018-08-30 13:57:22 全屋布局Z在加载中。。。
2018-08-30 13:57:24 全屋布局Z在加载中。。。
2018-08-30 13:57:26 全屋布局Z在加载中。。。
2018-08-30 13:57:28 全屋布局Z在加载中。。。
2018-08-30 13:57:31 全屋布局Z在加载中。。。
2018-08-30 13:57:33 全屋布局Z在加载中。。。
2018-08-30 13:57:35 全屋布局Z在加载中。。。
2018-08-30 13:57:37 全屋布局Z在加载中。。。
2018-08-30 13:57:39 全屋布局Z在加载中。。。
2018-08-30 13:57:42 全屋布局Z在加载中。。。
2018-08-30 13:57:44 全屋布局Z在加载中。。。
2018-08-30 13:57:46 全屋布局Z在加载中。。。
2018-08-30 13:57:48 全屋布局Z在加载中。。。
2018-08-30 13:57:50 全屋布局Z在加载中。。。
2018-08-30 13:57:52 全屋布局Z在加载中。。。
2018-08-30 13:57:55 全屋布局Z在加载中。。。
2018-08-30 13:57:57 全屋布局Z在加载中。。。
2018-08-30 13:57:59 全屋布局Z在加载中。。。
2018-08-30 13:58:00 全屋布局Z加载时间过长，已取消加载。。。
2018-08-30 13:58:02 >>>>>>>>步骤：返回DNA首页.....
2018-08-30 13:58:07 返回DNA首页完成.....
2018-08-30 13:58:07 总共执行了：2 次
2018-08-30 13:58:10 

========================= solutionId:17376 =========================
2018-08-30 13:58:10 >>>>>>>>步骤：点击产品方案
2018-08-30 13:58:12 >>>>>>>>步骤：开始检查solutionId是否存在....
2018-08-30 13:58:16 方案id存在了！！！！！！！！！！！
2018-08-30 13:58:20 输入框输入dnaId及点击搜索完成
2018-08-30 13:58:24 solutionId存在
2018-08-30 13:58:24 >>>>>>>>步骤：下载或者打开产品方案....
2018-08-30 13:58:26 首页已存在下载好的方案，开始打开方案....
2018-08-30 13:58:26 打开方案未完成，还在打开中.....
2018-08-30 13:58:27 打开方案未完成，还在打开中.....
2018-08-30 13:58:28 打开方案未完成，还在打开中.....
2018-08-30 13:58:30 打开方案未完成，还在打开中.....
2018-08-30 13:58:31 打开方案未完成，还在打开中.....
2018-08-30 13:58:33 打开方案未完成，还在打开中.....
2018-08-30 13:58:35 打开方案完成.....
2018-08-30 13:58:35 >>>>>>>>步骤：进入dna方案
2018-08-30 13:58:36 >>>>>>>>步骤：点击DNA
2018-08-30 13:58:37 点击DNA结束
2018-08-30 13:58:37 >>>>>>>>步骤：下拉框选择方案Id
2018-08-30 13:58:37 页面显示方案名称，开始选择方案id
2018-08-30 13:58:40 
------------------------------ solutionId:17376, dna_id:14194 ------------------------------
2018-08-30 13:58:42 输入框输入dnaId及点击搜索完成
2018-08-30 13:58:42 >>>>1
2018-08-30 13:58:42 >>>>>>>>步骤：打开DNA方案...
2018-08-30 13:58:43 >>>>2
2018-08-30 13:58:43 存在DNA方案...
2018-08-30 13:58:45 >>>>3
2018-08-30 13:58:45 打开DNA方案未完成，重新打开DNA方案...
2018-08-30 13:58:47 >>>>3
2018-08-30 13:58:47 打开DNA方案完成！
2018-08-30 13:58:48 >>>>>>>>步骤：清空房屋...
2018-08-30 13:58:48 点击清空...
2018-08-30 13:58:50 确定清空！
2018-08-30 13:58:52 >>>>>>>>步骤：全屋自动布局.....
2018-08-30 13:58:57 全屋自动布局发生异常,异常信息：Traceback (most recent call last):
  File "C:\Users\Administrator\AppData\Local\Programs\Python\Python37\lib\site-packages\pywinauto\application.py", line 246, in __resolve_control
    criteria)
  File "C:\Users\Administrator\AppData\Local\Programs\Python\Python37\lib\site-packages\pywinauto\timings.py", line 453, in wait_until_passes
    raise err
pywinauto.timings.TimeoutError

During handling of the above exception, another exception occurred:

Traceback (most recent call last):
  File "D:\python-workspace\layoutRoom_7.5\aijia\appaj.py", line 1070, in click_layoutWholeRoom
    if not check(appwindow, findpic=全屋自动布局L, timeout=1):
  File "D:\python-workspace\layoutRoom_7.5\aijia\appaj.py", line 292, in check
    saveimage(appwindow, picturename)
  File "D:\python-workspace\layoutRoom_7.5\lib\public.py", line 140, in saveimage
    print(appwindow.rectangle())  # 获取应用图形矩阵
  File "C:\Users\Administrator\AppData\Local\Programs\Python\Python37\lib\site-packages\pywinauto\application.py", line 368, in __getattribute__
    ctrls = self.__resolve_control(self.criteria)
  File "C:\Users\Administrator\AppData\Local\Programs\Python\Python37\lib\site-packages\pywinauto\application.py", line 249, in __resolve_control
    raise e.original_exception
  File "C:\Users\Administrator\AppData\Local\Programs\Python\Python37\lib\site-packages\pywinauto\timings.py", line 431, in wait_until_passes
    func_val = func(*args, **kwargs)
  File "C:\Users\Administrator\AppData\Local\Programs\Python\Python37\lib\site-packages\pywinauto\application.py", line 191, in __get_ctrl
    dialog = self.backend.generic_wrapper_class(findwindows.find_element(**criteria[0]))
  File "C:\Users\Administrator\AppData\Local\Programs\Python\Python37\lib\site-packages\pywinauto\findwindows.py", line 84, in find_element
    elements = find_elements(**kwargs)
  File "C:\Users\Administrator\AppData\Local\Programs\Python\Python37\lib\site-packages\pywinauto\findwindows.py", line 303, in find_elements
    elements = findbestmatch.find_best_control_matches(best_match, wrapped_elems)
  File "C:\Users\Administrator\AppData\Local\Programs\Python\Python37\lib\site-packages\pywinauto\findbestmatch.py", line 533, in find_best_control_matches
    raise MatchError(items = name_control_map.keys(), tofind = search_text)
pywinauto.findbestmatch.MatchError: Could not find 'ihome' in 'dict_keys(['', 'UnrealWindow'])'

2018-08-30 13:59:00 >>>>>>>>步骤：清空房屋...
2018-08-30 13:59:06 点击清空...
2018-08-30 13:59:08 确定清空！
2018-08-30 13:59:11 >>>>>>>>步骤：全屋自动布局Z.....
2018-08-30 13:59:12 没有全屋自动布局Z按钮，请检查.....
2018-08-30 13:59:14 存在全屋自动布局Z按钮.....
2018-08-30 13:59:25 全屋布局Z在加载中。。。
2018-08-30 13:59:28 全屋布局Z在加载中。。。
2018-08-30 13:59:30 全屋布局Z在加载中。。。
2018-08-30 13:59:32 全屋布局Z在加载中。。。
2018-08-30 13:59:34 全屋布局Z在加载中。。。
2018-08-30 13:59:36 全屋布局Z在加载中。。。
2018-08-30 13:59:39 全屋布局Z在加载中。。。
2018-08-30 13:59:41 全屋布局Z在加载中。。。
2018-08-30 13:59:43 全屋布局Z在加载中。。。
2018-08-30 13:59:45 全屋布局Z在加载中。。。
2018-08-30 13:59:47 全屋布局Z在加载中。。。
2018-08-30 13:59:49 全屋布局Z在加载中。。。
2018-08-30 13:59:52 全屋布局Z在加载中。。。
2018-08-30 13:59:54 全屋布局Z在加载中。。。
2018-08-30 13:59:56 全屋布局Z在加载中。。。
2018-08-30 13:59:58 全屋布局Z在加载中。。。
2018-08-30 14:00:00 全屋布局Z在加载中。。。
2018-08-30 14:00:02 全屋布局Z在加载中。。。
2018-08-30 14:00:05 全屋布局Z在加载中。。。
2018-08-30 14:00:07 全屋布局Z在加载中。。。
2018-08-30 14:00:09 全屋布局Z在加载中。。。
2018-08-30 14:00:11 全屋布局Z在加载中。。。
2018-08-30 14:00:13 全屋布局Z在加载中。。。
2018-08-30 14:00:16 全屋布局Z在加载中。。。
2018-08-30 14:00:18 全屋布局Z在加载中。。。
2018-08-30 14:00:20 全屋布局Z在加载中。。。
2018-08-30 14:00:22 全屋布局Z在加载中。。。
2018-08-30 14:00:24 全屋布局Z在加载中。。。
2018-08-30 14:00:26 全屋布局Z在加载中。。。
2018-08-30 14:00:29 全屋布局Z在加载中。。。
2018-08-30 14:00:31 全屋布局Z在加载中。。。
2018-08-30 14:00:32 全屋布局Z加载时间过长，已取消加载。。。
2018-08-30 14:00:34 >>>>>>>>步骤：返回DNA首页.....
2018-08-30 14:00:40 返回DNA首页完成.....
2018-08-30 14:00:40 总共执行了：3 次
2018-08-30 14:00:40 
------------------------------ solutionId:17376, dna_id:13536 ------------------------------
2018-08-30 14:00:42 输入框输入dnaId及点击搜索完成
2018-08-30 14:00:42 >>>>1
2018-08-30 14:00:42 >>>>>>>>步骤：打开DNA方案...
2018-08-30 14:00:43 >>>>2
2018-08-30 14:00:43 存在DNA方案...
2018-08-30 14:00:44 >>>>3
2018-08-30 14:00:44 打开DNA方案完成！
2018-08-30 14:00:44 >>>>>>>>步骤：清空房屋...
2018-08-30 14:00:44 点击清空...
2018-08-30 14:00:46 确定清空！
2018-08-30 14:00:49 >>>>>>>>步骤：全屋自动布局.....
2018-08-30 14:00:55 存在全屋自动布局按钮.....
2018-08-30 14:01:05 全屋布局在加载中。。。
2018-08-30 14:01:07 全屋布局在加载中。。。
2018-08-30 14:01:09 全屋布局在加载中。。。
2018-08-30 14:01:12 全屋布局在加载中。。。
2018-08-30 14:01:14 全屋布局在加载中。。。
2018-08-30 14:01:16 全屋布局在加载中。。。
2018-08-30 14:01:18 全屋布局在加载中。。。
2018-08-30 14:01:20 全屋布局在加载中。。。
2018-08-30 14:01:22 全屋布局在加载中。。。
2018-08-30 14:01:25 全屋布局在加载中。。。
2018-08-30 14:01:27 全屋布局在加载中。。。
2018-08-30 14:01:29 全屋布局在加载中。。。
2018-08-30 14:01:31 全屋布局在加载中。。。
2018-08-30 14:01:33 全屋布局在加载中。。。
2018-08-30 14:01:36 全屋布局在加载中。。。
2018-08-30 14:01:38 全屋布局在加载中。。。
2018-08-30 14:01:40 全屋布局在加载中。。。
2018-08-30 14:01:42 全屋布局在加载中。。。
2018-08-30 14:01:44 全屋布局在加载中。。。
2018-08-30 14:01:46 全屋布局在加载中。。。
2018-08-30 14:01:49 全屋布局在加载中。。。
2018-08-30 14:01:51 全屋布局在加载中。。。
2018-08-30 14:01:53 全屋布局在加载中。。。
2018-08-30 14:01:55 全屋布局在加载中。。。
2018-08-30 14:01:57 全屋布局在加载中。。。
2018-08-30 14:02:00 全屋布局在加载中。。。
2018-08-30 14:02:02 全屋布局在加载中。。。
2018-08-30 14:02:04 全屋布局在加载中。。。
2018-08-30 14:02:06 全屋布局在加载中。。。
2018-08-30 14:02:08 全屋布局在加载中。。。
2018-08-30 14:02:10 全屋布局在加载中。。。
2018-08-30 14:02:11 全屋布局加载时间过长，已取消加载。。。
2018-08-30 14:02:13 >>>>>>>>步骤：清空房屋...
2018-08-30 14:02:14 点击清空...
2018-08-30 14:02:16 确定清空！
2018-08-30 14:02:18 >>>>>>>>步骤：全屋自动布局Z.....
2018-08-30 14:02:19 没有全屋自动布局Z按钮，请检查.....
2018-08-30 14:02:20 存在全屋自动布局Z按钮.....
2018-08-30 14:02:32 全屋布局Z在加载中。。。
2018-08-30 14:02:34 全屋布局Z在加载中。。。
2018-08-30 14:02:37 全屋布局Z在加载中。。。
2018-08-30 14:02:39 全屋布局Z在加载中。。。
2018-08-30 14:02:41 全屋布局Z在加载中。。。
2018-08-30 14:02:43 全屋布局Z在加载中。。。
2018-08-30 14:02:45 全屋布局Z在加载中。。。
2018-08-30 14:02:47 全屋布局Z在加载中。。。
2018-08-30 14:32:41 

solutionIds：['17355', '17376']
2018-08-30 14:32:41 dnaSolutionIds：['14194', '13536']
2018-08-30 14:32:41 开始时间：2018-08-30 14:32:41
2018-08-30 14:32:42 

========================= solutionId:17355 =========================
2018-08-30 14:32:42 >>>>>>>>步骤：点击产品方案
2018-08-30 14:32:44 >>>>>>>>步骤：开始检查solutionId是否存在....
2018-08-30 14:32:48 方案id存在了！！！！！！！！！！！
2018-08-30 14:32:52 输入框输入dnaId及点击搜索完成
2018-08-30 14:32:56 solutionId存在
2018-08-30 14:32:56 >>>>>>>>步骤：下载或者打开产品方案....
2018-08-30 14:32:57 首页已存在下载好的方案，开始打开方案....
2018-08-30 14:32:58 打开方案未完成，还在打开中.....
2018-08-30 14:33:00 打开方案完成.....
2018-08-30 14:33:00 >>>>>>>>步骤：进入dna方案
2018-08-30 14:33:02 >>>>>>>>步骤：点击DNA
2018-08-30 14:33:02 点击DNA结束
2018-08-30 14:33:03 >>>>>>>>步骤：下拉框选择方案Id
2018-08-30 14:33:03 页面显示方案名称，开始选择方案id
2018-08-30 14:33:05 
------------------------------ solutionId:17355, dna_id:14194 ------------------------------
2018-08-30 14:33:06 输入框输入dnaId及点击搜索完成
2018-08-30 14:33:07 >>>>1
2018-08-30 14:33:07 >>>>>>>>步骤：打开DNA方案...
2018-08-30 14:33:07 >>>>2
2018-08-30 14:33:07 存在DNA方案...
2018-08-30 14:33:08 >>>>3
2018-08-30 14:33:08 打开DNA方案完成！
2018-08-30 14:33:08 >>>>>>>>步骤：清空房屋...
2018-08-30 14:33:09 点击清空...
2018-08-30 14:33:11 确定清空！
2018-08-30 14:33:13 >>>>>>>>步骤：全屋自动布局.....
2018-08-30 14:33:15 存在全屋自动布局按钮.....
2018-08-30 14:33:24 正在全屋布局中.....
2018-08-30 14:33:24 全屋自动布局完成
2018-08-30 14:33:25 >>>>>>>>步骤：清空房屋...
2018-08-30 14:33:25 点击清空...
2018-08-30 14:33:27 确定清空！
2018-08-30 14:33:29 >>>>>>>>步骤：全屋自动布局Z.....
2018-08-30 14:33:30 没有全屋自动布局Z按钮，请检查.....
2018-08-30 14:33:32 存在全屋自动布局Z按钮.....
2018-08-30 14:33:44 全屋布局Z在加载中。。。
2018-08-30 14:33:46 全屋布局Z在加载中。。。
2018-08-30 14:33:47 正在全屋布局Z中.....
2018-08-30 14:33:47 全屋自动布局Z完成
2018-08-30 14:33:47 >>>>>>>>步骤：返回DNA首页.....
2018-08-30 14:33:56 返回DNA首页完成.....
2018-08-30 14:33:56 总共执行了：1 次
2018-08-30 14:33:56 
------------------------------ solutionId:17355, dna_id:13536 ------------------------------
2018-08-30 14:33:58 输入框输入dnaId及点击搜索完成
2018-08-30 14:33:58 >>>>1
2018-08-30 14:33:58 >>>>>>>>步骤：打开DNA方案...
2018-08-30 14:33:58 >>>>2
2018-08-30 14:33:58 存在DNA方案...
2018-08-30 14:33:59 >>>>3
2018-08-30 14:33:59 打开DNA方案完成！
2018-08-30 14:34:00 >>>>>>>>步骤：清空房屋...
2018-08-30 14:34:00 点击清空...
2018-08-30 14:34:02 确定清空！
2018-08-30 14:34:04 >>>>>>>>步骤：全屋自动布局.....
2018-08-30 14:34:08 存在全屋自动布局按钮.....
2018-08-30 14:34:17 正在全屋布局中.....
2018-08-30 14:34:18 全屋自动布局完成
2018-08-30 14:34:18 >>>>>>>>步骤：清空房屋...
2018-08-30 14:34:18 点击清空...
2018-08-30 14:34:20 确定清空！
2018-08-30 14:34:22 >>>>>>>>步骤：全屋自动布局Z.....
2018-08-30 14:34:24 没有全屋自动布局Z按钮，请检查.....
2018-08-30 14:34:25 存在全屋自动布局Z按钮.....
2018-08-30 14:34:37 全屋布局Z在加载中。。。
2018-08-30 14:34:38 正在全屋布局Z中.....
2018-08-30 14:34:39 全屋自动布局Z完成
2018-08-30 14:34:39 >>>>>>>>步骤：返回DNA首页.....
2018-08-30 14:34:44 返回DNA首页完成.....
2018-08-30 14:34:44 总共执行了：2 次
2018-08-30 14:34:47 

========================= solutionId:17376 =========================
2018-08-30 14:34:47 >>>>>>>>步骤：点击产品方案
2018-08-30 14:34:49 >>>>>>>>步骤：开始检查solutionId是否存在....
2018-08-30 14:34:53 方案id存在了！！！！！！！！！！！
2018-08-30 14:34:57 输入框输入dnaId及点击搜索完成
2018-08-30 14:35:01 solutionId存在
2018-08-30 14:35:01 >>>>>>>>步骤：下载或者打开产品方案....
2018-08-30 14:35:02 首页已存在下载好的方案，开始打开方案....
2018-08-30 14:35:03 打开方案未完成，还在打开中.....
2018-08-30 14:35:04 打开方案未完成，还在打开中.....
2018-08-30 14:35:05 打开方案未完成，还在打开中.....
2018-08-30 14:35:06 打开方案未完成，还在打开中.....
2018-08-30 14:35:08 打开方案未完成，还在打开中.....
2018-08-30 14:35:10 打开方案未完成，还在打开中.....
2018-08-30 14:35:12 打开方案完成.....
2018-08-30 14:35:12 >>>>>>>>步骤：进入dna方案
2018-08-30 14:35:13 >>>>>>>>步骤：点击DNA
2018-08-30 14:35:14 点击DNA结束
2018-08-30 14:35:14 >>>>>>>>步骤：下拉框选择方案Id
2018-08-30 14:35:14 页面显示方案名称，开始选择方案id
2018-08-30 14:35:17 
------------------------------ solutionId:17376, dna_id:14194 ------------------------------
2018-08-30 14:35:19 输入框输入dnaId及点击搜索完成
2018-08-30 14:35:19 >>>>1
2018-08-30 14:35:19 >>>>>>>>步骤：打开DNA方案...
2018-08-30 14:35:19 >>>>2
2018-08-30 14:35:19 存在DNA方案...
2018-08-30 14:35:20 >>>>3
2018-08-30 14:35:20 打开DNA方案完成！
2018-08-30 14:35:21 >>>>>>>>步骤：清空房屋...
2018-08-30 14:35:21 点击清空...
2018-08-30 14:35:24 确定清空！
2018-08-30 14:35:26 >>>>>>>>步骤：全屋自动布局.....
2018-08-30 14:35:31 全屋自动布局发生异常,异常信息：Traceback (most recent call last):
  File "C:\Users\Administrator\AppData\Local\Programs\Python\Python37\lib\site-packages\pywinauto\application.py", line 246, in __resolve_control
    criteria)
  File "C:\Users\Administrator\AppData\Local\Programs\Python\Python37\lib\site-packages\pywinauto\timings.py", line 453, in wait_until_passes
    raise err
pywinauto.timings.TimeoutError

During handling of the above exception, another exception occurred:

Traceback (most recent call last):
  File "D:\python-workspace\layoutRoom_7.5\aijia\appaj.py", line 1070, in click_layoutWholeRoom
    if not check(appwindow, findpic=全屋自动布局L, timeout=1):
  File "D:\python-workspace\layoutRoom_7.5\aijia\appaj.py", line 292, in check
    saveimage(appwindow, picturename)
  File "D:\python-workspace\layoutRoom_7.5\lib\public.py", line 140, in saveimage
    print(appwindow.rectangle())  # 获取应用图形矩阵
  File "C:\Users\Administrator\AppData\Local\Programs\Python\Python37\lib\site-packages\pywinauto\application.py", line 368, in __getattribute__
    ctrls = self.__resolve_control(self.criteria)
  File "C:\Users\Administrator\AppData\Local\Programs\Python\Python37\lib\site-packages\pywinauto\application.py", line 249, in __resolve_control
    raise e.original_exception
  File "C:\Users\Administrator\AppData\Local\Programs\Python\Python37\lib\site-packages\pywinauto\timings.py", line 431, in wait_until_passes
    func_val = func(*args, **kwargs)
  File "C:\Users\Administrator\AppData\Local\Programs\Python\Python37\lib\site-packages\pywinauto\application.py", line 191, in __get_ctrl
    dialog = self.backend.generic_wrapper_class(findwindows.find_element(**criteria[0]))
  File "C:\Users\Administrator\AppData\Local\Programs\Python\Python37\lib\site-packages\pywinauto\findwindows.py", line 84, in find_element
    elements = find_elements(**kwargs)
  File "C:\Users\Administrator\AppData\Local\Programs\Python\Python37\lib\site-packages\pywinauto\findwindows.py", line 303, in find_elements
    elements = findbestmatch.find_best_control_matches(best_match, wrapped_elems)
  File "C:\Users\Administrator\AppData\Local\Programs\Python\Python37\lib\site-packages\pywinauto\findbestmatch.py", line 533, in find_best_control_matches
    raise MatchError(items = name_control_map.keys(), tofind = search_text)
pywinauto.findbestmatch.MatchError: Could not find 'ihome' in 'dict_keys(['', 'UnrealWindow'])'

2018-08-30 14:35:34 >>>>>>>>步骤：清空房屋...
2018-08-30 14:35:39 点击清空...
2018-08-30 14:35:42 确定清空！
2018-08-30 14:35:44 >>>>>>>>步骤：全屋自动布局Z.....
2018-08-30 14:35:46 没有全屋自动布局Z按钮，请检查.....
2018-08-30 14:35:47 存在全屋自动布局Z按钮.....
2018-08-30 14:51:23 

solutionIds：['17355', '17376']
2018-08-30 14:51:23 dnaSolutionIds：['14194', '13536']
2018-08-30 14:51:23 开始时间：2018-08-30 14:51:23
2018-08-30 14:51:24 

========================= solutionId:17355 =========================
2018-08-30 14:51:24 >>>>>>>>步骤：点击产品方案
2018-08-30 14:51:26 >>>>>>>>步骤：开始检查solutionId是否存在....
2018-08-30 14:51:30 方案id存在了！！！！！！！！！！！
2018-08-30 14:51:34 输入框输入dnaId及点击搜索完成
2018-08-30 14:51:38 solutionId存在
2018-08-30 14:51:38 >>>>>>>>步骤：下载或者打开产品方案....
2018-08-30 14:51:39 首页已存在下载好的方案，开始打开方案....
2018-08-30 14:51:40 打开方案未完成，还在打开中.....
2018-08-30 14:51:42 打开方案完成.....
2018-08-30 14:51:42 >>>>>>>>步骤：进入dna方案
2018-08-30 14:51:44 >>>>>>>>步骤：点击DNA
2018-08-30 14:51:45 点击DNA结束
2018-08-30 14:51:45 >>>>>>>>步骤：下拉框选择方案Id
2018-08-30 14:51:45 页面显示方案名称，开始选择方案id
2018-08-30 14:51:47 
------------------------------ solutionId:17355, dna_id:14194 ------------------------------
2018-08-30 14:51:49 输入框输入dnaId及点击搜索完成
2018-08-30 14:51:49 >>>>1
2018-08-30 14:51:49 >>>>>>>>步骤：打开DNA方案...
2018-08-30 14:51:49 >>>>2
2018-08-30 14:51:49 存在DNA方案...
2018-08-30 14:51:50 >>>>3
2018-08-30 14:51:50 打开DNA方案完成！
2018-08-30 14:51:51 >>>>>>>>步骤：清空房屋...
2018-08-30 14:51:51 点击清空...
2018-08-30 14:51:53 确定清空！
2018-08-30 14:51:56 清空完成
2018-08-30 14:51:56 >>>>>>>>步骤：全屋自动布局.....
2018-08-30 14:51:58 存在全屋自动布局按钮.....
2018-08-30 14:52:07 正在全屋布局中.....
2018-08-30 14:52:07 全屋自动布局完成
2018-08-30 14:52:07 >>>>>>>>步骤：清空房屋...
2018-08-30 14:52:08 点击清空...
2018-08-30 14:52:10 确定清空！
2018-08-30 14:52:12 清空完成
2018-08-30 14:52:12 >>>>>>>>步骤：全屋自动布局Z.....
2018-08-30 14:52:14 没有全屋自动布局Z按钮，请检查.....
2018-08-30 14:52:15 存在全屋自动布局Z按钮.....
2018-08-30 14:52:27 全屋布局Z在加载中。。。
2018-08-30 14:52:29 全屋布局Z在加载中。。。
2018-08-30 14:52:30 正在全屋布局Z中.....
2018-08-30 14:52:30 全屋自动布局Z完成
2018-08-30 14:52:31 >>>>>>>>步骤：返回DNA首页.....
2018-08-30 14:52:39 返回DNA首页完成.....
2018-08-30 14:52:39 总共执行了：1 次
2018-08-30 14:52:39 
------------------------------ solutionId:17355, dna_id:13536 ------------------------------
2018-08-30 14:52:41 输入框输入dnaId及点击搜索完成
2018-08-30 14:52:41 >>>>1
2018-08-30 14:52:41 >>>>>>>>步骤：打开DNA方案...
2018-08-30 14:52:41 >>>>2
2018-08-30 14:52:41 存在DNA方案...
2018-08-30 14:52:42 >>>>3
2018-08-30 14:52:42 打开DNA方案完成！
2018-08-30 14:52:43 >>>>>>>>步骤：清空房屋...
2018-08-30 14:52:43 点击清空...
2018-08-30 14:52:45 确定清空！
2018-08-30 14:52:48 清空完成
2018-08-30 14:52:49 >>>>>>>>步骤：全屋自动布局.....
2018-08-30 14:52:51 存在全屋自动布局按钮.....
2018-08-30 14:53:01 正在全屋布局中.....
2018-08-30 14:53:01 全屋自动布局完成
2018-08-30 14:53:01 >>>>>>>>步骤：清空房屋...
2018-08-30 14:53:01 点击清空...
2018-08-30 14:53:03 确定清空！
2018-08-30 14:53:06 清空完成
2018-08-30 14:53:06 >>>>>>>>步骤：全屋自动布局Z.....
2018-08-30 14:53:07 没有全屋自动布局Z按钮，请检查.....
2018-08-30 14:53:08 存在全屋自动布局Z按钮.....
2018-08-30 14:53:20 全屋布局Z在加载中。。。
2018-08-30 14:53:22 全屋布局Z在加载中。。。
2018-08-30 14:53:24 全屋布局Z在加载中。。。
2018-08-30 14:53:26 正在全屋布局Z中.....
2018-08-30 14:53:26 全屋自动布局Z完成
2018-08-30 14:53:26 >>>>>>>>步骤：返回DNA首页.....
2018-08-30 14:53:31 返回DNA首页完成.....
2018-08-30 14:53:31 总共执行了：2 次
2018-08-30 14:53:35 

========================= solutionId:17376 =========================
2018-08-30 14:53:35 >>>>>>>>步骤：点击产品方案
2018-08-30 14:53:36 >>>>>>>>步骤：开始检查solutionId是否存在....
2018-08-30 14:53:40 方案id存在了！！！！！！！！！！！
2018-08-30 14:53:44 输入框输入dnaId及点击搜索完成
2018-08-30 14:53:48 solutionId存在
2018-08-30 14:53:48 >>>>>>>>步骤：下载或者打开产品方案....
2018-08-30 14:53:50 首页已存在下载好的方案，开始打开方案....
2018-08-30 14:53:50 打开方案未完成，还在打开中.....
2018-08-30 14:53:51 打开方案未完成，还在打开中.....
2018-08-30 14:53:53 打开方案未完成，还在打开中.....
2018-08-30 14:53:54 打开方案未完成，还在打开中.....
2018-08-30 14:53:55 打开方案未完成，还在打开中.....
2018-08-30 14:53:57 打开方案未完成，还在打开中.....
2018-08-30 14:54:00 打开方案完成.....
2018-08-30 14:54:00 >>>>>>>>步骤：进入dna方案
2018-08-30 14:54:01 >>>>>>>>步骤：点击DNA
2018-08-30 14:54:02 点击DNA结束
2018-08-30 14:54:02 >>>>>>>>步骤：下拉框选择方案Id
2018-08-30 14:54:02 页面显示方案名称，开始选择方案id
2018-08-30 14:54:05 
------------------------------ solutionId:17376, dna_id:14194 ------------------------------
2018-08-30 14:54:06 输入框输入dnaId及点击搜索完成
2018-08-30 14:54:07 >>>>1
2018-08-30 14:54:07 >>>>>>>>步骤：打开DNA方案...
2018-08-30 14:54:07 >>>>2
2018-08-30 14:54:07 存在DNA方案...
2018-08-30 14:54:08 >>>>3
2018-08-30 14:54:08 打开DNA方案完成！
2018-08-30 14:54:08 >>>>>>>>步骤：清空房屋...
2018-08-30 14:54:09 点击清空...
2018-08-30 14:54:11 确定清空！
2018-08-30 14:54:18 清空发生异常,异常信息：Traceback (most recent call last):
  File "C:\Users\Administrator\AppData\Local\Programs\Python\Python37\lib\site-packages\pywinauto\application.py", line 246, in __resolve_control
    criteria)
  File "C:\Users\Administrator\AppData\Local\Programs\Python\Python37\lib\site-packages\pywinauto\timings.py", line 453, in wait_until_passes
    raise err
pywinauto.timings.TimeoutError

During handling of the above exception, another exception occurred:

Traceback (most recent call last):
  File "D:\python-workspace\layoutRoom_7.5\aijia\appaj.py", line 1007, in delete_all_of_room1
    if check(appwindow, findpic=清空完成, timeout=1, confidence=0.8):
  File "D:\python-workspace\layoutRoom_7.5\aijia\appaj.py", line 292, in check
    saveimage(appwindow, picturename)
  File "D:\python-workspace\layoutRoom_7.5\lib\public.py", line 140, in saveimage
    print(appwindow.rectangle())  # 获取应用图形矩阵
  File "C:\Users\Administrator\AppData\Local\Programs\Python\Python37\lib\site-packages\pywinauto\application.py", line 368, in __getattribute__
    ctrls = self.__resolve_control(self.criteria)
  File "C:\Users\Administrator\AppData\Local\Programs\Python\Python37\lib\site-packages\pywinauto\application.py", line 249, in __resolve_control
    raise e.original_exception
  File "C:\Users\Administrator\AppData\Local\Programs\Python\Python37\lib\site-packages\pywinauto\timings.py", line 431, in wait_until_passes
    func_val = func(*args, **kwargs)
  File "C:\Users\Administrator\AppData\Local\Programs\Python\Python37\lib\site-packages\pywinauto\application.py", line 191, in __get_ctrl
    dialog = self.backend.generic_wrapper_class(findwindows.find_element(**criteria[0]))
  File "C:\Users\Administrator\AppData\Local\Programs\Python\Python37\lib\site-packages\pywinauto\findwindows.py", line 84, in find_element
    elements = find_elements(**kwargs)
  File "C:\Users\Administrator\AppData\Local\Programs\Python\Python37\lib\site-packages\pywinauto\findwindows.py", line 303, in find_elements
    elements = findbestmatch.find_best_control_matches(best_match, wrapped_elems)
  File "C:\Users\Administrator\AppData\Local\Programs\Python\Python37\lib\site-packages\pywinauto\findbestmatch.py", line 533, in find_best_control_matches
    raise MatchError(items = name_control_map.keys(), tofind = search_text)
pywinauto.findbestmatch.MatchError: Could not find 'ihome' in 'dict_keys(['', 'UnrealWindow'])'

2018-08-30 14:54:21 >>>>>>>>步骤：全屋自动布局.....
2018-08-30 14:54:28 存在全屋自动布局按钮.....
2018-08-30 14:54:37 正在全屋布局中.....
2018-08-30 14:54:37 全屋自动布局完成
2018-08-30 14:54:37 >>>>>>>>步骤：清空房屋...
2018-08-30 14:54:37 点击清空...
2018-08-30 14:54:39 确定清空！
2018-08-30 14:54:42 清空完成
2018-08-30 14:54:42 >>>>>>>>步骤：全屋自动布局Z.....
2018-08-30 14:54:43 没有全屋自动布局Z按钮，请检查.....
2018-08-30 14:54:45 存在全屋自动布局Z按钮.....
2018-08-30 14:54:55 正在全屋布局Z中.....
2018-08-30 14:54:56 全屋自动布局Z完成
2018-08-30 14:54:56 >>>>>>>>步骤：返回DNA首页.....
2018-08-30 14:55:04 返回DNA首页完成.....
2018-08-30 14:55:04 总共执行了：3 次
2018-08-30 14:55:04 
------------------------------ solutionId:17376, dna_id:13536 ------------------------------
2018-08-30 14:55:07 输入框输入dnaId及点击搜索完成
2018-08-30 14:55:07 >>>>1
2018-08-30 14:55:07 >>>>>>>>步骤：打开DNA方案...
2018-08-30 14:55:07 >>>>2
2018-08-30 14:55:07 存在DNA方案...
2018-08-30 14:55:08 >>>>3
2018-08-30 14:55:08 打开DNA方案完成！
2018-08-30 14:55:09 >>>>>>>>步骤：清空房屋...
2018-08-30 14:55:09 点击清空...
2018-08-30 14:55:11 确定清空！
2018-08-30 14:55:16 清空完成
2018-08-30 14:55:16 >>>>>>>>步骤：全屋自动布局.....
2018-08-30 14:55:19 存在全屋自动布局按钮.....
2018-08-30 14:55:28 正在全屋布局中.....
2018-08-30 14:55:29 全屋自动布局完成
2018-08-30 14:55:29 >>>>>>>>步骤：清空房屋...
2018-08-30 14:55:29 点击清空...
2018-08-30 14:55:31 确定清空！
2018-08-30 14:55:33 清空完成
2018-08-30 14:55:33 >>>>>>>>步骤：全屋自动布局Z.....
2018-08-30 14:55:35 没有全屋自动布局Z按钮，请检查.....
2018-08-30 14:55:36 存在全屋自动布局Z按钮.....
2018-08-30 14:55:47 正在全屋布局Z中.....
2018-08-30 14:55:47 全屋自动布局Z完成
2018-08-30 14:55:47 >>>>>>>>步骤：返回DNA首页.....
2018-08-30 14:55:53 返回DNA首页完成.....
2018-08-30 14:55:53 总共执行了：4 次
2018-08-30 15:13:20 

solutionIds：['17355', '17376']
2018-08-30 15:13:20 dnaSolutionIds：['14194', '13536']
2018-08-30 15:13:20 开始时间：2018-08-30 15:13:20
2018-08-30 15:13:22 

========================= solutionId:17355 =========================
2018-08-30 15:13:22 >>>>>>>>步骤：点击产品方案
2018-08-30 15:13:23 >>>>>>>>步骤：开始检查solutionId是否存在....
2018-08-30 15:13:27 方案id存在了！！！！！！！！！！！
2018-08-30 15:13:31 输入框输入dnaId及点击搜索完成
2018-08-30 15:13:35 solutionId存在
2018-08-30 15:13:35 >>>>>>>>步骤：下载或者打开产品方案....
2018-08-30 15:13:37 首页已存在下载好的方案，开始打开方案....
2018-08-30 15:13:37 打开方案未完成，还在打开中.....
2018-08-30 15:13:39 打开方案完成.....
2018-08-30 15:13:39 >>>>>>>>步骤：进入dna方案
2018-08-30 15:13:41 >>>>>>>>步骤：点击DNA
2018-08-30 15:13:41 点击DNA结束
2018-08-30 15:13:42 >>>>>>>>步骤：下拉框选择方案Id
2018-08-30 15:13:42 页面显示方案名称，开始选择方案id
2018-08-30 15:13:44 
------------------------------ solutionId:17355, dna_id:14194 ------------------------------
2018-08-30 15:13:45 输入框输入dnaId及点击搜索完成
2018-08-30 15:13:46 >>>>1
2018-08-30 15:13:46 >>>>>>>>步骤：打开DNA方案...
2018-08-30 15:13:46 >>>>2
2018-08-30 15:13:46 存在DNA方案...
2018-08-30 15:13:47 >>>>3
2018-08-30 15:13:47 打开DNA方案完成！
2018-08-30 15:13:47 >>>>>>>>步骤：清空房屋...
2018-08-30 15:13:48 点击清空...
2018-08-30 15:13:50 确定清空！
2018-08-30 15:13:53 全屋布局在加载中。。。
2018-08-30 15:13:54 清空完成
2018-08-30 15:13:55 >>>>>>>>步骤：全屋自动布局.....
2018-08-30 15:13:55 存在全屋自动布局按钮.....
2018-08-30 15:14:04 全屋自动布局发生异常,异常信息：Traceback (most recent call last):
  File "D:\python-workspace\layoutRoom_7.5\aijia\appaj.py", line 1156, in click_layoutWholeRoom
    检查全屋布局是否加载完成
NameError: name '检查全屋布局是否加载完成' is not defined

2018-08-30 15:14:07 >>>>>>>>步骤：清空房屋...
2018-08-30 15:14:07 点击清空...
2018-08-30 15:14:09 确定清空！
2018-08-30 15:14:12 清空完成
2018-08-30 15:14:12 >>>>>>>>步骤：全屋自动布局Z.....
2018-08-30 15:14:13 没有全屋自动布局Z按钮，请检查.....
2018-08-30 15:14:15 存在全屋自动布局Z按钮.....
2018-08-30 15:14:27 全屋布局Z在加载中。。。
2018-08-30 15:14:29 全屋布局Z在加载中。。。
2018-08-30 15:14:30 正在全屋布局Z中.....
2018-08-30 15:14:30 全屋自动布局Z完成
2018-08-30 15:14:35 >>>>>>>>步骤：返回DNA首页.....
2018-08-30 15:14:41 返回DNA首页完成.....
2018-08-30 15:14:41 总共执行了：1 次
2018-08-30 15:14:41 
------------------------------ solutionId:17355, dna_id:13536 ------------------------------
2018-08-30 15:14:43 输入框输入dnaId及点击搜索完成
2018-08-30 15:14:43 >>>>1
2018-08-30 15:14:43 >>>>>>>>步骤：打开DNA方案...
2018-08-30 15:15:32 

solutionIds：['17355', '17376']
2018-08-30 15:15:32 dnaSolutionIds：['14194', '13536']
2018-08-30 15:15:32 开始时间：2018-08-30 15:15:32
2018-08-30 15:15:33 

========================= solutionId:17355 =========================
2018-08-30 15:15:34 >>>>>>>>步骤：点击产品方案
2018-08-30 15:15:35 >>>>>>>>步骤：开始检查solutionId是否存在....
2018-08-30 15:15:35 下拉框----方案id已经存在了
2018-08-30 15:16:12 

solutionIds：['17355', '17376']
2018-08-30 15:16:12 dnaSolutionIds：['14194', '13536']
2018-08-30 15:16:12 开始时间：2018-08-30 15:16:12
2018-08-30 15:16:14 

========================= solutionId:17355 =========================
2018-08-30 15:16:14 >>>>>>>>步骤：点击产品方案
2018-08-30 15:16:15 >>>>>>>>步骤：开始检查solutionId是否存在....
2018-08-30 15:16:19 方案id存在了！！！！！！！！！！！
2018-08-30 15:16:23 输入框输入dnaId及点击搜索完成
2018-08-30 15:16:27 solutionId存在
2018-08-30 15:16:27 >>>>>>>>步骤：下载或者打开产品方案....
2018-08-30 15:16:29 首页已存在下载好的方案，开始打开方案....
2018-08-30 15:16:29 打开方案未完成，还在打开中.....
2018-08-30 15:16:31 打开方案完成.....
2018-08-30 15:16:31 >>>>>>>>步骤：进入dna方案
2018-08-30 15:16:33 >>>>>>>>步骤：点击DNA
2018-08-30 15:16:34 点击DNA结束
2018-08-30 15:16:34 >>>>>>>>步骤：下拉框选择方案Id
2018-08-30 15:16:34 页面显示方案名称，开始选择方案id
2018-08-30 15:16:36 
------------------------------ solutionId:17355, dna_id:14194 ------------------------------
2018-08-30 15:16:37 输入框输入dnaId及点击搜索完成
2018-08-30 15:16:38 >>>>1
2018-08-30 15:16:38 >>>>>>>>步骤：打开DNA方案...
2018-08-30 15:16:38 >>>>2
2018-08-30 15:16:38 存在DNA方案...
2018-08-30 15:16:39 >>>>3
2018-08-30 15:16:39 打开DNA方案完成！
2018-08-30 15:16:39 >>>>>>>>步骤：清空房屋...
2018-08-30 15:16:40 点击清空...
2018-08-30 15:16:42 确定清空！
2018-08-30 15:16:45 全屋布局在加载中。。。
2018-08-30 15:16:46 清空完成
2018-08-30 15:16:47 >>>>>>>>步骤：全屋自动布局.....
2018-08-30 15:16:47 存在全屋自动布局按钮.....
2018-08-30 15:16:56 全屋自动布局发生异常,异常信息：Traceback (most recent call last):
  File "D:\python-workspace\layoutRoom_7.5\aijia\appaj.py", line 1156, in click_layoutWholeRoom
    检查全屋布局是否加载完成
NameError: name '检查全屋布局是否加载完成' is not defined

2018-08-30 15:16:59 >>>>>>>>步骤：清空房屋...
2018-08-30 15:16:59 点击清空...
2018-08-30 15:17:01 确定清空！
2018-08-30 15:17:05 全屋布局在加载中。。。
2018-08-30 15:17:06 清空完成
2018-08-30 15:17:06 >>>>>>>>步骤：全屋自动布局Z.....
2018-08-30 15:17:06 存在全屋自动布局Z按钮.....
2018-08-30 15:17:18 全屋布局Z在加载中。。。
2018-08-30 15:17:20 全屋布局Z在加载中。。。
2018-08-30 15:17:21 正在全屋布局Z中.....
2018-08-30 15:17:22 全屋自动布局Z完成
2018-08-30 15:17:27 >>>>>>>>步骤：返回DNA首页.....
2018-08-30 15:17:33 返回DNA首页完成.....
2018-08-30 15:17:33 总共执行了：1 次
2018-08-30 15:17:33 
------------------------------ solutionId:17355, dna_id:13536 ------------------------------
2018-08-30 15:17:34 输入框输入dnaId及点击搜索完成
2018-08-30 15:17:35 >>>>1
2018-08-30 15:17:35 >>>>>>>>步骤：打开DNA方案...
2018-08-30 15:17:35 >>>>2
2018-08-30 15:17:35 存在DNA方案...
2018-08-30 15:17:36 >>>>3
2018-08-30 15:17:36 打开DNA方案完成！
2018-08-30 15:17:36 >>>>>>>>步骤：清空房屋...
2018-08-30 15:17:36 点击清空...
2018-08-30 15:17:38 确定清空！
2018-08-30 15:17:43 全屋布局在加载中。。。
2018-08-30 15:17:45 清空完成
2018-08-30 15:17:45 >>>>>>>>步骤：全屋自动布局.....
2018-08-30 15:17:46 存在全屋自动布局按钮.....
2018-08-30 15:17:55 全屋自动布局发生异常,异常信息：Traceback (most recent call last):
  File "D:\python-workspace\layoutRoom_7.5\aijia\appaj.py", line 1156, in click_layoutWholeRoom
    检查全屋布局是否加载完成
NameError: name '检查全屋布局是否加载完成' is not defined

2018-08-30 15:17:58 >>>>>>>>步骤：清空房屋...
2018-08-30 15:17:58 点击清空...
2018-08-30 15:18:00 确定清空！
2018-08-30 15:18:04 全屋布局在加载中。。。
2018-08-30 15:18:05 清空完成
2018-08-30 15:18:05 >>>>>>>>步骤：全屋自动布局Z.....
2018-08-30 15:18:05 存在全屋自动布局Z按钮.....
2018-08-30 15:18:17 全屋布局Z在加载中。。。
2018-08-30 15:18:19 全屋布局Z在加载中。。。
2018-08-30 15:18:20 正在全屋布局Z中.....
2018-08-30 15:18:20 全屋自动布局Z完成
2018-08-30 15:18:26 >>>>>>>>步骤：返回DNA首页.....
2018-08-30 15:18:31 返回DNA首页完成.....
2018-08-30 15:18:31 总共执行了：2 次
2018-08-30 15:18:34 

========================= solutionId:17376 =========================
2018-08-30 15:18:34 >>>>>>>>步骤：点击产品方案
2018-08-30 15:18:36 >>>>>>>>步骤：开始检查solutionId是否存在....
2018-08-30 15:18:40 方案id存在了！！！！！！！！！！！
2018-08-30 15:18:44 输入框输入dnaId及点击搜索完成
2018-08-30 15:18:48 solutionId存在
2018-08-30 15:18:48 >>>>>>>>步骤：下载或者打开产品方案....
2018-08-30 15:18:49 首页已存在下载好的方案，开始打开方案....
2018-08-30 15:18:50 打开方案未完成，还在打开中.....
2018-08-30 15:18:51 打开方案未完成，还在打开中.....
2018-08-30 15:18:52 打开方案未完成，还在打开中.....
2018-08-30 15:18:53 打开方案未完成，还在打开中.....
2018-08-30 15:18:55 打开方案未完成，还在打开中.....
2018-08-30 15:18:57 打开方案未完成，还在打开中.....
2018-08-30 15:18:59 打开方案完成.....
2018-08-30 15:18:59 >>>>>>>>步骤：进入dna方案
2018-08-30 15:19:00 >>>>>>>>步骤：点击DNA
2018-08-30 15:19:01 点击DNA结束
2018-08-30 15:19:01 >>>>>>>>步骤：下拉框选择方案Id
2018-08-30 15:19:01 页面显示方案名称，开始选择方案id
2018-08-30 15:19:03 
------------------------------ solutionId:17376, dna_id:14194 ------------------------------
2018-08-30 15:19:05 输入框输入dnaId及点击搜索完成
2018-08-30 15:19:05 >>>>1
2018-08-30 15:19:05 >>>>>>>>步骤：打开DNA方案...
2018-08-30 15:19:05 >>>>2
2018-08-30 15:19:05 存在DNA方案...
2018-08-30 15:19:06 >>>>3
2018-08-30 15:19:06 打开DNA方案完成！
2018-08-30 15:19:07 >>>>>>>>步骤：清空房屋...
2018-08-30 15:19:07 点击清空...
2018-08-30 15:19:09 确定清空！
2018-08-30 15:19:17 清空发生异常,异常信息：Traceback (most recent call last):
  File "C:\Users\Administrator\AppData\Local\Programs\Python\Python37\lib\site-packages\pywinauto\application.py", line 246, in __resolve_control
    criteria)
  File "C:\Users\Administrator\AppData\Local\Programs\Python\Python37\lib\site-packages\pywinauto\timings.py", line 453, in wait_until_passes
    raise err
pywinauto.timings.TimeoutError

During handling of the above exception, another exception occurred:

Traceback (most recent call last):
  File "D:\python-workspace\layoutRoom_7.5\aijia\appaj.py", line 1007, in delete_all_of_room1
    if check(appwindow, findpic=清空完成, timeout=1, confidence=0.8):
  File "D:\python-workspace\layoutRoom_7.5\aijia\appaj.py", line 292, in check
    saveimage(appwindow, picturename)
  File "D:\python-workspace\layoutRoom_7.5\lib\public.py", line 140, in saveimage
    print(appwindow.rectangle())  # 获取应用图形矩阵
  File "C:\Users\Administrator\AppData\Local\Programs\Python\Python37\lib\site-packages\pywinauto\application.py", line 368, in __getattribute__
    ctrls = self.__resolve_control(self.criteria)
  File "C:\Users\Administrator\AppData\Local\Programs\Python\Python37\lib\site-packages\pywinauto\application.py", line 249, in __resolve_control
    raise e.original_exception
  File "C:\Users\Administrator\AppData\Local\Programs\Python\Python37\lib\site-packages\pywinauto\timings.py", line 431, in wait_until_passes
    func_val = func(*args, **kwargs)
  File "C:\Users\Administrator\AppData\Local\Programs\Python\Python37\lib\site-packages\pywinauto\application.py", line 191, in __get_ctrl
    dialog = self.backend.generic_wrapper_class(findwindows.find_element(**criteria[0]))
  File "C:\Users\Administrator\AppData\Local\Programs\Python\Python37\lib\site-packages\pywinauto\findwindows.py", line 84, in find_element
    elements = find_elements(**kwargs)
  File "C:\Users\Administrator\AppData\Local\Programs\Python\Python37\lib\site-packages\pywinauto\findwindows.py", line 303, in find_elements
    elements = findbestmatch.find_best_control_matches(best_match, wrapped_elems)
  File "C:\Users\Administrator\AppData\Local\Programs\Python\Python37\lib\site-packages\pywinauto\findbestmatch.py", line 533, in find_best_control_matches
    raise MatchError(items = name_control_map.keys(), tofind = search_text)
pywinauto.findbestmatch.MatchError: Could not find 'ihome' in 'dict_keys(['', 'UnrealWindow'])'

2018-08-30 15:19:20 >>>>>>>>步骤：全屋自动布局.....
2018-08-30 15:19:26 存在全屋自动布局按钮.....
2018-08-30 15:19:35 正在全屋布局中.....
2018-08-30 15:19:35 全屋自动布局完成
2018-08-30 15:19:41 >>>>>>>>步骤：清空房屋...
2018-08-30 15:19:41 点击清空...
2018-08-30 15:19:43 确定清空！
2018-08-30 15:19:46 清空完成
2018-08-30 15:19:46 >>>>>>>>步骤：全屋自动布局Z.....
2018-08-30 15:19:47 没有全屋自动布局Z按钮，请检查.....
2018-08-30 15:19:48 存在全屋自动布局Z按钮.....
2018-08-30 15:20:00 全屋布局Z在加载中。。。
2018-08-30 15:20:01 正在全屋布局Z中.....
2018-08-30 15:20:02 全屋自动布局Z完成
2018-08-30 15:20:07 >>>>>>>>步骤：返回DNA首页.....
2018-08-30 15:20:13 返回DNA首页完成.....
2018-08-30 15:20:13 总共执行了：3 次
2018-08-30 15:20:13 
------------------------------ solutionId:17376, dna_id:13536 ------------------------------
2018-08-30 15:20:14 输入框输入dnaId及点击搜索完成
2018-08-30 15:20:15 >>>>1
2018-08-30 15:20:15 >>>>>>>>步骤：打开DNA方案...
2018-08-30 15:20:15 >>>>2
2018-08-30 15:20:15 存在DNA方案...
2018-08-30 15:20:16 >>>>3
2018-08-30 15:20:16 打开DNA方案完成！
2018-08-30 15:20:16 >>>>>>>>步骤：清空房屋...
2018-08-30 15:20:17 点击清空...
2018-08-30 15:20:19 确定清空！
2018-08-30 15:20:23 清空完成
2018-08-30 15:20:23 >>>>>>>>步骤：全屋自动布局.....
2018-08-30 15:20:26 存在全屋自动布局按钮.....
2018-08-30 15:20:36 正在全屋布局中.....
2018-08-30 15:20:36 全屋自动布局完成
2018-08-30 15:20:41 >>>>>>>>步骤：清空房屋...
2018-08-30 15:20:41 点击清空...
2018-08-30 15:20:43 确定清空！
2018-08-30 15:20:46 清空完成
2018-08-30 15:20:46 >>>>>>>>步骤：全屋自动布局Z.....
2018-08-30 15:20:47 没有全屋自动布局Z按钮，请检查.....
2018-08-30 15:20:48 存在全屋自动布局Z按钮.....
2018-08-30 15:20:59 正在全屋布局Z中.....
2018-08-30 15:20:59 全屋自动布局Z完成
2018-08-30 15:21:04 >>>>>>>>步骤：返回DNA首页.....
2018-08-30 15:21:10 返回DNA首页完成.....
2018-08-30 15:21:10 总共执行了：4 次
2018-08-30 15:24:27 

solutionIds：['17355', '17376']
2018-08-30 15:24:27 dnaSolutionIds：['14194', '13536']
2018-08-30 15:24:27 开始时间：2018-08-30 15:24:27
2018-08-30 15:24:29 

========================= solutionId:17355 =========================
2018-08-30 15:24:29 >>>>>>>>步骤：点击产品方案
2018-08-30 15:24:30 >>>>>>>>步骤：开始检查solutionId是否存在....
2018-08-30 15:24:34 方案id存在了！！！！！！！！！！！
2018-08-30 15:24:38 输入框输入dnaId及点击搜索完成
2018-08-30 15:24:42 solutionId存在
2018-08-30 15:24:42 >>>>>>>>步骤：下载或者打开产品方案....
2018-08-30 15:24:44 首页已存在下载好的方案，开始打开方案....
2018-08-30 15:24:44 打开方案未完成，还在打开中.....
2018-08-30 15:24:46 打开方案完成.....
2018-08-30 15:24:46 >>>>>>>>步骤：进入dna方案
2018-08-30 15:24:48 >>>>>>>>步骤：点击DNA
2018-08-30 15:24:49 点击DNA结束
2018-08-30 15:24:49 >>>>>>>>步骤：下拉框选择方案Id
2018-08-30 15:24:49 页面显示方案名称，开始选择方案id
2018-08-30 15:24:51 
------------------------------ solutionId:17355, dna_id:14194 ------------------------------
2018-08-30 15:24:53 输入框输入dnaId及点击搜索完成
2018-08-30 15:24:53 >>>>1
2018-08-30 15:24:53 >>>>>>>>步骤：打开DNA方案...
2018-08-30 15:24:53 >>>>2
2018-08-30 15:24:53 存在DNA方案...
2018-08-30 15:24:54 >>>>3
2018-08-30 15:24:54 打开DNA方案完成！
2018-08-30 15:24:55 >>>>>>>>步骤：清空房屋...
2018-08-30 15:24:55 点击清空...
2018-08-30 15:24:57 确定清空！
2018-08-30 15:25:00 清空完成
2018-08-30 15:25:00 >>>>>>>>步骤：全屋自动布局.....
2018-08-30 15:25:02 存在全屋自动布局按钮.....
2018-08-30 15:25:11 正在全屋布局中.....
2018-08-30 15:25:11 全屋自动布局完成
2018-08-30 15:25:19 >>>>>>>>步骤：清空房屋...
2018-08-30 15:25:19 点击清空...
2018-08-30 15:25:21 确定清空！
2018-08-30 15:25:24 清空完成
2018-08-30 15:25:26 >>>>>>>>步骤：全屋自动布局Z.....
2018-08-30 15:25:26 存在全屋自动布局Z按钮.....
2018-08-30 15:25:38 全屋布局Z在加载中。。。
2018-08-30 15:25:40 全屋布局Z在加载中。。。
2018-08-30 15:25:41 正在全屋布局Z中.....
2018-08-30 15:25:42 全屋自动布局Z完成
2018-08-30 15:25:47 >>>>>>>>步骤：返回DNA首页.....
2018-08-30 15:25:52 返回DNA首页完成.....
2018-08-30 15:25:52 总共执行了：1 次
2018-08-30 15:25:52 
------------------------------ solutionId:17355, dna_id:13536 ------------------------------
2018-08-30 15:25:54 输入框输入dnaId及点击搜索完成
2018-08-30 15:25:54 >>>>1
2018-08-30 15:25:54 >>>>>>>>步骤：打开DNA方案...
2018-08-30 15:25:54 >>>>2
2018-08-30 15:25:54 存在DNA方案...
2018-08-30 15:25:55 >>>>3
2018-08-30 15:25:55 打开DNA方案完成！
2018-08-30 15:25:56 >>>>>>>>步骤：清空房屋...
2018-08-30 15:25:56 点击清空...
2018-08-30 15:25:58 确定清空！
2018-08-30 15:26:02 清空完成
2018-08-30 15:26:02 >>>>>>>>步骤：全屋自动布局.....
2018-08-30 15:26:05 存在全屋自动布局按钮.....
2018-08-30 15:26:14 正在全屋布局中.....
2018-08-30 15:26:14 全屋自动布局完成
2018-08-30 15:26:21 >>>>>>>>步骤：清空房屋...
2018-08-30 15:26:21 点击清空...
2018-08-30 15:26:23 确定清空！
2018-08-30 15:26:26 清空完成
2018-08-30 15:26:28 >>>>>>>>步骤：全屋自动布局Z.....
2018-08-30 15:26:28 存在全屋自动布局Z按钮.....
2018-08-30 15:26:40 全屋布局Z在加载中。。。
2018-08-30 15:26:42 正在全屋布局Z中.....
2018-08-30 15:26:42 全屋自动布局Z完成
2018-08-30 15:26:47 >>>>>>>>步骤：返回DNA首页.....
2018-08-30 15:26:53 返回DNA首页完成.....
2018-08-30 15:26:53 总共执行了：2 次
2018-08-30 15:26:56 

========================= solutionId:17376 =========================
2018-08-30 15:26:56 >>>>>>>>步骤：点击产品方案
2018-08-30 15:26:58 >>>>>>>>步骤：开始检查solutionId是否存在....
2018-08-30 15:27:01 方案id存在了！！！！！！！！！！！
2018-08-30 15:27:05 输入框输入dnaId及点击搜索完成
2018-08-30 15:27:09 solutionId存在
2018-08-30 15:27:09 >>>>>>>>步骤：下载或者打开产品方案....
2018-08-30 15:27:11 首页已存在下载好的方案，开始打开方案....
2018-08-30 15:27:11 打开方案未完成，还在打开中.....
2018-08-30 15:27:12 打开方案未完成，还在打开中.....
2018-08-30 15:27:14 打开方案未完成，还在打开中.....
2018-08-30 15:27:15 打开方案未完成，还在打开中.....
2018-08-30 15:27:16 打开方案未完成，还在打开中.....
2018-08-30 15:27:18 打开方案未完成，还在打开中.....
2018-08-30 15:27:21 打开方案完成.....
2018-08-30 15:27:21 >>>>>>>>步骤：进入dna方案
2018-08-30 15:27:22 >>>>>>>>步骤：点击DNA
2018-08-30 15:27:23 点击DNA结束
2018-08-30 15:27:55 >>>>>>>>步骤：下拉框选择方案Id
2018-08-30 15:27:56 页面显示方案名称，开始选择方案id
2018-08-30 15:27:57 
------------------------------ solutionId:17376, dna_id:14194 ------------------------------
2018-08-30 15:27:59 输入框输入dnaId及点击搜索完成
2018-08-30 15:27:59 >>>>1
2018-08-30 15:27:59 >>>>>>>>步骤：打开DNA方案...
2018-08-30 15:28:00 >>>>2
2018-08-30 15:28:00 存在DNA方案...
2018-08-30 15:28:00 >>>>3
2018-08-30 15:28:01 打开DNA方案完成！
2018-08-30 15:28:01 >>>>>>>>步骤：清空房屋...
2018-08-30 15:28:02 点击清空...
2018-08-30 15:28:03 确定清空！
2018-08-30 15:28:11 清空发生异常,异常信息：Traceback (most recent call last):
  File "C:\Users\Administrator\AppData\Local\Programs\Python\Python37\lib\site-packages\pywinauto\application.py", line 246, in __resolve_control
    criteria)
  File "C:\Users\Administrator\AppData\Local\Programs\Python\Python37\lib\site-packages\pywinauto\timings.py", line 453, in wait_until_passes
    raise err
pywinauto.timings.TimeoutError

During handling of the above exception, another exception occurred:

Traceback (most recent call last):
  File "D:\python-workspace\layoutRoom_7.5\aijia\appaj.py", line 1007, in delete_all_of_room1
    if check(appwindow, findpic=清空完成, timeout=1, confidence=0.8):
  File "D:\python-workspace\layoutRoom_7.5\aijia\appaj.py", line 292, in check
    saveimage(appwindow, picturename)
  File "D:\python-workspace\layoutRoom_7.5\lib\public.py", line 140, in saveimage
    print(appwindow.rectangle())  # 获取应用图形矩阵
  File "C:\Users\Administrator\AppData\Local\Programs\Python\Python37\lib\site-packages\pywinauto\application.py", line 368, in __getattribute__
    ctrls = self.__resolve_control(self.criteria)
  File "C:\Users\Administrator\AppData\Local\Programs\Python\Python37\lib\site-packages\pywinauto\application.py", line 249, in __resolve_control
    raise e.original_exception
  File "C:\Users\Administrator\AppData\Local\Programs\Python\Python37\lib\site-packages\pywinauto\timings.py", line 431, in wait_until_passes
    func_val = func(*args, **kwargs)
  File "C:\Users\Administrator\AppData\Local\Programs\Python\Python37\lib\site-packages\pywinauto\application.py", line 191, in __get_ctrl
    dialog = self.backend.generic_wrapper_class(findwindows.find_element(**criteria[0]))
  File "C:\Users\Administrator\AppData\Local\Programs\Python\Python37\lib\site-packages\pywinauto\findwindows.py", line 84, in find_element
    elements = find_elements(**kwargs)
  File "C:\Users\Administrator\AppData\Local\Programs\Python\Python37\lib\site-packages\pywinauto\findwindows.py", line 303, in find_elements
    elements = findbestmatch.find_best_control_matches(best_match, wrapped_elems)
  File "C:\Users\Administrator\AppData\Local\Programs\Python\Python37\lib\site-packages\pywinauto\findbestmatch.py", line 533, in find_best_control_matches
    raise MatchError(items = name_control_map.keys(), tofind = search_text)
pywinauto.findbestmatch.MatchError: Could not find 'ihome' in 'dict_keys(['', 'UnrealWindow'])'

2018-08-30 15:28:14 >>>>>>>>步骤：全屋自动布局.....
2018-08-30 15:28:21 存在全屋自动布局按钮.....
2018-08-30 15:28:30 正在全屋布局中.....
2018-08-30 15:28:30 全屋自动布局完成
2018-08-30 15:28:37 >>>>>>>>步骤：清空房屋...
2018-08-30 15:28:38 点击清空...
2018-08-30 15:28:40 确定清空！
2018-08-30 15:28:42 清空完成
2018-08-30 15:28:45 >>>>>>>>步骤：全屋自动布局Z.....
2018-08-30 15:28:45 存在全屋自动布局Z按钮.....
2018-08-30 15:28:56 正在全屋布局Z中.....
2018-08-30 15:28:56 全屋自动布局Z完成
2018-08-30 15:29:01 >>>>>>>>步骤：返回DNA首页.....
2018-08-30 15:29:08 返回DNA首页完成.....
2018-08-30 15:29:08 总共执行了：3 次
2018-08-30 15:29:08 
------------------------------ solutionId:17376, dna_id:13536 ------------------------------
2018-08-30 15:29:09 输入框输入dnaId及点击搜索完成
2018-08-30 15:29:10 >>>>1
2018-08-30 15:29:10 >>>>>>>>步骤：打开DNA方案...
2018-08-30 15:29:10 >>>>2
2018-08-30 15:29:10 存在DNA方案...
2018-08-30 15:29:11 >>>>3
2018-08-30 15:29:11 打开DNA方案完成！
2018-08-30 15:29:11 >>>>>>>>步骤：清空房屋...
2018-08-30 15:29:12 点击清空...
2018-08-30 15:29:13 确定清空！
2018-08-30 15:29:18 清空完成
2018-08-30 15:29:18 >>>>>>>>步骤：全屋自动布局.....
2018-08-30 15:29:21 存在全屋自动布局按钮.....
2018-08-30 15:29:31 正在全屋布局中.....
2018-08-30 15:29:31 全屋自动布局完成
2018-08-30 15:29:38 >>>>>>>>步骤：清空房屋...
2018-08-30 15:29:38 点击清空...
2018-08-30 15:29:40 确定清空！
2018-08-30 15:29:43 清空完成
2018-08-30 15:29:45 >>>>>>>>步骤：全屋自动布局Z.....
2018-08-30 15:29:45 存在全屋自动布局Z按钮.....
2018-08-30 15:29:56 正在全屋布局Z中.....
2018-08-30 15:29:56 全屋自动布局Z完成
2018-08-30 15:30:01 >>>>>>>>步骤：返回DNA首页.....
2018-08-30 15:30:07 返回DNA首页完成.....
2018-08-30 15:30:07 总共执行了：4 次
2018-08-30 15:49:32 

solutionIds：['17355', '17376']
2018-08-30 15:49:32 dnaSolutionIds：['14194', '13536']
2018-08-30 15:49:32 开始时间：2018-08-30 15:49:32
2018-08-30 15:49:33 

========================= solutionId:17355 =========================
2018-08-30 15:49:33 >>>>>>>>步骤：点击产品方案
2018-08-30 15:49:35 >>>>>>>>步骤：开始检查solutionId是否存在....
2018-08-30 15:49:39 方案id存在了！！！！！！！！！！！
2018-08-30 15:49:42 输入框输入dnaId及点击搜索完成
2018-08-30 15:49:47 solutionId存在
2018-08-30 15:49:47 >>>>>>>>步骤：下载或者打开产品方案....
2018-08-30 15:49:48 首页已存在下载好的方案，开始打开方案....
2018-08-30 15:49:49 打开方案未完成，还在打开中.....
2018-08-30 15:49:51 打开方案完成.....
2018-08-30 15:49:51 >>>>>>>>步骤：进入dna方案
2018-08-30 15:49:53 >>>>>>>>步骤：点击DNA
2018-08-30 15:49:53 点击DNA结束
2018-08-30 15:49:54 >>>>>>>>步骤：下拉框选择方案Id
2018-08-30 15:49:54 页面显示方案名称，开始选择方案id
2018-08-30 15:49:56 
------------------------------ solutionId:17355, dna_id:14194 ------------------------------
2018-08-30 15:49:57 输入框输入dnaId及点击搜索完成
2018-08-30 15:49:58 >>>>1
2018-08-30 15:49:58 >>>>>>>>步骤：打开DNA方案...
2018-08-30 15:49:58 >>>>2
2018-08-30 15:49:58 存在DNA方案...
2018-08-30 15:49:59 >>>>3
2018-08-30 15:49:59 打开DNA方案完成！
2018-08-30 15:49:59 >>>>>>>>步骤：清空房屋...
2018-08-30 15:50:00 点击清空...
2018-08-30 15:50:02 确定清空！
2018-08-30 15:50:05 全屋布局在加载中。。。
2018-08-30 15:50:06 清空完成
2018-08-30 15:50:07 >>>>>>>>步骤：全屋自动布局.....
2018-08-30 15:50:07 存在全屋自动布局按钮.....
2018-08-30 15:50:36 >>>>>>>>步骤：清空房屋...
2018-08-30 15:50:36 点击清空...
2018-08-30 15:50:38 确定清空！
2018-08-30 15:50:42 全屋布局在加载中。。。
2018-08-30 15:50:43 清空完成
2018-08-30 15:50:45 >>>>>>>>步骤：全屋自动布局Z.....
2018-08-30 15:50:45 存在全屋自动布局Z按钮.....
2018-08-30 15:50:57 全屋布局Z在加载中。。。
2018-08-30 15:50:59 全屋布局Z在加载中。。。
2018-08-30 15:51:01 全屋布局Z在加载中。。。
2018-08-30 15:51:04 全屋布局Z在加载中。。。
2018-08-30 15:51:06 全屋布局Z在加载中。。。
2018-08-30 15:51:08 全屋布局Z在加载中。。。
2018-08-30 15:51:10 全屋布局Z在加载中。。。
2018-08-30 15:51:12 全屋布局Z在加载中。。。
2018-08-30 15:51:15 全屋布局Z在加载中。。。
2018-08-30 15:51:17 全屋布局Z在加载中。。。
2018-08-30 15:51:19 全屋布局Z在加载中。。。
2018-08-30 15:51:21 全屋布局Z在加载中。。。
2018-08-30 15:51:23 全屋布局Z在加载中。。。
2018-08-30 15:51:25 全屋布局Z在加载中。。。
2018-08-30 15:51:27 全屋自动布局Z发生异常,异常信息：Traceback (most recent call last):
  File "D:\python-workspace\layoutRoom_7.5\aijia\appaj.py", line 1213, in click_layoutWholeRoomZ
    if check(appwindow, findpic=布局完成, timeout=1, confidence=0.95):
  File "D:\python-workspace\layoutRoom_7.5\aijia\appaj.py", line 292, in check
    saveimage(appwindow, picturename)
  File "D:\python-workspace\layoutRoom_7.5\lib\public.py", line 148, in saveimage
    img = ImageGrab.grab(bbox)
  File "C:\Users\Administrator\AppData\Local\Programs\Python\Python37\lib\site-packages\PIL\ImageGrab.py", line 48, in grab
    im = im.crop(bbox)
  File "C:\Users\Administrator\AppData\Local\Programs\Python\Python37\lib\site-packages\PIL\Image.py", line 1091, in crop
    return self._new(self._crop(self.im, box))
  File "C:\Users\Administrator\AppData\Local\Programs\Python\Python37\lib\site-packages\PIL\Image.py", line 1112, in _crop
    _decompression_bomb_check((x1, y1))
  File "C:\Users\Administrator\AppData\Local\Programs\Python\Python37\lib\site-packages\PIL\Image.py", line 2539, in _decompression_bomb_check
    (pixels, 2 * MAX_IMAGE_PIXELS))
PIL.Image.DecompressionBombError: Image size (1017988480 pixels) exceeds limit of 178956970 pixels, could be decompression bomb DOS attack.

2018-08-30 15:52:00 >>>>>>>>步骤：返回DNA首页.....
2018-08-30 15:52:23 返回DNA首页完成.....
2018-08-30 15:52:23 总共执行了：1 次
2018-08-30 15:52:23 
------------------------------ solutionId:17355, dna_id:13536 ------------------------------
2018-08-30 15:52:25 输入框输入dnaId及点击搜索完成
2018-08-30 15:52:25 >>>>1
2018-08-30 15:52:25 >>>>>>>>步骤：打开DNA方案...
2018-08-30 15:52:26 >>>>2
2018-08-30 15:52:26 存在DNA方案...
2018-08-30 15:52:27 >>>>3
2018-08-30 15:52:27 打开DNA方案完成！
2018-08-30 15:52:27 >>>>>>>>步骤：清空房屋...
2018-08-30 15:52:27 点击清空...
2018-08-30 15:52:29 确定清空！
2018-08-30 15:52:32 清空完成
2018-08-30 15:52:32 >>>>>>>>步骤：全屋自动布局.....
2018-08-30 15:52:34 存在全屋自动布局按钮.....
2018-08-30 15:52:43 正在全屋布局中.....
2018-08-30 15:52:43 全屋自动布局完成
2018-08-30 15:53:08 >>>>>>>>步骤：清空房屋...
2018-08-30 15:53:09 点击清空...
2018-08-30 15:53:11 确定清空！
2018-08-30 15:53:13 清空完成
2018-08-30 15:53:15 >>>>>>>>步骤：全屋自动布局Z.....
2018-08-30 15:53:16 存在全屋自动布局Z按钮.....
2018-08-30 15:53:27 全屋布局Z在加载中。。。
2018-08-30 15:53:29 正在全屋布局Z中.....
2018-08-30 15:53:29 全屋自动布局Z完成
2018-08-30 15:54:04 >>>>>>>>步骤：返回DNA首页.....
2018-08-30 15:54:10 返回DNA首页完成.....
2018-08-30 15:54:10 总共执行了：2 次
2018-08-30 15:54:13 

========================= solutionId:17376 =========================
2018-08-30 15:54:13 >>>>>>>>步骤：点击产品方案
2018-08-30 15:54:15 >>>>>>>>步骤：开始检查solutionId是否存在....
2018-08-30 15:54:18 在进入产品方案下有异常,solutionId：17376，报错信息：Traceback (most recent call last):
  File "D:/python-workspace/layoutRoom_7.5/run/run_layout_all_room.py", line 117, in layoutWholeRoom
    if not appaj.check_solutionId_exist(myappwindow, pic_solutionName, pic_solutionId, solutionId):
  File "D:\python-workspace\layoutRoom_7.5\aijia\appaj.py", line 596, in check_solutionId_exist
    select(appwindow, menupic=menupic, selectpic=selectpic, timeout=30)
  File "D:\python-workspace\layoutRoom_7.5\aijia\appaj.py", line 112, in select
    if check(appwindow, findpic=selectpic,timeout=3):
  File "D:\python-workspace\layoutRoom_7.5\aijia\appaj.py", line 292, in check
    saveimage(appwindow, picturename)
  File "D:\python-workspace\layoutRoom_7.5\lib\public.py", line 148, in saveimage
    img = ImageGrab.grab(bbox)
  File "C:\Users\Administrator\AppData\Local\Programs\Python\Python37\lib\site-packages\PIL\ImageGrab.py", line 48, in grab
    im = im.crop(bbox)
  File "C:\Users\Administrator\AppData\Local\Programs\Python\Python37\lib\site-packages\PIL\Image.py", line 1091, in crop
    return self._new(self._crop(self.im, box))
  File "C:\Users\Administrator\AppData\Local\Programs\Python\Python37\lib\site-packages\PIL\Image.py", line 1112, in _crop
    _decompression_bomb_check((x1, y1))
  File "C:\Users\Administrator\AppData\Local\Programs\Python\Python37\lib\site-packages\PIL\Image.py", line 2539, in _decompression_bomb_check
    (pixels, 2 * MAX_IMAGE_PIXELS))
PIL.Image.DecompressionBombError: Image size (1017988480 pixels) exceeds limit of 178956970 pixels, could be decompression bomb DOS attack.

2018-08-30 15:54:18 solutionIds剩下：['17376']
2018-08-30 15:55:19 

solutionIds：['17355', '17376']
2018-08-30 15:55:19 dnaSolutionIds：['14194', '13536']
2018-08-30 15:55:19 开始时间：2018-08-30 15:55:19
2018-08-30 15:55:45 

========================= solutionId:17355 =========================
2018-08-30 15:55:45 >>>>>>>>步骤：点击产品方案
2018-08-30 15:55:46 >>>>>>>>步骤：开始检查solutionId是否存在....
2018-08-30 15:55:50 方案id存在了！！！！！！！！！！！
2018-08-30 15:55:54 输入框输入dnaId及点击搜索完成
2018-08-30 15:55:58 solutionId存在
2018-08-30 15:55:58 >>>>>>>>步骤：下载或者打开产品方案....
2018-08-30 15:55:59 首页已存在下载好的方案，开始打开方案....
2018-08-30 15:56:00 打开方案未完成，还在打开中.....
2018-08-30 15:56:01 打开方案未完成，还在打开中.....
2018-08-30 15:56:04 打开方案完成.....
2018-08-30 15:56:04 >>>>>>>>步骤：进入dna方案
2018-08-30 15:56:05 >>>>>>>>步骤：点击DNA
2018-08-30 15:56:06 点击DNA结束
2018-08-30 15:56:06 >>>>>>>>步骤：下拉框选择方案Id
2018-08-30 15:56:06 页面显示方案名称，开始选择方案id
2018-08-30 15:56:08 
------------------------------ solutionId:17355, dna_id:14194 ------------------------------
2018-08-30 15:56:10 输入框输入dnaId及点击搜索完成
2018-08-30 15:56:10 >>>>1
2018-08-30 15:56:10 >>>>>>>>步骤：打开DNA方案...
2018-08-30 15:56:10 >>>>2
2018-08-30 15:56:10 存在DNA方案...
2018-08-30 15:56:11 >>>>3
2018-08-30 15:56:11 打开DNA方案完成！
2018-08-30 15:56:12 >>>>>>>>步骤：清空房屋...
2018-08-30 15:56:17 全屋自动布局过程中有异常,dnsSolutionId：14194，报错信息：Traceback (most recent call last):
  File "C:\Users\Administrator\AppData\Local\Programs\Python\Python37\lib\site-packages\pywinauto\application.py", line 246, in __resolve_control
    criteria)
  File "C:\Users\Administrator\AppData\Local\Programs\Python\Python37\lib\site-packages\pywinauto\timings.py", line 453, in wait_until_passes
    raise err
pywinauto.timings.TimeoutError

During handling of the above exception, another exception occurred:

Traceback (most recent call last):
  File "D:/python-workspace/layoutRoom_7.5/run/run_layout_all_room.py", line 171, in layoutWholeRoom
    appaj.delete_all_of_room1(myappwindow)
  File "D:\python-workspace\layoutRoom_7.5\aijia\appaj.py", line 992, in delete_all_of_room1
    if check(appwindow, findpic=清空, timeout=2):
  File "D:\python-workspace\layoutRoom_7.5\aijia\appaj.py", line 292, in check
    saveimage(appwindow, picturename)
  File "D:\python-workspace\layoutRoom_7.5\lib\public.py", line 140, in saveimage
    print(appwindow.rectangle())  # 获取应用图形矩阵
  File "C:\Users\Administrator\AppData\Local\Programs\Python\Python37\lib\site-packages\pywinauto\application.py", line 368, in __getattribute__
    ctrls = self.__resolve_control(self.criteria)
  File "C:\Users\Administrator\AppData\Local\Programs\Python\Python37\lib\site-packages\pywinauto\application.py", line 249, in __resolve_control
    raise e.original_exception
  File "C:\Users\Administrator\AppData\Local\Programs\Python\Python37\lib\site-packages\pywinauto\timings.py", line 431, in wait_until_passes
    func_val = func(*args, **kwargs)
  File "C:\Users\Administrator\AppData\Local\Programs\Python\Python37\lib\site-packages\pywinauto\application.py", line 191, in __get_ctrl
    dialog = self.backend.generic_wrapper_class(findwindows.find_element(**criteria[0]))
  File "C:\Users\Administrator\AppData\Local\Programs\Python\Python37\lib\site-packages\pywinauto\findwindows.py", line 84, in find_element
    elements = find_elements(**kwargs)
  File "C:\Users\Administrator\AppData\Local\Programs\Python\Python37\lib\site-packages\pywinauto\findwindows.py", line 303, in find_elements
    elements = findbestmatch.find_best_control_matches(best_match, wrapped_elems)
  File "C:\Users\Administrator\AppData\Local\Programs\Python\Python37\lib\site-packages\pywinauto\findbestmatch.py", line 533, in find_best_control_matches
    raise MatchError(items = name_control_map.keys(), tofind = search_text)
pywinauto.findbestmatch.MatchError: Could not find 'ihome' in 'dict_keys(['', 'UnrealWindow'])'

2018-08-30 15:56:17 >>>>>>>>步骤：返回DNA首页.....
2018-08-30 15:56:22 整个过程中有异常,报错信息:Traceback (most recent call last):
  File "C:\Users\Administrator\AppData\Local\Programs\Python\Python37\lib\site-packages\pywinauto\application.py", line 246, in __resolve_control
    criteria)
  File "C:\Users\Administrator\AppData\Local\Programs\Python\Python37\lib\site-packages\pywinauto\timings.py", line 453, in wait_until_passes
    raise err
pywinauto.timings.TimeoutError

During handling of the above exception, another exception occurred:

Traceback (most recent call last):
  File "D:/python-workspace/layoutRoom_7.5/run/run_layout_all_room.py", line 212, in layoutWholeRoom
    appaj.return_dna(myappwindow)
  File "D:\python-workspace\layoutRoom_7.5\aijia\appaj.py", line 890, in return_dna
    if check(appwindow, findpic=pic_enter_dnaid, timeout=1):
  File "D:\python-workspace\layoutRoom_7.5\aijia\appaj.py", line 292, in check
    saveimage(appwindow, picturename)
  File "D:\python-workspace\layoutRoom_7.5\lib\public.py", line 140, in saveimage
    print(appwindow.rectangle())  # 获取应用图形矩阵
  File "C:\Users\Administrator\AppData\Local\Programs\Python\Python37\lib\site-packages\pywinauto\application.py", line 368, in __getattribute__
    ctrls = self.__resolve_control(self.criteria)
  File "C:\Users\Administrator\AppData\Local\Programs\Python\Python37\lib\site-packages\pywinauto\application.py", line 249, in __resolve_control
    raise e.original_exception
  File "C:\Users\Administrator\AppData\Local\Programs\Python\Python37\lib\site-packages\pywinauto\timings.py", line 431, in wait_until_passes
    func_val = func(*args, **kwargs)
  File "C:\Users\Administrator\AppData\Local\Programs\Python\Python37\lib\site-packages\pywinauto\application.py", line 191, in __get_ctrl
    dialog = self.backend.generic_wrapper_class(findwindows.find_element(**criteria[0]))
  File "C:\Users\Administrator\AppData\Local\Programs\Python\Python37\lib\site-packages\pywinauto\findwindows.py", line 84, in find_element
    elements = find_elements(**kwargs)
  File "C:\Users\Administrator\AppData\Local\Programs\Python\Python37\lib\site-packages\pywinauto\findwindows.py", line 303, in find_elements
    elements = findbestmatch.find_best_control_matches(best_match, wrapped_elems)
  File "C:\Users\Administrator\AppData\Local\Programs\Python\Python37\lib\site-packages\pywinauto\findbestmatch.py", line 533, in find_best_control_matches
    raise MatchError(items = name_control_map.keys(), tofind = search_text)
pywinauto.findbestmatch.MatchError: Could not find 'ihome' in 'dict_keys(['', 'UnrealWindow'])'

2018-08-30 15:56:22 dna_id长度是:1
2018-08-30 15:56:22 SolutionId下剩下的dna_id：['14194', '13536']
2018-08-30 15:56:22 solutionIds剩下：['17355', '17376']
2018-08-30 15:56:32 已杀掉DR的进程！
2018-08-30 15:56:55 

========================= solutionId:17355 =========================
2018-08-30 15:56:55 >>>>>>>>步骤：点击产品方案
2018-08-30 15:56:57 >>>>>>>>步骤：开始检查solutionId是否存在....
2018-08-30 15:57:00 方案id存在了！！！！！！！！！！！
2018-08-30 15:57:04 输入框输入dnaId及点击搜索完成
2018-08-30 15:57:08 solutionId存在
2018-08-30 15:57:08 >>>>>>>>步骤：下载或者打开产品方案....
2018-08-30 15:57:10 首页已存在下载好的方案，开始打开方案....
2018-08-30 15:57:10 打开方案未完成，还在打开中.....
2018-08-30 15:57:12 打开方案未完成，还在打开中.....
2018-08-30 15:57:14 打开方案完成.....
2018-08-30 15:57:14 >>>>>>>>步骤：进入dna方案
2018-08-30 15:57:15 >>>>>>>>步骤：点击DNA
2018-08-30 15:57:16 点击DNA结束
2018-08-30 15:57:16 >>>>>>>>步骤：下拉框选择方案Id
2018-08-30 15:57:16 页面显示方案名称，开始选择方案id
2018-08-30 15:57:18 
------------------------------ solutionId:17355, dna_id:14194 ------------------------------
2018-08-30 15:57:20 输入框输入dnaId及点击搜索完成
2018-08-30 15:57:20 >>>>1
2018-08-30 15:57:20 >>>>>>>>步骤：打开DNA方案...
2018-08-30 15:57:20 >>>>2
2018-08-30 15:57:20 存在DNA方案...
2018-08-30 15:57:21 >>>>3
2018-08-30 15:57:21 打开DNA方案完成！
2018-08-30 15:57:22 >>>>>>>>步骤：清空房屋...
2018-08-30 15:57:22 点击清空...
2018-08-30 15:57:24 确定清空！
2018-08-30 15:57:28 全屋布局在加载中。。。
2018-08-30 15:57:29 清空完成
2018-08-30 15:57:29 >>>>>>>>步骤：全屋自动布局.....
2018-08-30 15:57:29 存在全屋自动布局按钮.....
2018-08-30 15:58:08 >>>>>>>>步骤：清空房屋...
2018-08-30 15:58:08 点击清空...
2018-08-30 15:58:10 确定清空！
2018-08-30 15:58:14 全屋布局在加载中。。。
2018-08-30 15:58:15 清空完成
2018-08-30 15:58:17 >>>>>>>>步骤：全屋自动布局Z.....
2018-08-30 15:58:17 存在全屋自动布局Z按钮.....
2018-08-30 15:58:29 全屋布局Z在加载中。。。
2018-08-30 15:58:31 全屋布局Z在加载中。。。
2018-08-30 15:58:33 正在全屋布局Z中.....
2018-08-30 15:58:33 全屋自动布局Z完成
2018-08-30 15:59:08 >>>>>>>>步骤：返回DNA首页.....
2018-08-30 15:59:13 返回DNA首页完成.....
2018-08-30 15:59:13 总共执行了：1 次
2018-08-30 15:59:13 
------------------------------ solutionId:17355, dna_id:13536 ------------------------------
2018-08-30 15:59:15 输入框输入dnaId及点击搜索完成
2018-08-30 15:59:15 >>>>1
2018-08-30 15:59:15 >>>>>>>>步骤：打开DNA方案...
2018-08-30 15:59:16 >>>>2
2018-08-30 15:59:16 存在DNA方案...
2018-08-30 15:59:17 >>>>3
2018-08-30 15:59:17 打开DNA方案完成！
2018-08-30 15:59:17 >>>>>>>>步骤：清空房屋...
2018-08-30 15:59:17 点击清空...
2018-08-30 15:59:19 确定清空！
2018-08-30 15:59:24 全屋布局在加载中。。。
2018-08-30 15:59:25 清空完成
2018-08-30 15:59:26 >>>>>>>>步骤：全屋自动布局.....
2018-08-30 15:59:26 存在全屋自动布局按钮.....
2018-08-30 16:00:05 >>>>>>>>步骤：清空房屋...
2018-08-30 16:00:06 点击清空...
2018-08-30 16:00:08 确定清空！
2018-08-30 16:00:11 全屋布局在加载中。。。
2018-08-30 16:00:12 清空完成
2018-08-30 16:00:14 >>>>>>>>步骤：全屋自动布局Z.....
2018-08-30 16:00:15 存在全屋自动布局Z按钮.....
2018-08-30 16:00:26 全屋布局Z在加载中。。。
2018-08-30 16:00:28 正在全屋布局Z中.....
2018-08-30 16:00:28 全屋自动布局Z完成
2018-08-30 16:01:04 >>>>>>>>步骤：返回DNA首页.....
2018-08-30 16:01:09 返回DNA首页完成.....
2018-08-30 16:01:09 总共执行了：2 次
2018-08-30 16:01:12 

========================= solutionId:17376 =========================
2018-08-30 16:01:12 >>>>>>>>步骤：点击产品方案
2018-08-30 16:01:14 >>>>>>>>步骤：开始检查solutionId是否存在....
2018-08-30 16:01:18 方案id存在了！！！！！！！！！！！
2018-08-30 16:01:22 输入框输入dnaId及点击搜索完成
2018-08-30 16:03:45 

solutionIds：['17355', '17376']
2018-08-30 16:03:45 dnaSolutionIds：['14194', '13536']
2018-08-30 16:03:45 开始时间：2018-08-30 16:03:45
2018-08-30 16:04:13 

========================= solutionId:17355 =========================
2018-08-30 16:04:13 >>>>>>>>步骤：点击产品方案
2018-08-30 16:04:15 >>>>>>>>步骤：开始检查solutionId是否存在....
2018-08-30 16:04:18 方案id存在了！！！！！！！！！！！
2018-08-30 16:04:22 输入框输入dnaId及点击搜索完成
2018-08-30 16:04:26 solutionId存在
2018-08-30 16:04:26 >>>>>>>>步骤：下载或者打开产品方案....
2018-08-30 16:04:28 首页已存在下载好的方案，开始打开方案....
2018-08-30 16:04:28 打开方案未完成，还在打开中.....
2018-08-30 16:04:30 打开方案完成.....
2018-08-30 16:04:30 >>>>>>>>步骤：进入dna方案
2018-08-30 16:04:32 >>>>>>>>步骤：点击DNA
2018-08-30 16:04:32 点击DNA结束
2018-08-30 16:04:33 >>>>>>>>步骤：下拉框选择方案Id
2018-08-30 16:04:33 页面显示方案名称，开始选择方案id
2018-08-30 16:04:35 
------------------------------ solutionId:17355, dna_id:14194 ------------------------------
2018-08-30 16:04:36 输入框输入dnaId及点击搜索完成
2018-08-30 16:04:37 >>>>1
2018-08-30 16:04:37 >>>>>>>>步骤：打开DNA方案...
2018-08-30 16:04:37 >>>>2
2018-08-30 16:04:37 存在DNA方案...
2018-08-30 16:04:38 >>>>3
2018-08-30 16:04:38 打开DNA方案完成！
2018-08-30 16:04:38 >>>>>>>>步骤：清空房屋...
2018-08-30 16:04:39 点击清空...
2018-08-30 16:04:41 确定清空！
2018-08-30 16:04:44 全屋布局在加载中。。。
2018-08-30 16:04:45 清空完成
2018-08-30 16:04:46 >>>>>>>>步骤：全屋自动布局.....
2018-08-30 16:04:46 存在全屋自动布局按钮.....
2018-08-30 16:06:03 >>>>>>>>步骤：清空房屋...
2018-08-30 16:06:08 全屋布局在加载中。。。
2018-08-30 16:06:10 全屋布局在加载中。。。
2018-08-30 16:06:13 全屋布局在加载中。。。
2018-08-30 16:06:15 全屋布局在加载中。。。
2018-08-30 16:06:17 全屋布局在加载中。。。
2018-08-30 16:06:19 全屋布局在加载中。。。
2018-08-30 16:06:21 全屋布局在加载中。。。
2018-08-30 16:06:24 全屋布局在加载中。。。
2018-08-30 16:06:26 全屋布局在加载中。。。
2018-08-30 16:06:28 全屋布局在加载中。。。
2018-08-30 16:06:30 全屋布局在加载中。。。
2018-08-30 16:06:33 全屋布局在加载中。。。
2018-08-30 16:06:35 全屋布局在加载中。。。
2018-08-30 16:06:37 全屋布局在加载中。。。
2018-08-30 16:06:39 全屋布局在加载中。。。
2018-08-30 16:06:41 全屋布局在加载中。。。
2018-08-30 16:06:44 全屋布局在加载中。。。
2018-08-30 16:06:46 全屋布局在加载中。。。
2018-08-30 16:06:48 全屋布局在加载中。。。
2018-08-30 16:06:50 全屋布局在加载中。。。
2018-08-30 16:06:52 全屋布局在加载中。。。
2018-08-30 16:06:55 全屋布局在加载中。。。
2018-08-30 16:06:57 全屋布局在加载中。。。
2018-08-30 16:06:59 全屋布局在加载中。。。
2018-08-30 16:07:01 全屋布局在加载中。。。
2018-08-30 16:07:04 全屋布局在加载中。。。
2018-08-30 16:07:06 全屋布局在加载中。。。
2018-08-30 16:07:08 全屋布局在加载中。。。
2018-08-30 16:07:10 全屋布局在加载中。。。
2018-08-30 16:07:12 全屋布局在加载中。。。
2018-08-30 16:07:15 全屋布局在加载中。。。
2018-08-30 16:07:16 清空时间过长，已取消加载。。。
2018-08-30 16:07:27 >>>>>>>>步骤：全屋自动布局Z.....
2018-08-30 16:07:28 没有全屋自动布局Z按钮，请检查.....
2018-08-30 16:07:30 没有全屋自动布局Z按钮，请检查.....
2018-08-30 16:07:32 没有全屋自动布局Z按钮，请检查.....
2018-08-30 16:07:34 存在全屋自动布局Z按钮.....
2018-08-30 16:07:46 全屋布局Z在加载中。。。
2018-08-30 16:07:47 正在全屋布局Z中.....
2018-08-30 16:07:48 全屋自动布局Z完成
2018-08-30 16:09:18 >>>>>>>>步骤：返回DNA首页.....
2018-08-30 16:09:20 返回DNA首页完成.....
2018-08-30 16:09:27 

solutionIds：['17355', '17376']
2018-08-30 16:09:27 dnaSolutionIds：['14194', '13536']
2018-08-30 16:09:27 开始时间：2018-08-30 16:09:27
2018-08-30 16:09:29 

========================= solutionId:17355 =========================
2018-08-30 16:09:29 >>>>>>>>步骤：点击产品方案
2018-08-30 16:09:31 >>>>>>>>步骤：开始检查solutionId是否存在....
2018-08-30 16:09:31 下拉框----方案id已经存在了
2018-08-30 16:09:54 总共执行了：1 次
2018-08-30 16:09:59 
------------------------------ solutionId:17355, dna_id:13536 ------------------------------
2018-08-30 16:10:03 在进入产品方案下有异常,solutionId：17355，报错信息：Traceback (most recent call last):
  File "D:/python-workspace/layoutRoom_7.5/run/run_layout_all_room.py", line 117, in layoutWholeRoom
    if not appaj.check_solutionId_exist(myappwindow, pic_solutionName, pic_solutionId, solutionId):
  File "D:\python-workspace\layoutRoom_7.5\aijia\appaj.py", line 599, in check_solutionId_exist
    search(appwindow, searchbutton=searchbuttonpic, text=programmetext, xoffset=-100)
  File "D:\python-workspace\layoutRoom_7.5\aijia\appaj.py", line 153, in search
    search_match = matchimg(picturename, searchbutton)
  File "D:\python-workspace\layoutRoom_7.5\lib\public.py", line 109, in matchimg
    match_result = ac.find_template(imsrc, imobj, confidence)
  File "C:\Users\Administrator\AppData\Local\Programs\Python\Python37\lib\site-packages\aircv\__init__.py", line 95, in find_template
    result = find_all_template(im_source, im_search, threshold, 1, rgb, bgremove)
  File "C:\Users\Administrator\AppData\Local\Programs\Python\Python37\lib\site-packages\aircv\__init__.py", line 129, in find_all_template
    i_gray = cv2.cvtColor(im_source, cv2.COLOR_BGR2GRAY)
cv2.error: OpenCV(3.4.2) c:\projects\opencv-python\opencv\modules\imgproc\src\color.hpp:253: error: (-215:Assertion failed) VScn::contains(scn) && VDcn::contains(dcn) && VDepth::contains(depth) in function 'cv::CvtHelper<struct cv::Set<3,4,-1>,struct cv::Set<1,-1,-1>,struct cv::Set<0,2,5>,2>::CvtHelper'


2018-08-30 16:10:03 solutionIds剩下：['17355', '17376']
2018-08-30 16:10:04 输入框输入dnaId及点击搜索完成
2018-08-30 16:10:05 >>>>1
2018-08-30 16:10:05 >>>>>>>>步骤：打开DNA方案...
2018-08-30 16:10:07 >>>>3
2018-08-30 16:10:07 不存在DNA方案...
2018-08-30 16:10:08 >>>>>>>>步骤：清空房屋...
2018-08-30 16:10:08 点击清空...
2018-08-30 16:10:13 已杀掉DR的进程！
2018-08-30 16:10:14 全屋自动布局过程中有异常,dnsSolutionId：13536，报错信息：Traceback (most recent call last):
  File "C:\Users\Administrator\AppData\Local\Programs\Python\Python37\lib\site-packages\pywinauto\application.py", line 246, in __resolve_control
    criteria)
  File "C:\Users\Administrator\AppData\Local\Programs\Python\Python37\lib\site-packages\pywinauto\timings.py", line 453, in wait_until_passes
    raise err
pywinauto.timings.TimeoutError

During handling of the above exception, another exception occurred:

Traceback (most recent call last):
  File "D:/python-workspace/layoutRoom_7.5/run/run_layout_all_room.py", line 171, in layoutWholeRoom
    appaj.delete_all_of_room1(myappwindow)
  File "D:\python-workspace\layoutRoom_7.5\aijia\appaj.py", line 994, in delete_all_of_room1
    clickpic(appwindow, findpic=清空, xoffset=0, yoffset=0, timeout=2, checkfreq=1)
  File "D:\python-workspace\layoutRoom_7.5\aijia\appaj.py", line 215, in clickpic
    appwindow.click_input(coords=input_match)
  File "C:\Users\Administrator\AppData\Local\Programs\Python\Python37\lib\site-packages\pywinauto\application.py", line 368, in __getattribute__
    ctrls = self.__resolve_control(self.criteria)
  File "C:\Users\Administrator\AppData\Local\Programs\Python\Python37\lib\site-packages\pywinauto\application.py", line 249, in __resolve_control
    raise e.original_exception
  File "C:\Users\Administrator\AppData\Local\Programs\Python\Python37\lib\site-packages\pywinauto\timings.py", line 431, in wait_until_passes
    func_val = func(*args, **kwargs)
  File "C:\Users\Administrator\AppData\Local\Programs\Python\Python37\lib\site-packages\pywinauto\application.py", line 191, in __get_ctrl
    dialog = self.backend.generic_wrapper_class(findwindows.find_element(**criteria[0]))
  File "C:\Users\Administrator\AppData\Local\Programs\Python\Python37\lib\site-packages\pywinauto\findwindows.py", line 84, in find_element
    elements = find_elements(**kwargs)
  File "C:\Users\Administrator\AppData\Local\Programs\Python\Python37\lib\site-packages\pywinauto\findwindows.py", line 303, in find_elements
    elements = findbestmatch.find_best_control_matches(best_match, wrapped_elems)
  File "C:\Users\Administrator\AppData\Local\Programs\Python\Python37\lib\site-packages\pywinauto\findbestmatch.py", line 533, in find_best_control_matches
    raise MatchError(items = name_control_map.keys(), tofind = search_text)
pywinauto.findbestmatch.MatchError: Could not find 'ihome' in 'dict_keys([])'

2018-08-30 16:10:14 >>>>>>>>步骤：返回DNA首页.....
2018-08-30 16:10:19 整个过程中有异常,报错信息:Traceback (most recent call last):
  File "C:\Users\Administrator\AppData\Local\Programs\Python\Python37\lib\site-packages\pywinauto\application.py", line 246, in __resolve_control
    criteria)
  File "C:\Users\Administrator\AppData\Local\Programs\Python\Python37\lib\site-packages\pywinauto\timings.py", line 453, in wait_until_passes
    raise err
pywinauto.timings.TimeoutError

During handling of the above exception, another exception occurred:

Traceback (most recent call last):
  File "D:/python-workspace/layoutRoom_7.5/run/run_layout_all_room.py", line 212, in layoutWholeRoom
    appaj.return_dna(myappwindow)
  File "D:\python-workspace\layoutRoom_7.5\aijia\appaj.py", line 890, in return_dna
    if check(appwindow, findpic=pic_enter_dnaid, timeout=1):
  File "D:\python-workspace\layoutRoom_7.5\aijia\appaj.py", line 292, in check
    saveimage(appwindow, picturename)
  File "D:\python-workspace\layoutRoom_7.5\lib\public.py", line 140, in saveimage
    print(appwindow.rectangle())  # 获取应用图形矩阵
  File "C:\Users\Administrator\AppData\Local\Programs\Python\Python37\lib\site-packages\pywinauto\application.py", line 368, in __getattribute__
    ctrls = self.__resolve_control(self.criteria)
  File "C:\Users\Administrator\AppData\Local\Programs\Python\Python37\lib\site-packages\pywinauto\application.py", line 249, in __resolve_control
    raise e.original_exception
  File "C:\Users\Administrator\AppData\Local\Programs\Python\Python37\lib\site-packages\pywinauto\timings.py", line 431, in wait_until_passes
    func_val = func(*args, **kwargs)
  File "C:\Users\Administrator\AppData\Local\Programs\Python\Python37\lib\site-packages\pywinauto\application.py", line 191, in __get_ctrl
    dialog = self.backend.generic_wrapper_class(findwindows.find_element(**criteria[0]))
  File "C:\Users\Administrator\AppData\Local\Programs\Python\Python37\lib\site-packages\pywinauto\findwindows.py", line 84, in find_element
    elements = find_elements(**kwargs)
  File "C:\Users\Administrator\AppData\Local\Programs\Python\Python37\lib\site-packages\pywinauto\findwindows.py", line 303, in find_elements
    elements = findbestmatch.find_best_control_matches(best_match, wrapped_elems)
  File "C:\Users\Administrator\AppData\Local\Programs\Python\Python37\lib\site-packages\pywinauto\findbestmatch.py", line 533, in find_best_control_matches
    raise MatchError(items = name_control_map.keys(), tofind = search_text)
pywinauto.findbestmatch.MatchError: Could not find 'ihome' in 'dict_keys([])'

2018-08-30 16:10:19 dna_id长度是:1
2018-08-30 16:10:19 SolutionId下剩下的dna_id：['13536']
2018-08-30 16:10:19 solutionIds剩下：['17355', '17376']
2018-08-30 16:11:41 

solutionIds：['17355', '17376']
2018-08-30 16:11:41 dnaSolutionIds：['14194', '13536']
2018-08-30 16:11:41 开始时间：2018-08-30 16:11:41
2018-08-30 16:12:04 

========================= solutionId:17355 =========================
2018-08-30 16:12:04 >>>>>>>>步骤：点击产品方案
2018-08-30 16:12:05 >>>>>>>>步骤：开始检查solutionId是否存在....
2018-08-30 16:12:09 方案id存在了！！！！！！！！！！！
2018-08-30 16:12:13 输入框输入dnaId及点击搜索完成
2018-08-30 16:12:17 solutionId存在
2018-08-30 16:12:17 >>>>>>>>步骤：下载或者打开产品方案....
2018-08-30 16:12:19 首页已存在下载好的方案，开始打开方案....
2018-08-30 16:12:19 打开方案未完成，还在打开中.....
2018-08-30 16:12:20 打开方案未完成，还在打开中.....
2018-08-30 16:12:22 打开方案完成.....
2018-08-30 16:12:22 >>>>>>>>步骤：进入dna方案
2018-08-30 16:12:24 >>>>>>>>步骤：点击DNA
2018-08-30 16:12:25 点击DNA结束
2018-08-30 16:12:25 >>>>>>>>步骤：下拉框选择方案Id
2018-08-30 16:12:25 页面显示方案名称，开始选择方案id
2018-08-30 16:12:27 
------------------------------ solutionId:17355, dna_id:14194 ------------------------------
2018-08-30 16:12:28 输入框输入dnaId及点击搜索完成
2018-08-30 16:12:29 >>>>1
2018-08-30 16:12:29 >>>>>>>>步骤：打开DNA方案...
2018-08-30 16:12:29 >>>>2
2018-08-30 16:12:29 存在DNA方案...
2018-08-30 16:12:30 >>>>3
2018-08-30 16:12:30 打开DNA方案完成！
2018-08-30 16:12:30 >>>>>>>>步骤：清空房屋...
2018-08-30 16:12:31 点击清空...
2018-08-30 16:12:33 确定清空！
2018-08-30 16:12:36 全屋布局在加载中。。。
2018-08-30 16:12:37 清空完成
2018-08-30 16:12:37 >>>>>>>>步骤：全屋自动布局.....
2018-08-30 16:12:38 存在全屋自动布局按钮.....
2018-08-30 16:12:51 >>>>>>>>步骤：清空房屋...
2018-08-30 16:12:51 点击清空...
2018-08-30 16:12:53 确定清空！
2018-08-30 16:12:57 全屋布局在加载中。。。
2018-08-30 16:12:58 清空完成
2018-08-30 16:13:00 >>>>>>>>步骤：全屋自动布局Z.....
2018-08-30 16:13:00 存在全屋自动布局Z按钮.....
2018-08-30 16:13:12 全屋布局Z在加载中。。。
2018-08-30 16:13:14 正在全屋布局Z中.....
2018-08-30 16:13:14 全屋自动布局Z完成
2018-08-30 16:13:23 >>>>>>>>步骤：返回DNA首页.....
2018-08-30 16:13:29 返回DNA首页完成.....
2018-08-30 16:13:29 总共执行了：1 次
2018-08-30 16:13:29 
------------------------------ solutionId:17355, dna_id:13536 ------------------------------
2018-08-30 16:13:31 输入框输入dnaId及点击搜索完成
2018-08-30 16:13:31 >>>>1
2018-08-30 16:13:31 >>>>>>>>步骤：打开DNA方案...
2018-08-30 16:13:31 >>>>2
2018-08-30 16:13:31 存在DNA方案...
2018-08-30 16:13:33 >>>>3
2018-08-30 16:13:33 打开DNA方案完成！
2018-08-30 16:13:33 >>>>>>>>步骤：清空房屋...
2018-08-30 16:13:33 点击清空...
2018-08-30 16:13:36 确定清空！
2018-08-30 16:13:41 全屋布局在加载中。。。
2018-08-30 16:13:42 清空完成
2018-08-30 16:13:42 >>>>>>>>步骤：全屋自动布局.....
2018-08-30 16:13:43 存在全屋自动布局按钮.....
2018-08-30 16:16:01 

solutionIds：['17355', '17376']
2018-08-30 16:16:01 dnaSolutionIds：['14194', '13536']
2018-08-30 16:16:01 开始时间：2018-08-30 16:16:01
2018-08-30 16:16:21 

solutionIds：['17355', '17376']
2018-08-30 16:16:21 dnaSolutionIds：['14194', '13536']
2018-08-30 16:16:21 开始时间：2018-08-30 16:16:21
2018-08-30 16:16:44 

========================= solutionId:17355 =========================
2018-08-30 16:16:44 >>>>>>>>步骤：点击产品方案
2018-08-30 16:16:46 >>>>>>>>步骤：开始检查solutionId是否存在....
2018-08-30 16:16:50 方案id存在了！！！！！！！！！！！
2018-08-30 16:16:53 输入框输入dnaId及点击搜索完成
2018-08-30 16:16:57 solutionId存在
2018-08-30 16:16:57 >>>>>>>>步骤：下载或者打开产品方案....
2018-08-30 16:16:59 首页已存在下载好的方案，开始打开方案....
2018-08-30 16:16:59 打开方案未完成，还在打开中.....
2018-08-30 16:17:02 打开方案完成.....
2018-08-30 16:17:02 >>>>>>>>步骤：进入dna方案
2018-08-30 16:17:03 >>>>>>>>步骤：点击DNA
2018-08-30 16:17:04 点击DNA结束
2018-08-30 16:17:04 >>>>>>>>步骤：下拉框选择方案Id
2018-08-30 16:17:04 页面显示方案名称，开始选择方案id
2018-08-30 16:17:06 
------------------------------ solutionId:17355, dna_id:14194 ------------------------------
2018-08-30 16:17:07 输入框输入dnaId及点击搜索完成
2018-08-30 16:17:08 >>>>1
2018-08-30 16:17:08 >>>>>>>>步骤：打开DNA方案...
2018-08-30 16:17:08 >>>>2
2018-08-30 16:17:08 存在DNA方案...
2018-08-30 16:17:09 >>>>3
2018-08-30 16:17:09 打开DNA方案完成！
2018-08-30 16:17:09 >>>>>>>>步骤：清空房屋...
2018-08-30 16:17:10 点击清空...
2018-08-30 16:17:12 确定清空！
2018-08-30 16:17:15 全屋布局在加载中。。。
2018-08-30 16:17:16 清空完成
2018-08-30 16:17:16 >>>>>>>>步骤：全屋自动布局.....
2018-08-30 16:17:17 存在全屋自动布局按钮.....
2018-08-30 16:17:28 全屋自动布局过程中有异常,dnsSolutionId：14194，报错信息：Traceback (most recent call last):
  File "D:/python-workspace/layoutRoom_7.5/run/run_layout_all_room.py", line 177, in layoutWholeRoom
    'rb')
FileNotFoundError: [Errno 2] No such file or directory: 'F:/ihomefnt/DreamRoom/Database/WindowsNoEditor/ajdr/Saved/AI/queryLiFullHouseModelPointsReturn.txt'

2018-08-30 16:17:28 >>>>>>>>步骤：返回DNA首页.....
2018-08-30 16:17:33 返回DNA首页完成.....
2018-08-30 16:17:33 
------------------------------ solutionId:17355, dna_id:13536 ------------------------------
2018-08-30 16:17:35 输入框输入dnaId及点击搜索完成
2018-08-30 16:17:35 >>>>1
2018-08-30 16:17:35 >>>>>>>>步骤：打开DNA方案...
2018-08-30 16:17:35 >>>>2
2018-08-30 16:17:35 存在DNA方案...
2018-08-30 16:17:36 >>>>3
2018-08-30 16:17:36 打开DNA方案完成！
2018-08-30 16:17:37 >>>>>>>>步骤：清空房屋...
2018-08-30 16:17:37 点击清空...
2018-08-30 16:17:39 确定清空！
2018-08-30 16:17:43 全屋布局在加载中。。。
2018-08-30 16:17:44 清空完成
2018-08-30 16:17:44 >>>>>>>>步骤：全屋自动布局.....
2018-08-30 16:17:44 存在全屋自动布局按钮.....
2018-08-30 16:17:55 全屋自动布局过程中有异常,dnsSolutionId：13536，报错信息：Traceback (most recent call last):
  File "D:/python-workspace/layoutRoom_7.5/run/run_layout_all_room.py", line 177, in layoutWholeRoom
    'rb')
FileNotFoundError: [Errno 2] No such file or directory: 'F:/ihomefnt/DreamRoom/Database/WindowsNoEditor/ajdr/Saved/AI/queryLiFullHouseModelPointsReturn.txt'

2018-08-30 16:17:55 >>>>>>>>步骤：返回DNA首页.....
2018-08-30 16:18:01 返回DNA首页完成.....
2018-08-30 16:18:04 

========================= solutionId:17376 =========================
2018-08-30 16:18:04 >>>>>>>>步骤：点击产品方案
2018-08-30 16:18:05 >>>>>>>>步骤：开始检查solutionId是否存在....
2018-08-30 16:18:09 方案id存在了！！！！！！！！！！！
2018-08-30 16:18:13 输入框输入dnaId及点击搜索完成
2018-08-30 16:18:17 solutionId存在
2018-08-30 16:18:17 >>>>>>>>步骤：下载或者打开产品方案....
2018-08-30 16:18:19 首页已存在下载好的方案，开始打开方案....
2018-08-30 16:18:19 打开方案未完成，还在打开中.....
2018-08-30 16:18:20 打开方案未完成，还在打开中.....
2018-08-30 16:18:21 打开方案未完成，还在打开中.....
2018-08-30 16:18:23 打开方案未完成，还在打开中.....
2018-08-30 16:18:24 打开方案未完成，还在打开中.....
2018-08-30 16:18:26 打开方案未完成，还在打开中.....
2018-08-30 16:18:28 打开方案完成.....
2018-08-30 16:18:28 >>>>>>>>步骤：进入dna方案
2018-08-30 16:18:29 >>>>>>>>步骤：点击DNA
2018-08-30 16:18:30 点击DNA结束
2018-08-30 16:18:30 >>>>>>>>步骤：下拉框选择方案Id
2018-08-30 16:18:31 页面显示方案名称，开始选择方案id
2018-08-30 16:18:32 
------------------------------ solutionId:17376, dna_id:14194 ------------------------------
2018-08-30 16:18:34 输入框输入dnaId及点击搜索完成
2018-08-30 16:18:34 >>>>1
2018-08-30 16:18:34 >>>>>>>>步骤：打开DNA方案...
2018-08-30 16:18:35 >>>>2
2018-08-30 16:18:35 存在DNA方案...
2018-08-30 16:18:36 >>>>3
2018-08-30 16:18:36 打开DNA方案完成！
2018-08-30 16:18:36 >>>>>>>>步骤：清空房屋...
2018-08-30 16:18:36 点击清空...
2018-08-30 16:18:38 确定清空！
2018-08-30 16:18:46 清空发生异常,异常信息：Traceback (most recent call last):
  File "C:\Users\Administrator\AppData\Local\Programs\Python\Python37\lib\site-packages\pywinauto\application.py", line 246, in __resolve_control
    criteria)
  File "C:\Users\Administrator\AppData\Local\Programs\Python\Python37\lib\site-packages\pywinauto\timings.py", line 453, in wait_until_passes
    raise err
pywinauto.timings.TimeoutError

During handling of the above exception, another exception occurred:

Traceback (most recent call last):
  File "D:\python-workspace\layoutRoom_7.5\aijia\appaj.py", line 1007, in delete_all_of_room1
    if check(appwindow, findpic=清空完成, timeout=1, confidence=0.8):
  File "D:\python-workspace\layoutRoom_7.5\aijia\appaj.py", line 292, in check
    saveimage(appwindow, picturename)
  File "D:\python-workspace\layoutRoom_7.5\lib\public.py", line 140, in saveimage
    print(appwindow.rectangle())  # 获取应用图形矩阵
  File "C:\Users\Administrator\AppData\Local\Programs\Python\Python37\lib\site-packages\pywinauto\application.py", line 368, in __getattribute__
    ctrls = self.__resolve_control(self.criteria)
  File "C:\Users\Administrator\AppData\Local\Programs\Python\Python37\lib\site-packages\pywinauto\application.py", line 249, in __resolve_control
    raise e.original_exception
  File "C:\Users\Administrator\AppData\Local\Programs\Python\Python37\lib\site-packages\pywinauto\timings.py", line 431, in wait_until_passes
    func_val = func(*args, **kwargs)
  File "C:\Users\Administrator\AppData\Local\Programs\Python\Python37\lib\site-packages\pywinauto\application.py", line 191, in __get_ctrl
    dialog = self.backend.generic_wrapper_class(findwindows.find_element(**criteria[0]))
  File "C:\Users\Administrator\AppData\Local\Programs\Python\Python37\lib\site-packages\pywinauto\findwindows.py", line 84, in find_element
    elements = find_elements(**kwargs)
  File "C:\Users\Administrator\AppData\Local\Programs\Python\Python37\lib\site-packages\pywinauto\findwindows.py", line 303, in find_elements
    elements = findbestmatch.find_best_control_matches(best_match, wrapped_elems)
  File "C:\Users\Administrator\AppData\Local\Programs\Python\Python37\lib\site-packages\pywinauto\findbestmatch.py", line 533, in find_best_control_matches
    raise MatchError(items = name_control_map.keys(), tofind = search_text)
pywinauto.findbestmatch.MatchError: Could not find 'ihome' in 'dict_keys(['', 'UnrealWindow'])'

2018-08-30 16:18:49 >>>>>>>>步骤：全屋自动布局.....
2018-08-30 16:18:55 存在全屋自动布局按钮.....
2018-08-30 16:19:04 正在全屋布局中.....
2018-08-30 16:19:04 全屋自动布局完成
2018-08-30 16:19:11 全屋自动布局过程中有异常,dnsSolutionId：14194，报错信息：Traceback (most recent call last):
  File "D:/python-workspace/layoutRoom_7.5/run/run_layout_all_room.py", line 177, in layoutWholeRoom
    'rb')
FileNotFoundError: [Errno 2] No such file or directory: 'F:/ihomefnt/DreamRoom/Database/WindowsNoEditor/ajdr/Saved/AI/queryLiFullHouseModelPointsReturn.txt'

2018-08-30 16:19:11 >>>>>>>>步骤：返回DNA首页.....
2018-08-30 16:19:17 返回DNA首页完成.....
2018-08-30 16:19:17 
------------------------------ solutionId:17376, dna_id:13536 ------------------------------
2018-08-30 16:19:19 输入框输入dnaId及点击搜索完成
2018-08-30 16:19:19 >>>>1
2018-08-30 16:19:19 >>>>>>>>步骤：打开DNA方案...
2018-08-30 16:19:19 >>>>2
2018-08-30 16:19:19 存在DNA方案...
2018-08-30 16:19:20 >>>>3
2018-08-30 16:19:20 打开DNA方案完成！
2018-08-30 16:19:20 >>>>>>>>步骤：清空房屋...
2018-08-30 16:19:21 点击清空...
2018-08-30 16:19:23 确定清空！
2018-08-30 16:19:26 全屋布局在加载中。。。
2018-08-30 16:19:28 清空完成
2018-08-30 16:19:28 >>>>>>>>步骤：全屋自动布局.....
2018-08-30 16:19:28 存在全屋自动布局按钮.....
2018-08-30 16:19:39 全屋自动布局过程中有异常,dnsSolutionId：13536，报错信息：Traceback (most recent call last):
  File "D:/python-workspace/layoutRoom_7.5/run/run_layout_all_room.py", line 177, in layoutWholeRoom
    'rb')
FileNotFoundError: [Errno 2] No such file or directory: 'F:/ihomefnt/DreamRoom/Database/WindowsNoEditor/ajdr/Saved/AI/queryLiFullHouseModelPointsReturn.txt'

2018-08-30 16:19:39 >>>>>>>>步骤：返回DNA首页.....
2018-08-30 16:19:45 返回DNA首页完成.....
2018-08-30 16:30:03 

solutionIds：['17355', '17376']
2018-08-30 16:30:03 dnaSolutionIds：['14194', '13536']
2018-08-30 16:30:03 开始时间：2018-08-30 16:30:03
2018-08-30 16:30:32 

========================= solutionId:17355 =========================
2018-08-30 16:30:32 >>>>>>>>步骤：点击产品方案
2018-08-30 16:30:34 >>>>>>>>步骤：开始检查solutionId是否存在....
2018-08-30 16:30:37 方案id存在了！！！！！！！！！！！
2018-08-30 16:30:41 输入框输入dnaId及点击搜索完成
2018-08-30 16:30:45 solutionId存在
2018-08-30 16:30:45 >>>>>>>>步骤：下载或者打开产品方案....
2018-08-30 16:30:47 首页已存在下载好的方案，开始打开方案....
2018-08-30 16:30:47 打开方案未完成，还在打开中.....
2018-08-30 16:30:48 打开方案未完成，还在打开中.....
2018-08-30 16:30:51 打开方案完成.....
2018-08-30 16:30:51 >>>>>>>>步骤：进入dna方案
2018-08-30 16:30:52 >>>>>>>>步骤：点击DNA
2018-08-30 16:30:53 点击DNA结束
2018-08-30 16:30:53 >>>>>>>>步骤：下拉框选择方案Id
2018-08-30 16:30:53 页面显示方案名称，开始选择方案id
2018-08-30 16:30:55 
------------------------------ solutionId:17355, dna_id:14194 ------------------------------
2018-08-30 16:30:56 输入框输入dnaId及点击搜索完成
2018-08-30 16:30:57 >>>>1
2018-08-30 16:30:57 >>>>>>>>步骤：打开DNA方案...
2018-08-30 16:30:57 >>>>2
2018-08-30 16:30:57 存在DNA方案...
2018-08-30 16:30:58 >>>>3
2018-08-30 16:30:58 打开DNA方案完成！
2018-08-30 16:30:58 >>>>>>>>步骤：清空房屋...
2018-08-30 16:30:59 点击清空...
2018-08-30 16:31:01 确定清空！
2018-08-30 16:31:04 全屋布局在加载中。。。
2018-08-30 16:31:05 清空完成
2018-08-30 16:31:06 >>>>>>>>步骤：全屋自动布局.....
2018-08-30 16:31:06 存在全屋自动布局按钮.....
2018-08-30 16:31:17 全屋自动布局过程中有异常,dnsSolutionId：14194，报错信息：Traceback (most recent call last):
  File "D:/python-workspace/layoutRoom_7.5/run/run_layout_all_room.py", line 203, in layoutWholeRoom
    saveQuery(L)
NameError: name 'L' is not defined

2018-08-30 16:31:17 >>>>>>>>步骤：返回DNA首页.....
2018-08-30 16:31:22 返回DNA首页完成.....
2018-08-30 16:31:22 
------------------------------ solutionId:17355, dna_id:13536 ------------------------------
2018-08-30 16:31:24 输入框输入dnaId及点击搜索完成
2018-08-30 16:31:24 >>>>1
2018-08-30 16:31:24 >>>>>>>>步骤：打开DNA方案...
2018-08-30 16:31:24 >>>>2
2018-08-30 16:31:24 存在DNA方案...
2018-08-30 16:31:25 >>>>3
2018-08-30 16:31:25 打开DNA方案完成！
2018-08-30 16:31:26 >>>>>>>>步骤：清空房屋...
2018-08-30 16:31:26 点击清空...
2018-08-30 16:31:28 确定清空！
2018-08-30 16:31:32 全屋布局在加载中。。。
2018-08-30 16:31:33 清空完成
2018-08-30 16:31:33 >>>>>>>>步骤：全屋自动布局.....
2018-08-30 16:31:33 存在全屋自动布局按钮.....
2018-08-30 16:31:44 全屋自动布局过程中有异常,dnsSolutionId：13536，报错信息：Traceback (most recent call last):
  File "D:/python-workspace/layoutRoom_7.5/run/run_layout_all_room.py", line 203, in layoutWholeRoom
    saveQuery(L)
NameError: name 'L' is not defined

2018-08-30 16:31:44 >>>>>>>>步骤：返回DNA首页.....
2018-08-30 16:31:50 返回DNA首页完成.....
2018-08-30 16:31:53 

========================= solutionId:17376 =========================
2018-08-30 16:31:53 >>>>>>>>步骤：点击产品方案
2018-08-30 16:31:55 >>>>>>>>步骤：开始检查solutionId是否存在....
2018-08-30 16:31:58 方案id存在了！！！！！！！！！！！
2018-08-30 16:32:02 输入框输入dnaId及点击搜索完成
2018-08-30 16:32:06 solutionId存在
2018-08-30 16:32:06 >>>>>>>>步骤：下载或者打开产品方案....
2018-08-30 16:32:08 首页已存在下载好的方案，开始打开方案....
2018-08-30 16:32:08 打开方案未完成，还在打开中.....
2018-08-30 16:32:09 打开方案未完成，还在打开中.....
2018-08-30 16:32:11 打开方案未完成，还在打开中.....
2018-08-30 16:32:12 打开方案未完成，还在打开中.....
2018-08-30 16:32:13 打开方案未完成，还在打开中.....
2018-08-30 16:32:15 打开方案未完成，还在打开中.....
2018-08-30 16:32:17 打开方案完成.....
2018-08-30 16:32:17 >>>>>>>>步骤：进入dna方案
2018-08-30 16:32:19 >>>>>>>>步骤：点击DNA
2018-08-30 16:32:20 点击DNA结束
2018-08-30 16:32:20 >>>>>>>>步骤：下拉框选择方案Id
2018-08-30 16:32:20 页面显示方案名称，开始选择方案id
2018-08-30 16:32:22 
------------------------------ solutionId:17376, dna_id:14194 ------------------------------
2018-08-30 16:32:23 输入框输入dnaId及点击搜索完成
2018-08-30 16:32:24 >>>>1
2018-08-30 16:32:24 >>>>>>>>步骤：打开DNA方案...
2018-08-30 16:32:24 >>>>2
2018-08-30 16:32:24 存在DNA方案...
2018-08-30 16:32:25 >>>>3
2018-08-30 16:32:25 打开DNA方案完成！
2018-08-30 16:32:25 >>>>>>>>步骤：清空房屋...
2018-08-30 16:32:26 点击清空...
2018-08-30 16:32:28 确定清空！
2018-08-30 16:32:35 清空发生异常,异常信息：Traceback (most recent call last):
  File "C:\Users\Administrator\AppData\Local\Programs\Python\Python37\lib\site-packages\pywinauto\application.py", line 246, in __resolve_control
    criteria)
  File "C:\Users\Administrator\AppData\Local\Programs\Python\Python37\lib\site-packages\pywinauto\timings.py", line 453, in wait_until_passes
    raise err
pywinauto.timings.TimeoutError

During handling of the above exception, another exception occurred:

Traceback (most recent call last):
  File "D:\python-workspace\layoutRoom_7.5\aijia\appaj.py", line 1007, in delete_all_of_room1
    if check(appwindow, findpic=清空完成, timeout=1, confidence=0.8):
  File "D:\python-workspace\layoutRoom_7.5\aijia\appaj.py", line 292, in check
    saveimage(appwindow, picturename)
  File "D:\python-workspace\layoutRoom_7.5\lib\public.py", line 140, in saveimage
    print(appwindow.rectangle())  # 获取应用图形矩阵
  File "C:\Users\Administrator\AppData\Local\Programs\Python\Python37\lib\site-packages\pywinauto\application.py", line 368, in __getattribute__
    ctrls = self.__resolve_control(self.criteria)
  File "C:\Users\Administrator\AppData\Local\Programs\Python\Python37\lib\site-packages\pywinauto\application.py", line 249, in __resolve_control
    raise e.original_exception
  File "C:\Users\Administrator\AppData\Local\Programs\Python\Python37\lib\site-packages\pywinauto\timings.py", line 431, in wait_until_passes
    func_val = func(*args, **kwargs)
  File "C:\Users\Administrator\AppData\Local\Programs\Python\Python37\lib\site-packages\pywinauto\application.py", line 191, in __get_ctrl
    dialog = self.backend.generic_wrapper_class(findwindows.find_element(**criteria[0]))
  File "C:\Users\Administrator\AppData\Local\Programs\Python\Python37\lib\site-packages\pywinauto\findwindows.py", line 84, in find_element
    elements = find_elements(**kwargs)
  File "C:\Users\Administrator\AppData\Local\Programs\Python\Python37\lib\site-packages\pywinauto\findwindows.py", line 303, in find_elements
    elements = findbestmatch.find_best_control_matches(best_match, wrapped_elems)
  File "C:\Users\Administrator\AppData\Local\Programs\Python\Python37\lib\site-packages\pywinauto\findbestmatch.py", line 533, in find_best_control_matches
    raise MatchError(items = name_control_map.keys(), tofind = search_text)
pywinauto.findbestmatch.MatchError: Could not find 'ihome' in 'dict_keys(['', 'UnrealWindow'])'

2018-08-30 16:32:38 >>>>>>>>步骤：全屋自动布局.....
2018-08-30 16:32:44 存在全屋自动布局按钮.....
2018-08-30 16:32:54 正在全屋布局中.....
2018-08-30 16:32:54 全屋自动布局完成
2018-08-30 16:33:01 全屋自动布局过程中有异常,dnsSolutionId：14194，报错信息：Traceback (most recent call last):
  File "D:/python-workspace/layoutRoom_7.5/run/run_layout_all_room.py", line 203, in layoutWholeRoom
    saveQuery(L)
NameError: name 'L' is not defined

2018-08-30 16:33:01 >>>>>>>>步骤：返回DNA首页.....
2018-08-30 16:33:06 返回DNA首页完成.....
2018-08-30 16:33:06 
------------------------------ solutionId:17376, dna_id:13536 ------------------------------
2018-08-30 16:33:08 输入框输入dnaId及点击搜索完成
2018-08-30 16:33:08 >>>>1
2018-08-30 16:33:08 >>>>>>>>步骤：打开DNA方案...
2018-08-30 16:33:09 >>>>2
2018-08-30 16:33:09 存在DNA方案...
2018-08-30 16:33:09 >>>>3
2018-08-30 16:33:09 打开DNA方案完成！
2018-08-30 16:33:10 >>>>>>>>步骤：清空房屋...
2018-08-30 16:33:10 点击清空...
2018-08-30 16:33:12 确定清空！
2018-08-30 16:33:16 全屋布局在加载中。。。
2018-08-30 16:33:17 清空完成
2018-08-30 16:33:17 >>>>>>>>步骤：全屋自动布局.....
2018-08-30 16:33:18 存在全屋自动布局按钮.....
2018-08-30 16:33:28 全屋自动布局过程中有异常,dnsSolutionId：13536，报错信息：Traceback (most recent call last):
  File "D:/python-workspace/layoutRoom_7.5/run/run_layout_all_room.py", line 203, in layoutWholeRoom
    saveQuery(L)
NameError: name 'L' is not defined

2018-08-30 16:33:28 >>>>>>>>步骤：返回DNA首页.....
2018-08-30 16:33:34 返回DNA首页完成.....
2018-08-30 16:36:44 

solutionIds：['17355', '17376']
2018-08-30 16:36:44 dnaSolutionIds：['14194', '13536']
2018-08-30 16:36:44 开始时间：2018-08-30 16:36:44
2018-08-30 16:36:46 

========================= solutionId:17355 =========================
2018-08-30 16:36:46 >>>>>>>>步骤：点击产品方案
2018-08-30 16:36:47 >>>>>>>>步骤：开始检查solutionId是否存在....
2018-08-30 16:36:51 方案id存在了！！！！！！！！！！！
2018-08-30 16:36:55 输入框输入dnaId及点击搜索完成
2018-08-30 16:36:59 solutionId存在
2018-08-30 16:36:59 >>>>>>>>步骤：下载或者打开产品方案....
2018-08-30 16:37:01 首页已存在下载好的方案，开始打开方案....
2018-08-30 16:37:01 打开方案未完成，还在打开中.....
2018-08-30 16:37:03 打开方案完成.....
2018-08-30 16:37:03 >>>>>>>>步骤：进入dna方案
2018-08-30 16:37:05 >>>>>>>>步骤：点击DNA
2018-08-30 16:37:05 点击DNA结束
2018-08-30 16:37:06 >>>>>>>>步骤：下拉框选择方案Id
2018-08-30 16:37:06 页面显示方案名称，开始选择方案id
2018-08-30 16:37:08 
------------------------------ solutionId:17355, dna_id:14194 ------------------------------
2018-08-30 16:37:09 输入框输入dnaId及点击搜索完成
2018-08-30 16:37:10 >>>>1
2018-08-30 16:37:10 >>>>>>>>步骤：打开DNA方案...
2018-08-30 16:37:10 >>>>2
2018-08-30 16:37:10 存在DNA方案...
2018-08-30 16:37:11 >>>>3
2018-08-30 16:37:11 打开DNA方案完成！
2018-08-30 16:37:11 >>>>>>>>步骤：清空房屋...
2018-08-30 16:37:11 点击清空...
2018-08-30 16:37:13 确定清空！
2018-08-30 16:37:16 清空完成
2018-08-30 16:37:16 >>>>>>>>步骤：全屋自动布局.....
2018-08-30 16:37:18 存在全屋自动布局按钮.....
2018-08-30 16:37:27 正在全屋布局中.....
2018-08-30 16:37:27 全屋自动布局完成
2018-08-30 16:37:36 >>>>>>>>步骤：清空房屋...
2018-08-30 16:37:37 点击清空...
2018-08-30 16:37:39 确定清空！
2018-08-30 16:37:41 清空完成
2018-08-30 16:37:44 >>>>>>>>步骤：全屋自动布局Z.....
2018-08-30 16:37:44 存在全屋自动布局Z按钮.....
2018-08-30 16:37:49 全屋自动布局Z发生异常,异常信息：Traceback (most recent call last):
  File "D:\python-workspace\layoutRoom_7.5\aijia\appaj.py", line 1194, in click_layoutWholeRoomZ
    coords = getpiccoords(appwindow, findpic=全屋自动布局, xoffset=0, yoffset=-6)
  File "D:\python-workspace\layoutRoom_7.5\aijia\appaj.py", line 187, in getpiccoords
    saveimage(appwindow, picturename)
  File "D:\python-workspace\layoutRoom_7.5\lib\public.py", line 148, in saveimage
    img = ImageGrab.grab(bbox)
  File "C:\Users\Administrator\AppData\Local\Programs\Python\Python37\lib\site-packages\PIL\ImageGrab.py", line 48, in grab
    im = im.crop(bbox)
  File "C:\Users\Administrator\AppData\Local\Programs\Python\Python37\lib\site-packages\PIL\Image.py", line 1091, in crop
    return self._new(self._crop(self.im, box))
  File "C:\Users\Administrator\AppData\Local\Programs\Python\Python37\lib\site-packages\PIL\Image.py", line 1112, in _crop
    _decompression_bomb_check((x1, y1))
  File "C:\Users\Administrator\AppData\Local\Programs\Python\Python37\lib\site-packages\PIL\Image.py", line 2539, in _decompression_bomb_check
    (pixels, 2 * MAX_IMAGE_PIXELS))
PIL.Image.DecompressionBombError: Image size (1017988480 pixels) exceeds limit of 178956970 pixels, could be decompression bomb DOS attack.

2018-08-30 16:37:56 >>>>>>>>步骤：返回DNA首页.....
2018-08-30 16:38:02 返回DNA首页完成.....
2018-08-30 16:38:02 总共执行了：1 次
2018-08-30 16:38:02 
------------------------------ solutionId:17355, dna_id:13536 ------------------------------
2018-08-30 16:38:03 输入框输入dnaId及点击搜索完成
2018-08-30 16:38:04 >>>>1
2018-08-30 16:38:04 >>>>>>>>步骤：打开DNA方案...
2018-08-30 16:38:04 >>>>2
2018-08-30 16:38:04 存在DNA方案...
2018-08-30 16:38:05 >>>>3
2018-08-30 16:38:05 打开DNA方案完成！
2018-08-30 16:38:05 >>>>>>>>步骤：清空房屋...
2018-08-30 16:38:06 点击清空...
2018-08-30 16:38:08 确定清空！
2018-08-30 16:38:10 清空完成
2018-08-30 16:38:10 >>>>>>>>步骤：全屋自动布局.....
2018-08-30 16:38:12 存在全屋自动布局按钮.....
2018-08-30 16:38:21 正在全屋布局中.....
2018-08-30 16:38:22 全屋自动布局完成
2018-08-30 16:38:31 >>>>>>>>步骤：清空房屋...
2018-08-30 16:38:31 点击清空...
2018-08-30 16:38:33 确定清空！
2018-08-30 16:38:35 清空完成
2018-08-30 16:38:38 >>>>>>>>步骤：全屋自动布局Z.....
2018-08-30 16:38:38 存在全屋自动布局Z按钮.....
2018-08-30 16:38:50 全屋布局Z在加载中。。。
2018-08-30 16:38:51 正在全屋布局Z中.....
2018-08-30 16:38:51 全屋自动布局Z完成
2018-08-30 16:39:00 >>>>>>>>步骤：返回DNA首页.....
2018-08-30 16:39:06 返回DNA首页完成.....
2018-08-30 16:39:06 总共执行了：2 次
2018-08-30 16:39:09 

========================= solutionId:17376 =========================
2018-08-30 16:39:09 >>>>>>>>步骤：点击产品方案
2018-08-30 16:39:11 >>>>>>>>步骤：开始检查solutionId是否存在....
2018-08-30 16:39:14 方案id存在了！！！！！！！！！！！
2018-08-30 16:39:18 输入框输入dnaId及点击搜索完成
2018-08-30 16:39:22 solutionId存在
2018-08-30 16:39:22 >>>>>>>>步骤：下载或者打开产品方案....
2018-08-30 16:39:24 首页已存在下载好的方案，开始打开方案....
2018-08-30 16:39:24 打开方案未完成，还在打开中.....
2018-08-30 16:39:25 打开方案未完成，还在打开中.....
2018-08-30 16:39:27 打开方案未完成，还在打开中.....
2018-08-30 16:39:28 打开方案未完成，还在打开中.....
2018-08-30 16:39:29 打开方案未完成，还在打开中.....
2018-08-30 16:39:31 打开方案未完成，还在打开中.....
2018-08-30 16:39:33 打开方案完成.....
2018-08-30 16:39:33 >>>>>>>>步骤：进入dna方案
2018-08-30 16:39:35 >>>>>>>>步骤：点击DNA
2018-08-30 16:39:35 点击DNA结束
2018-08-30 16:39:36 >>>>>>>>步骤：下拉框选择方案Id
2018-08-30 16:39:36 页面显示方案名称，开始选择方案id
2018-08-30 16:39:39 
------------------------------ solutionId:17376, dna_id:14194 ------------------------------
2018-08-30 16:39:40 输入框输入dnaId及点击搜索完成
2018-08-30 16:39:41 >>>>1
2018-08-30 16:39:41 >>>>>>>>步骤：打开DNA方案...
2018-08-30 16:39:41 >>>>2
2018-08-30 16:39:41 存在DNA方案...
2018-08-30 16:39:42 >>>>3
2018-08-30 16:39:42 打开DNA方案完成！
2018-08-30 16:39:42 >>>>>>>>步骤：清空房屋...
2018-08-30 16:39:43 点击清空...
2018-08-30 16:39:45 确定清空！
2018-08-30 16:39:52 清空发生异常,异常信息：Traceback (most recent call last):
  File "C:\Users\Administrator\AppData\Local\Programs\Python\Python37\lib\site-packages\pywinauto\application.py", line 246, in __resolve_control
    criteria)
  File "C:\Users\Administrator\AppData\Local\Programs\Python\Python37\lib\site-packages\pywinauto\timings.py", line 453, in wait_until_passes
    raise err
pywinauto.timings.TimeoutError

During handling of the above exception, another exception occurred:

Traceback (most recent call last):
  File "D:\python-workspace\layoutRoom_7.5\aijia\appaj.py", line 1007, in delete_all_of_room1
    if check(appwindow, findpic=清空完成, timeout=1, confidence=0.8):
  File "D:\python-workspace\layoutRoom_7.5\aijia\appaj.py", line 292, in check
    saveimage(appwindow, picturename)
  File "D:\python-workspace\layoutRoom_7.5\lib\public.py", line 140, in saveimage
    print(appwindow.rectangle())  # 获取应用图形矩阵
  File "C:\Users\Administrator\AppData\Local\Programs\Python\Python37\lib\site-packages\pywinauto\application.py", line 368, in __getattribute__
    ctrls = self.__resolve_control(self.criteria)
  File "C:\Users\Administrator\AppData\Local\Programs\Python\Python37\lib\site-packages\pywinauto\application.py", line 249, in __resolve_control
    raise e.original_exception
  File "C:\Users\Administrator\AppData\Local\Programs\Python\Python37\lib\site-packages\pywinauto\timings.py", line 431, in wait_until_passes
    func_val = func(*args, **kwargs)
  File "C:\Users\Administrator\AppData\Local\Programs\Python\Python37\lib\site-packages\pywinauto\application.py", line 191, in __get_ctrl
    dialog = self.backend.generic_wrapper_class(findwindows.find_element(**criteria[0]))
  File "C:\Users\Administrator\AppData\Local\Programs\Python\Python37\lib\site-packages\pywinauto\findwindows.py", line 84, in find_element
    elements = find_elements(**kwargs)
  File "C:\Users\Administrator\AppData\Local\Programs\Python\Python37\lib\site-packages\pywinauto\findwindows.py", line 303, in find_elements
    elements = findbestmatch.find_best_control_matches(best_match, wrapped_elems)
  File "C:\Users\Administrator\AppData\Local\Programs\Python\Python37\lib\site-packages\pywinauto\findbestmatch.py", line 533, in find_best_control_matches
    raise MatchError(items = name_control_map.keys(), tofind = search_text)
pywinauto.findbestmatch.MatchError: Could not find 'ihome' in 'dict_keys(['', 'UnrealWindow'])'

2018-08-30 16:39:55 >>>>>>>>步骤：全屋自动布局.....
2018-08-30 16:40:01 存在全屋自动布局按钮.....
2018-08-30 16:40:11 正在全屋布局中.....
2018-08-30 16:40:11 全屋自动布局完成
2018-08-30 16:40:20 >>>>>>>>步骤：清空房屋...
2018-08-30 16:40:20 点击清空...
2018-08-30 16:40:22 确定清空！
2018-08-30 16:40:25 清空完成
2018-08-30 16:40:27 >>>>>>>>步骤：全屋自动布局Z.....
2018-08-30 16:40:27 存在全屋自动布局Z按钮.....
2018-08-30 16:40:38 正在全屋布局Z中.....
2018-08-30 16:40:38 全屋自动布局Z完成
2018-08-30 16:40:47 >>>>>>>>步骤：返回DNA首页.....
2018-08-30 16:40:53 返回DNA首页完成.....
2018-08-30 16:40:53 总共执行了：3 次
2018-08-30 16:40:53 
------------------------------ solutionId:17376, dna_id:13536 ------------------------------
2018-08-30 16:40:54 输入框输入dnaId及点击搜索完成
2018-08-30 16:40:55 >>>>1
2018-08-30 16:40:55 >>>>>>>>步骤：打开DNA方案...
2018-08-30 16:40:55 >>>>2
2018-08-30 16:40:55 存在DNA方案...
2018-08-30 16:40:56 >>>>3
2018-08-30 16:40:56 打开DNA方案完成！
2018-08-30 16:40:56 >>>>>>>>步骤：清空房屋...
2018-08-30 16:40:56 点击清空...
2018-08-30 16:40:58 确定清空！
2018-08-30 16:41:03 清空完成
2018-08-30 16:41:03 >>>>>>>>步骤：全屋自动布局.....
2018-08-30 16:41:06 存在全屋自动布局按钮.....
2018-08-30 16:41:15 正在全屋布局中.....
2018-08-30 16:41:16 全屋自动布局完成
2018-08-30 16:41:25 >>>>>>>>步骤：清空房屋...
2018-08-30 16:41:25 点击清空...
2018-08-30 16:41:27 确定清空！
2018-08-30 16:41:29 清空完成
2018-08-30 16:41:32 >>>>>>>>步骤：全屋自动布局Z.....
2018-08-30 16:41:32 存在全屋自动布局Z按钮.....
2018-08-30 16:41:43 正在全屋布局Z中.....
2018-08-30 16:41:43 全屋自动布局Z完成
2018-08-30 16:41:52 >>>>>>>>步骤：返回DNA首页.....
2018-08-30 16:41:57 返回DNA首页完成.....
2018-08-30 16:41:57 总共执行了：4 次
